#
# A fatal error has been detected by the Java Runtime Environment:
#
#  SIGSEGV (0xb) at pc=0x00007f59e03752a0, pid=352570, tid=352682
#
# JRE version: OpenJDK Runtime Environment Corretto-20.0.2.10.1 (20.0.2.1+10) (build 20.0.2.1+10-FR)
# Java VM: OpenJDK 64-Bit Server VM Corretto-20.0.2.10.1 (20.0.2.1+10-FR, mixed mode, sharing, tiered, compressed oops, compressed class ptrs, g1 gc, linux-amd64)
# Problematic frame:
# C  [libcrypto.so+0x1742a0]  encrypt+0x230
#
# Core dump will be written. Default location: Core dumps may be processed with "/usr/share/apport/apport -p%p -s%s -c%c -d%d -P%P -u%u -g%g -- %E" (or dumping to /home/sick/Documents/GitHub/Thesis/v2/WORG/core.352570)
#
# If you would like to submit a bug report, please visit:
#   https://github.com/corretto/corretto-20/issues/
# The crash happened outside the Java Virtual Machine in native code.
# See problematic frame for where to report the bug.
#

---------------  S U M M A R Y ------------

Command Line: -javaagent:/snap/intellij-idea-ultimate/470/lib/idea_rt.jar=39369:/snap/intellij-idea-ultimate/470/bin -Dfile.encoding=UTF-8 -Dsun.stdout.encoding=UTF-8 -Dsun.stderr.encoding=UTF-8 unipassau.thesis.vehicledatadissemination.demo.Alice

Host: AMD Ryzen 5 2400G with Radeon Vega Graphics, 8 cores, 10G, Ubuntu 22.04.3 LTS
Time: Fri Jan 12 20:40:25 2024 CET elapsed time: 1.964325 seconds (0d 0h 0m 1s)

---------------  T H R E A D  ---------------

Current thread (0x00007f5a0c79f240):  JavaThread "pool-1-thread-1" [_thread_in_native, id=352682, stack(0x00007f59e08fe000,0x00007f59e09fe000)]

Stack: [0x00007f59e08fe000,0x00007f59e09fe000],  sp=0x00007f59e09fb1a0,  free space=1012k
Native frames: (J=compiled Java code, j=interpreted, Vv=VM code, C=native code)
C  [libcrypto.so+0x1742a0]  encrypt+0x230
Java frames: (J=compiled Java code, j=interpreted, Vv=VM code)
j  com.sun.jna.Native.invokeVoid(Lcom/sun/jna/Function;JI[Ljava/lang/Object;)V+0
j  com.sun.jna.Function.invoke([Ljava/lang/Object;Ljava/lang/Class;ZI)Ljava/lang/Object;+42
j  com.sun.jna.Function.invoke(Ljava/lang/reflect/Method;[Ljava/lang/Class;Ljava/lang/Class;[Ljava/lang/Object;Ljava/util/Map;)Ljava/lang/Object;+271
j  com.sun.jna.Library$Handler.invoke(Ljava/lang/Object;Ljava/lang/reflect/Method;[Ljava/lang/Object;)Ljava/lang/Object;+390
j  jdk.proxy1.$Proxy0.encrypt(Ljava/lang/String;Ljava/lang/String;Ljava/lang/String;)V+24 jdk.proxy1
j  unipassau.thesis.vehicledatadissemination.demo.Alice.lambda$main$0(Ljava/util/concurrent/atomic/AtomicInteger;[Ljava/lang/String;Ljava/util/concurrent/ScheduledExecutorService;)V+55
j  unipassau.thesis.vehicledatadissemination.demo.Alice$$Lambda$65+0x00007f599402cdf8.run()V+12
j  java.util.concurrent.Executors$RunnableAdapter.call()Ljava/lang/Object;+4 java.base@20.0.2.1
j  java.util.concurrent.FutureTask.runAndReset()Z+44 java.base@20.0.2.1
j  java.util.concurrent.ScheduledThreadPoolExecutor$ScheduledFutureTask.run()V+35 java.base@20.0.2.1
j  java.util.concurrent.ThreadPoolExecutor.runWorker(Ljava/util/concurrent/ThreadPoolExecutor$Worker;)V+92 java.base@20.0.2.1
j  java.util.concurrent.ThreadPoolExecutor$Worker.run()V+5 java.base@20.0.2.1
j  java.lang.Thread.runWith(Ljava/lang/Object;Ljava/lang/Runnable;)V+5 java.base@20.0.2.1
j  java.lang.Thread.run()V+19 java.base@20.0.2.1
v  ~StubRoutines::call_stub 0x00007f59fc137cc6

siginfo: si_signo: 11 (SIGSEGV), si_code: 1 (SEGV_MAPERR), si_addr: 0x0000000000000008

Registers:
RAX=0x00007f5992a29420, RBX=0x00007f5992a21db0, RCX=0x0000000000000c00, RDX=0x00007f5a13c1b723
RSP=0x00007f59e09fb1a0, RBP=0x00007f5a0c773670, RSI=0x0000000000000000, RDI=0x00007f59e09fb288
R8 =0x0000000000000000, R9 =0x0000000000000001, R10=0x00007f5a13a0cbd0, R11=0x0000000000000293
R12=0x00007f59e09fb288, R13=0x00007f59e09fb4d0, R14=0x0000000000000000, R15=0x00007f5992a21dd8
RIP=0x00007f59e03752a0, EFLAGS=0x0000000000010206, CSGSFS=0x002b000000000033, ERR=0x0000000000000004
  TRAPNO=0x000000000000000e


Register to memory mapping:

RAX=0x00007f5992a29420: _ZSt4cerr+0x0000000000000000 in /lib/x86_64-linux-gnu/libstdc++.so.6 at 0x00007f5992800000
RBX=0x00007f5992a21db0: <offset 0x0000000000221db0> in /lib/x86_64-linux-gnu/libstdc++.so.6 at 0x00007f5992800000
RCX=0x0000000000000c00 is an unknown value
RDX=0x00007f5a13c1b723: _IO_2_1_stderr_+0x0000000000000083 in /lib/x86_64-linux-gnu/libc.so.6 at 0x00007f5a13a00000
RSP=0x00007f59e09fb1a0 is pointing into the stack for thread: 0x00007f5a0c79f240
RBP=0x00007f5a0c773670 points into unknown readable memory: 0x69732f656d6f682f | 2f 68 6f 6d 65 2f 73 69
RSI=0x0 is NULL
RDI=0x00007f59e09fb288 is pointing into the stack for thread: 0x00007f5a0c79f240
R8 =0x0 is NULL
R9 =0x0000000000000001 is an unknown value
R10=0x00007f5a13a0cbd0: <offset 0x000000000000cbd0> in /lib/x86_64-linux-gnu/libc.so.6 at 0x00007f5a13a00000
R11=0x0000000000000293 is an unknown value
R12=0x00007f59e09fb288 is pointing into the stack for thread: 0x00007f5a0c79f240
R13=0x00007f59e09fb4d0 is pointing into the stack for thread: 0x00007f5a0c79f240
R14=0x0 is NULL
R15=0x00007f5992a21dd8: <offset 0x0000000000221dd8> in /lib/x86_64-linux-gnu/libstdc++.so.6 at 0x00007f5992800000


Top of Stack: (sp=0x00007f59e09fb1a0)
0x00007f59e09fb1a0:   00007f5944094260 00007f59e09fb4c0
0x00007f59e09fb1b0:   000000016176616a 00007f594401efa0
0x00007f59e09fb1c0:   00007f59e09fb4d0 00007f5944094340
0x00007f59e09fb1d0:   0000000700000000 00007f5900000004
0x00007f59e09fb1e0:   00000000ffffffff 00007f5a13103952
0x00007f59e09fb1f0:   00007f59e09fb460 00007f59e09fb470
0x00007f59e09fb200:   0000000000000000 0000000000000000
0x00007f59e09fb210:   00007f59e09fb520 00007f59f4ca05cc
0x00007f59e09fb220:   00007f59e09fb260 00007f5a130fae5e
0x00007f59e09fb230:   0000000000000000 000000000000001c
0x00007f59e09fb240:   00007f594401ec30 00007f59e06185c0
0x00007f59e09fb250:   0000000000000008 0000000000000000
0x00007f59e09fb260:   00007f59e09fb830 00007f5a14158f71
0x00007f59e09fb270:   0000000000000005 0000000000000000
0x00007f59e09fb280:   00007f5a13a11ee0 00007f5a13ac4870
0x00007f59e09fb290:   000000003074d223 00007f59e09fb640
0x00007f59e09fb2a0:   00007f59e09fb820 00007f59e09fb860
0x00007f59e09fb2b0:   0000000000000008 00007f5a1415bdae
0x00007f59e09fb2c0:   0000000000000000 0000000000000001
0x00007f59e09fb2d0:   0000000000000008 00007f59e09fb8f0
0x00007f59e09fb2e0:   00007f59e09fb660 00007f59e09fb8f0
0x00007f59e09fb2f0:   0000000000000000 00007f59e04018d0
0x00007f59e09fb300:   00007f594401ec30 00007f59e09fb3a8
0x00007f59e09fb310:   00007f59e09fb3a4 0002ffff00001fa0
0x00007f59e09fb320:   00007f59e04018d0 00000000a2b40f97
0x00007f59e09fb330:   00007f59e09fb3a4 00000000028ad03e
0x00007f59e09fb340:   00007f594401f180 0000000000000003
0x00007f59e09fb350:   0000000000000000 00007f59440941c0
0x00007f59e09fb360:   0000000000000000 00007f59e09fb470
0x00007f59e09fb370:   00007f59e09fb460 000000003074d223
0x00007f59e09fb380:   00007f5900000000 0000000000000003
0x00007f59e09fb390:   00007f594401efd0 00007f59e09fb420 

Instructions: (pc=0x00007f59e03752a0)
0x00007f59e03751a0:   e8 3b f1 f1 ff 48 8b b4 24 c0 02 00 00 ba 0c 00
0x00007f59e03751b0:   00 00 4c 89 ef e8 26 e8 f1 ff 48 8b 94 24 20 03
0x00007f59e03751c0:   00 00 48 8b 7a e8 4c 01 f7 48 85 c0 0f 84 ce 0d
0x00007f59e03751d0:   00 00 31 f6 e8 77 f8 f1 ff 48 8d bc 24 98 03 00
0x00007f59e03751e0:   00 e8 5a da f1 ff 41 89 c6 84 c0 0f 85 5f 08 00
0x00007f59e03751f0:   00 48 8b 05 90 6b 08 00 48 8b 7c 24 20 48 83 c0
0x00007f59e0375200:   18 48 89 84 24 20 03 00 00 48 8b 05 78 6b 08 00
0x00007f59e0375210:   48 83 c0 40 48 89 84 24 20 04 00 00 e8 6f f4 f1
0x00007f59e0375220:   ff 48 8b 43 e8 48 89 9c 24 20 03 00 00 4c 89 e7
0x00007f59e0375230:   4c 89 bc 04 20 03 00 00 48 8b 05 61 5c 08 00 48
0x00007f59e0375240:   c7 84 24 28 03 00 00 00 00 00 00 48 83 c0 10 48
0x00007f59e0375250:   89 84 24 20 04 00 00 e8 c4 dc f1 ff 48 8b bc 24
0x00007f59e0375260:   c0 02 00 00 48 8d 84 24 d0 02 00 00 48 89 44 24
0x00007f59e0375270:   58 48 39 c7 74 11 48 8b 84 24 d0 02 00 00 48 8d
0x00007f59e0375280:   70 01 e8 19 ea f1 ff 45 84 f6 0f 84 40 04 00 00
0x00007f59e0375290:   48 8b 74 24 60 4c 8d a4 24 e8 00 00 00 4c 89 e7
0x00007f59e03752a0:   48 8b 46 08 48 83 c6 10 48 89 84 24 e0 00 00 00
0x00007f59e03752b0:   e8 7b df f1 ff 48 8b 84 24 e8 00 00 00 48 8b 34
0x00007f59e03752c0:   24 48 8b 9c 24 e0 00 00 00 48 89 44 24 40 48 8d
0x00007f59e03752d0:   84 24 20 02 00 00 48 89 c7 48 89 44 24 48 e8 5d
0x00007f59e03752e0:   7c ff ff 48 8b 73 08 48 8b 06 48 8b 40 30 48 3b
0x00007f59e03752f0:   05 23 75 08 00 0f 85 05 0d 00 00 48 8b 46 18 48
0x00007f59e0375300:   8d bc 24 98 00 00 00 48 83 c6 20 48 89 84 24 90
0x00007f59e0375310:   00 00 00 e8 18 df f1 ff 48 8b 73 08 48 8b 06 48
0x00007f59e0375320:   8b 40 20 48 3b 05 56 65 08 00 0f 85 e0 0c 00 00
0x00007f59e0375330:   48 8b 46 08 48 8d bc 24 88 00 00 00 48 83 c6 10
0x00007f59e0375340:   48 89 84 24 80 00 00 00 e8 e3 de f1 ff 48 8b 84
0x00007f59e0375350:   24 80 00 00 00 48 8b ac 24 28 02 00 00 8b 40 08
0x00007f59e0375360:   49 89 c5 48 39 c5 0f 87 06 1a f3 ff 48 8b 84 24
0x00007f59e0375370:   90 00 00 00 4c 8d bc 24 b8 00 00 00 48 8d b4 24
0x00007f59e0375380:   98 00 00 00 4c 89 ff 4c 8d b4 24 a8 00 00 00 48
0x00007f59e0375390:   89 84 24 b0 00 00 00 e8 94 de f1 ff 48 8b 84 24 


Stack slot to memory mapping:
stack at sp + 0 slots: 0x00007f5944094260 points into unknown readable memory: 0x226465657073227b | 7b 22 73 70 65 65 64 22
stack at sp + 1 slots: 0x00007f59e09fb4c0 is pointing into the stack for thread: 0x00007f5a0c79f240
stack at sp + 2 slots: 0x000000016176616a is an unknown value
stack at sp + 3 slots: 0x00007f594401efa0 points into unknown readable memory: 0x00007f594401ef00 | 00 ef 01 44 59 7f 00 00
stack at sp + 4 slots: 0x00007f59e09fb4d0 is pointing into the stack for thread: 0x00007f5a0c79f240
stack at sp + 5 slots: 0x00007f5944094340 points into unknown readable memory: 0x69732f656d6f682f | 2f 68 6f 6d 65 2f 73 69
stack at sp + 6 slots: 0x0000000700000000 is an unknown value
stack at sp + 7 slots: 0x00007f5900000004 is an unknown value


---------------  P R O C E S S  ---------------

Threads class SMR info:
_java_thread_list=0x00007f5950002740, length=15, elements={
0x00007f5a0c135e20, 0x00007f5a0c137350, 0x00007f5a0c138d10, 0x00007f5a0c13a1a0,
0x00007f5a0c13b620, 0x00007f5a0c13d040, 0x00007f5a0c13e5e0, 0x00007f5a0c15f6b0,
0x00007f5a0c5938b0, 0x00007f5a0c595930, 0x00007f59780a6d20, 0x00007f5a0c79f240,
0x00007f5a0c02dac0, 0x00007f597c000ff0, 0x00007f594404bd00
}

Java Threads: ( => current thread )
  0x00007f5a0c135e20 JavaThread "Reference Handler" daemon [_thread_blocked, id=352578, stack(0x00007f59f0dfe000,0x00007f59f0efe000)]
  0x00007f5a0c137350 JavaThread "Finalizer" daemon [_thread_blocked, id=352579, stack(0x00007f59f0700000,0x00007f59f0800000)]
  0x00007f5a0c138d10 JavaThread "Signal Dispatcher" daemon [_thread_blocked, id=352580, stack(0x00007f59f0600000,0x00007f59f0700000)]
  0x00007f5a0c13a1a0 JavaThread "Service Thread" daemon [_thread_blocked, id=352581, stack(0x00007f59f0500000,0x00007f59f0600000)]
  0x00007f5a0c13b620 JavaThread "Monitor Deflation Thread" daemon [_thread_blocked, id=352582, stack(0x00007f59f0400000,0x00007f59f0500000)]
  0x00007f5a0c13d040 JavaThread "C2 CompilerThread0" daemon [_thread_blocked, id=352583, stack(0x00007f59f0300000,0x00007f59f0400000)]
  0x00007f5a0c13e5e0 JavaThread "C1 CompilerThread0" daemon [_thread_blocked, id=352584, stack(0x00007f59f0200000,0x00007f59f0300000)]
  0x00007f5a0c15f6b0 JavaThread "Common-Cleaner" daemon [_thread_blocked, id=352585, stack(0x00007f59f0100000,0x00007f59f0200000)]
  0x00007f5a0c5938b0 JavaThread "Monitor Ctrl-Break" daemon [_thread_in_native, id=352587, stack(0x00007f59e1f00000,0x00007f59e2000000)]
  0x00007f5a0c595930 JavaThread "Notification Thread" daemon [_thread_blocked, id=352588, stack(0x00007f59e1b00000,0x00007f59e1c00000)]
  0x00007f59780a6d20 JavaThread "C2 CompilerThread1" daemon [_thread_blocked, id=352590, stack(0x00007f59f0000000,0x00007f59f0100000)]
=>0x00007f5a0c79f240 JavaThread "pool-1-thread-1" [_thread_in_native, id=352682, stack(0x00007f59e08fe000,0x00007f59e09fe000)]
  0x00007f5a0c02dac0 JavaThread "DestroyJavaVM" [_thread_blocked, id=352571, stack(0x00007f5a13d00000,0x00007f5a13e00000)]
  0x00007f597c000ff0 JavaThread "Attach Listener" daemon [_thread_blocked, id=352683, stack(0x00007f59e07fe000,0x00007f59e08fe000)]
  0x00007f594404bd00 JavaThread "process reaper" daemon [_thread_blocked, id=352685, stack(0x00007f5a13c84000,0x00007f5a13ca6000)]

Other Threads:
  0x00007f5a0c127d80 VMThread "VM Thread" [stack: 0x00007f59f0f00000,0x00007f59f1000000] [id=352577]
  0x00007f5a0c030290 WatcherThread "VM Periodic Task Thread" [stack: 0x00007f59e1700000,0x00007f59e1800000] [id=352589]
  0x00007f5a0c084f70 WorkerThread "GC Thread#0" [stack: 0x00007f5a10430000,0x00007f5a10530000] [id=352572]
  0x00007f598c007c30 WorkerThread "GC Thread#1" [stack: 0x00007f59e1300000,0x00007f59e1400000] [id=352676]
  0x00007f598c008670 WorkerThread "GC Thread#2" [stack: 0x00007f59e0f00000,0x00007f59e1000000] [id=352677]
  0x00007f598c0090b0 WorkerThread "GC Thread#3" [stack: 0x00007f59e0b00000,0x00007f59e0c00000] [id=352678]
  0x00007f5a0c0911e0 ConcurrentGCThread "G1 Main Marker" [stack: 0x00007f5a1032e000,0x00007f5a1042e000] [id=352573]
  0x00007f5a0c092100 WorkerThread "G1 Conc#0" [stack: 0x00007f5a1022c000,0x00007f5a1032c000] [id=352574]
  0x00007f5a0c0fe5e0 ConcurrentGCThread "G1 Refine#0" [stack: 0x00007f59f146d000,0x00007f59f156d000] [id=352575]
  0x00007f5a0c0ff520 ConcurrentGCThread "G1 Service" [stack: 0x00007f59f136b000,0x00007f59f146b000] [id=352576]

Threads with active compile tasks:

VM state: not at safepoint (normal execution)

VM Mutex/Monitor currently owned by a thread: None

Heap address: 0x0000000753600000, size: 2762 MB, Compressed Oops mode: Zero based, Oop shift amount: 3

CDS archive(s) mapped at: [0x00007f5993000000-0x00007f5993c7c000-0x00007f5993c7c000), size 13090816, SharedBaseAddress: 0x00007f5993000000, ArchiveRelocationMode: 1.
Compressed class space mapped at: 0x00007f5994000000-0x00007f59d4000000, reserved size: 1073741824
Narrow klass base: 0x00007f5993000000, Narrow klass shift: 0, Narrow klass range: 0x100000000

GC Precious Log:
 CardTable entry size: 512
 Card Set container configuration: InlinePtr #cards 4 size 8 Array Of Cards #cards 16 size 48 Howl #buckets 8 coarsen threshold 3686 Howl Bitmap #cards 512 size 80 coarsen threshold 460 Card regions per heap region 1 cards per card region 4096
 CPUs: 8 total, 8 available
 Memory: 11040M
 Large Page Support: Disabled
 NUMA Support: Disabled
 Compressed Oops: Enabled (Zero based)
 Heap Region Size: 2M
 Heap Min Capacity: 8M
 Heap Initial Capacity: 174M
 Heap Max Capacity: 2762M
 Pre-touch: Disabled
 Parallel Workers: 8
 Concurrent Workers: 2
 Concurrent Refinement Workers: 8
 Periodic GC: Disabled

Heap:
 garbage-first heap   total 182272K, used 19055K [0x0000000753600000, 0x0000000800000000)
  region size 2048K, 7 young (14336K), 2 survivors (4096K)
 Metaspace       used 8912K, committed 9088K, reserved 1114112K
  class space    used 762K, committed 832K, reserved 1048576K

Heap Regions: E=young(eden), S=young(survivor), O=old, HS=humongous(starts), HC=humongous(continues), CS=collection set, F=free, OA=open archive, CA=closed archive, TAMS=top-at-mark-start, PB=parsable bottom
|   0|0x0000000753600000, 0x0000000753800000, 0x0000000753800000|100%| O|  |TAMS 0x0000000753600000| PB 0x0000000753600000| Untracked 
|   1|0x0000000753800000, 0x0000000753a00000, 0x0000000753a00000|100%| O|  |TAMS 0x0000000753800000| PB 0x0000000753800000| Untracked 
|   2|0x0000000753a00000, 0x0000000753a9fc00, 0x0000000753c00000| 31%| O|  |TAMS 0x0000000753a00000| PB 0x0000000753a00000| Untracked 
|   3|0x0000000753c00000, 0x0000000753c00000, 0x0000000753e00000|  0%| F|  |TAMS 0x0000000753c00000| PB 0x0000000753c00000| Untracked 
|   4|0x0000000753e00000, 0x0000000753e00000, 0x0000000754000000|  0%| F|  |TAMS 0x0000000753e00000| PB 0x0000000753e00000| Untracked 
|   5|0x0000000754000000, 0x0000000754000000, 0x0000000754200000|  0%| F|  |TAMS 0x0000000754000000| PB 0x0000000754000000| Untracked 
|   6|0x0000000754200000, 0x0000000754200000, 0x0000000754400000|  0%| F|  |TAMS 0x0000000754200000| PB 0x0000000754200000| Untracked 
|   7|0x0000000754400000, 0x0000000754400000, 0x0000000754600000|  0%| F|  |TAMS 0x0000000754400000| PB 0x0000000754400000| Untracked 
|   8|0x0000000754600000, 0x0000000754600000, 0x0000000754800000|  0%| F|  |TAMS 0x0000000754600000| PB 0x0000000754600000| Untracked 
|   9|0x0000000754800000, 0x0000000754800000, 0x0000000754a00000|  0%| F|  |TAMS 0x0000000754800000| PB 0x0000000754800000| Untracked 
|  10|0x0000000754a00000, 0x0000000754a00000, 0x0000000754c00000|  0%| F|  |TAMS 0x0000000754a00000| PB 0x0000000754a00000| Untracked 
|  11|0x0000000754c00000, 0x0000000754c00000, 0x0000000754e00000|  0%| F|  |TAMS 0x0000000754c00000| PB 0x0000000754c00000| Untracked 
|  12|0x0000000754e00000, 0x0000000754e00000, 0x0000000755000000|  0%| F|  |TAMS 0x0000000754e00000| PB 0x0000000754e00000| Untracked 
|  13|0x0000000755000000, 0x0000000755000000, 0x0000000755200000|  0%| F|  |TAMS 0x0000000755000000| PB 0x0000000755000000| Untracked 
|  14|0x0000000755200000, 0x0000000755200000, 0x0000000755400000|  0%| F|  |TAMS 0x0000000755200000| PB 0x0000000755200000| Untracked 
|  15|0x0000000755400000, 0x0000000755400000, 0x0000000755600000|  0%| F|  |TAMS 0x0000000755400000| PB 0x0000000755400000| Untracked 
|  16|0x0000000755600000, 0x0000000755600000, 0x0000000755800000|  0%| F|  |TAMS 0x0000000755600000| PB 0x0000000755600000| Untracked 
|  17|0x0000000755800000, 0x0000000755800000, 0x0000000755a00000|  0%| F|  |TAMS 0x0000000755800000| PB 0x0000000755800000| Untracked 
|  18|0x0000000755a00000, 0x0000000755a00000, 0x0000000755c00000|  0%| F|  |TAMS 0x0000000755a00000| PB 0x0000000755a00000| Untracked 
|  19|0x0000000755c00000, 0x0000000755c00000, 0x0000000755e00000|  0%| F|  |TAMS 0x0000000755c00000| PB 0x0000000755c00000| Untracked 
|  20|0x0000000755e00000, 0x0000000755e00000, 0x0000000756000000|  0%| F|  |TAMS 0x0000000755e00000| PB 0x0000000755e00000| Untracked 
|  21|0x0000000756000000, 0x0000000756000000, 0x0000000756200000|  0%| F|  |TAMS 0x0000000756000000| PB 0x0000000756000000| Untracked 
|  22|0x0000000756200000, 0x0000000756200000, 0x0000000756400000|  0%| F|  |TAMS 0x0000000756200000| PB 0x0000000756200000| Untracked 
|  23|0x0000000756400000, 0x0000000756400000, 0x0000000756600000|  0%| F|  |TAMS 0x0000000756400000| PB 0x0000000756400000| Untracked 
|  24|0x0000000756600000, 0x0000000756600000, 0x0000000756800000|  0%| F|  |TAMS 0x0000000756600000| PB 0x0000000756600000| Untracked 
|  25|0x0000000756800000, 0x0000000756800000, 0x0000000756a00000|  0%| F|  |TAMS 0x0000000756800000| PB 0x0000000756800000| Untracked 
|  26|0x0000000756a00000, 0x0000000756a00000, 0x0000000756c00000|  0%| F|  |TAMS 0x0000000756a00000| PB 0x0000000756a00000| Untracked 
|  27|0x0000000756c00000, 0x0000000756c00000, 0x0000000756e00000|  0%| F|  |TAMS 0x0000000756c00000| PB 0x0000000756c00000| Untracked 
|  28|0x0000000756e00000, 0x0000000756e00000, 0x0000000757000000|  0%| F|  |TAMS 0x0000000756e00000| PB 0x0000000756e00000| Untracked 
|  29|0x0000000757000000, 0x0000000757000000, 0x0000000757200000|  0%| F|  |TAMS 0x0000000757000000| PB 0x0000000757000000| Untracked 
|  30|0x0000000757200000, 0x0000000757200000, 0x0000000757400000|  0%| F|  |TAMS 0x0000000757200000| PB 0x0000000757200000| Untracked 
|  31|0x0000000757400000, 0x0000000757400000, 0x0000000757600000|  0%| F|  |TAMS 0x0000000757400000| PB 0x0000000757400000| Untracked 
|  32|0x0000000757600000, 0x0000000757600000, 0x0000000757800000|  0%| F|  |TAMS 0x0000000757600000| PB 0x0000000757600000| Untracked 
|  33|0x0000000757800000, 0x0000000757800000, 0x0000000757a00000|  0%| F|  |TAMS 0x0000000757800000| PB 0x0000000757800000| Untracked 
|  34|0x0000000757a00000, 0x0000000757a00000, 0x0000000757c00000|  0%| F|  |TAMS 0x0000000757a00000| PB 0x0000000757a00000| Untracked 
|  35|0x0000000757c00000, 0x0000000757c00000, 0x0000000757e00000|  0%| F|  |TAMS 0x0000000757c00000| PB 0x0000000757c00000| Untracked 
|  36|0x0000000757e00000, 0x0000000757e00000, 0x0000000758000000|  0%| F|  |TAMS 0x0000000757e00000| PB 0x0000000757e00000| Untracked 
|  37|0x0000000758000000, 0x0000000758000000, 0x0000000758200000|  0%| F|  |TAMS 0x0000000758000000| PB 0x0000000758000000| Untracked 
|  38|0x0000000758200000, 0x0000000758200000, 0x0000000758400000|  0%| F|  |TAMS 0x0000000758200000| PB 0x0000000758200000| Untracked 
|  39|0x0000000758400000, 0x0000000758400000, 0x0000000758600000|  0%| F|  |TAMS 0x0000000758400000| PB 0x0000000758400000| Untracked 
|  40|0x0000000758600000, 0x0000000758600000, 0x0000000758800000|  0%| F|  |TAMS 0x0000000758600000| PB 0x0000000758600000| Untracked 
|  41|0x0000000758800000, 0x0000000758800000, 0x0000000758a00000|  0%| F|  |TAMS 0x0000000758800000| PB 0x0000000758800000| Untracked 
|  42|0x0000000758a00000, 0x0000000758a00000, 0x0000000758c00000|  0%| F|  |TAMS 0x0000000758a00000| PB 0x0000000758a00000| Untracked 
|  43|0x0000000758c00000, 0x0000000758c00000, 0x0000000758e00000|  0%| F|  |TAMS 0x0000000758c00000| PB 0x0000000758c00000| Untracked 
|  44|0x0000000758e00000, 0x0000000758e00000, 0x0000000759000000|  0%| F|  |TAMS 0x0000000758e00000| PB 0x0000000758e00000| Untracked 
|  45|0x0000000759000000, 0x0000000759000000, 0x0000000759200000|  0%| F|  |TAMS 0x0000000759000000| PB 0x0000000759000000| Untracked 
|  46|0x0000000759200000, 0x0000000759200000, 0x0000000759400000|  0%| F|  |TAMS 0x0000000759200000| PB 0x0000000759200000| Untracked 
|  47|0x0000000759400000, 0x0000000759400000, 0x0000000759600000|  0%| F|  |TAMS 0x0000000759400000| PB 0x0000000759400000| Untracked 
|  48|0x0000000759600000, 0x0000000759600000, 0x0000000759800000|  0%| F|  |TAMS 0x0000000759600000| PB 0x0000000759600000| Untracked 
|  49|0x0000000759800000, 0x0000000759800000, 0x0000000759a00000|  0%| F|  |TAMS 0x0000000759800000| PB 0x0000000759800000| Untracked 
|  50|0x0000000759a00000, 0x0000000759a00000, 0x0000000759c00000|  0%| F|  |TAMS 0x0000000759a00000| PB 0x0000000759a00000| Untracked 
|  51|0x0000000759c00000, 0x0000000759c00000, 0x0000000759e00000|  0%| F|  |TAMS 0x0000000759c00000| PB 0x0000000759c00000| Untracked 
|  52|0x0000000759e00000, 0x0000000759e00000, 0x000000075a000000|  0%| F|  |TAMS 0x0000000759e00000| PB 0x0000000759e00000| Untracked 
|  53|0x000000075a000000, 0x000000075a000000, 0x000000075a200000|  0%| F|  |TAMS 0x000000075a000000| PB 0x000000075a000000| Untracked 
|  54|0x000000075a200000, 0x000000075a200000, 0x000000075a400000|  0%| F|  |TAMS 0x000000075a200000| PB 0x000000075a200000| Untracked 
|  55|0x000000075a400000, 0x000000075a400000, 0x000000075a600000|  0%| F|  |TAMS 0x000000075a400000| PB 0x000000075a400000| Untracked 
|  56|0x000000075a600000, 0x000000075a600000, 0x000000075a800000|  0%| F|  |TAMS 0x000000075a600000| PB 0x000000075a600000| Untracked 
|  57|0x000000075a800000, 0x000000075a800000, 0x000000075aa00000|  0%| F|  |TAMS 0x000000075a800000| PB 0x000000075a800000| Untracked 
|  58|0x000000075aa00000, 0x000000075aa00000, 0x000000075ac00000|  0%| F|  |TAMS 0x000000075aa00000| PB 0x000000075aa00000| Untracked 
|  59|0x000000075ac00000, 0x000000075ac00000, 0x000000075ae00000|  0%| F|  |TAMS 0x000000075ac00000| PB 0x000000075ac00000| Untracked 
|  60|0x000000075ae00000, 0x000000075ae00000, 0x000000075b000000|  0%| F|  |TAMS 0x000000075ae00000| PB 0x000000075ae00000| Untracked 
|  61|0x000000075b000000, 0x000000075b000000, 0x000000075b200000|  0%| F|  |TAMS 0x000000075b000000| PB 0x000000075b000000| Untracked 
|  62|0x000000075b200000, 0x000000075b200000, 0x000000075b400000|  0%| F|  |TAMS 0x000000075b200000| PB 0x000000075b200000| Untracked 
|  63|0x000000075b400000, 0x000000075b400000, 0x000000075b600000|  0%| F|  |TAMS 0x000000075b400000| PB 0x000000075b400000| Untracked 
|  64|0x000000075b600000, 0x000000075b600000, 0x000000075b800000|  0%| F|  |TAMS 0x000000075b600000| PB 0x000000075b600000| Untracked 
|  65|0x000000075b800000, 0x000000075b800000, 0x000000075ba00000|  0%| F|  |TAMS 0x000000075b800000| PB 0x000000075b800000| Untracked 
|  66|0x000000075ba00000, 0x000000075ba00000, 0x000000075bc00000|  0%| F|  |TAMS 0x000000075ba00000| PB 0x000000075ba00000| Untracked 
|  67|0x000000075bc00000, 0x000000075bc00000, 0x000000075be00000|  0%| F|  |TAMS 0x000000075bc00000| PB 0x000000075bc00000| Untracked 
|  68|0x000000075be00000, 0x000000075be00000, 0x000000075c000000|  0%| F|  |TAMS 0x000000075be00000| PB 0x000000075be00000| Untracked 
|  69|0x000000075c000000, 0x000000075c000000, 0x000000075c200000|  0%| F|  |TAMS 0x000000075c000000| PB 0x000000075c000000| Untracked 
|  70|0x000000075c200000, 0x000000075c200000, 0x000000075c400000|  0%| F|  |TAMS 0x000000075c200000| PB 0x000000075c200000| Untracked 
|  71|0x000000075c400000, 0x000000075c400000, 0x000000075c600000|  0%| F|  |TAMS 0x000000075c400000| PB 0x000000075c400000| Untracked 
|  72|0x000000075c600000, 0x000000075c600000, 0x000000075c800000|  0%| F|  |TAMS 0x000000075c600000| PB 0x000000075c600000| Untracked 
|  73|0x000000075c800000, 0x000000075c800000, 0x000000075ca00000|  0%| F|  |TAMS 0x000000075c800000| PB 0x000000075c800000| Untracked 
|  74|0x000000075ca00000, 0x000000075cc00000, 0x000000075cc00000|100%| S|CS|TAMS 0x000000075ca00000| PB 0x000000075ca00000| Complete 
|  75|0x000000075cc00000, 0x000000075ce00000, 0x000000075ce00000|100%| S|CS|TAMS 0x000000075cc00000| PB 0x000000075cc00000| Complete 
|  76|0x000000075ce00000, 0x000000075ce00000, 0x000000075d000000|  0%| F|  |TAMS 0x000000075ce00000| PB 0x000000075ce00000| Untracked 
|  77|0x000000075d000000, 0x000000075d000000, 0x000000075d200000|  0%| F|  |TAMS 0x000000075d000000| PB 0x000000075d000000| Untracked 
|  78|0x000000075d200000, 0x000000075d200000, 0x000000075d400000|  0%| F|  |TAMS 0x000000075d200000| PB 0x000000075d200000| Untracked 
|  79|0x000000075d400000, 0x000000075d400000, 0x000000075d600000|  0%| F|  |TAMS 0x000000075d400000| PB 0x000000075d400000| Untracked 
|  80|0x000000075d600000, 0x000000075d600000, 0x000000075d800000|  0%| F|  |TAMS 0x000000075d600000| PB 0x000000075d600000| Untracked 
|  81|0x000000075d800000, 0x000000075d800000, 0x000000075da00000|  0%| F|  |TAMS 0x000000075d800000| PB 0x000000075d800000| Untracked 
|  82|0x000000075da00000, 0x000000075db21ed0, 0x000000075dc00000| 56%| E|  |TAMS 0x000000075da00000| PB 0x000000075da00000| Complete 
|  83|0x000000075dc00000, 0x000000075de00000, 0x000000075de00000|100%| E|CS|TAMS 0x000000075dc00000| PB 0x000000075dc00000| Complete 
|  84|0x000000075de00000, 0x000000075e000000, 0x000000075e000000|100%| E|CS|TAMS 0x000000075de00000| PB 0x000000075de00000| Complete 
|  85|0x000000075e000000, 0x000000075e200000, 0x000000075e200000|100%| E|CS|TAMS 0x000000075e000000| PB 0x000000075e000000| Complete 
|  86|0x000000075e200000, 0x000000075e400000, 0x000000075e400000|100%| E|CS|TAMS 0x000000075e200000| PB 0x000000075e200000| Complete 
|1379|0x00000007ffc00000, 0x00000007ffd79000, 0x00000007ffe00000| 73%|OA|  |TAMS 0x00000007ffc00000| PB 0x00000007ffc00000| Untracked 
|1380|0x00000007ffe00000, 0x00000007ffe83000, 0x0000000800000000| 25%|CA|  |TAMS 0x00000007ffe00000| PB 0x00000007ffe00000| Untracked 

Card table byte_map: [0x00007f5a10530000,0x00007f5a10a95000] _byte_map_base: 0x00007f5a0ca95000

Marking Bits: (CMBitMap*) 0x00007f5a0c085a00
 Bits: [0x00007f59f1b73000, 0x00007f59f469b000)

Polling page: 0x00007f5a14142000

Metaspace:

Usage:
  Non-class:      7,96 MB used.
      Class:    762,17 KB used.
       Both:      8,70 MB used.

Virtual space:
  Non-class space:       64,00 MB reserved,       8,06 MB ( 13%) committed,  1 nodes.
      Class space:        1,00 GB reserved,     832,00 KB ( <1%) committed,  1 nodes.
             Both:        1,06 GB reserved,       8,88 MB ( <1%) committed. 

Chunk freelists:
   Non-Class:  3,94 MB
       Class:  3,19 MB
        Both:  7,13 MB

MaxMetaspaceSize: unlimited
CompressedClassSpaceSize: 1,00 GB
Initial GC threshold: 21,00 MB
Current GC threshold: 21,00 MB
CDS: on
MetaspaceReclaimPolicy: balanced
 - commit_granule_bytes: 65536.
 - commit_granule_words: 8192.
 - virtual_space_node_default_size: 8388608.
 - enlarge_chunks_in_place: 1.
 - new_chunks_are_fully_committed: 0.
 - uncommit_free_chunks: 1.
 - use_allocation_guard: 0.


Internal statistics:

num_allocs_failed_limit: 0.
num_arena_births: 102.
num_arena_deaths: 0.
num_vsnodes_births: 2.
num_vsnodes_deaths: 0.
num_space_committed: 142.
num_space_uncommitted: 0.
num_chunks_returned_to_freelist: 0.
num_chunks_taken_from_freelist: 250.
num_chunk_merges: 0.
num_chunk_splits: 162.
num_chunks_enlarged: 120.
num_inconsistent_stats: 0.

CodeHeap 'non-profiled nmethods': size=120028Kb used=513Kb max_used=513Kb free=119515Kb
 bounds [0x00007f59fc6c9000, 0x00007f59fc939000, 0x00007f5a03c00000]
CodeHeap 'profiled nmethods': size=120028Kb used=2356Kb max_used=2356Kb free=117671Kb
 bounds [0x00007f59f4c00000, 0x00007f59f4e70000, 0x00007f59fc137000]
CodeHeap 'non-nmethods': size=5704Kb used=1464Kb max_used=1480Kb free=4239Kb
 bounds [0x00007f59fc137000, 0x00007f59fc3a7000, 0x00007f59fc6c9000]
 total_blobs=1898 nmethods=1387 adapters=423
 compilation: enabled
              stopped_count=0, restarted_count=0
 full_count=0

Compilation events (20 events):
Event: 1,924 Thread 0x00007f5a0c13e5e0 nmethod 1373 0x00007f59f4e47590 code [0x00007f59f4e47720, 0x00007f59f4e47928]
Event: 1,927 Thread 0x00007f5a0c13e5e0 1376       3       java.util.zip.ZipFile$ZipFileInflaterInputStream::<init> (14 bytes)
Event: 1,927 Thread 0x00007f5a0c13e5e0 nmethod 1376 0x00007f59f4e47a90 code [0x00007f59f4e47c40, 0x00007f59f4e47de0]
Event: 1,931 Thread 0x00007f5a0c13e5e0 1377       3       java.lang.PublicMethods$Key::matches (31 bytes)
Event: 1,932 Thread 0x00007f5a0c13e5e0 nmethod 1377 0x00007f59f4e47f10 code [0x00007f59f4e480e0, 0x00007f59f4e483e8]
Event: 1,933 Thread 0x00007f5a0c13e5e0 1379       3       java.lang.invoke.MemberName::getInvocationType (56 bytes)
Event: 1,934 Thread 0x00007f5a0c13e5e0 nmethod 1379 0x00007f59f4e48590 code [0x00007f59f4e487a0, 0x00007f59f4e49018]
Event: 1,936 Thread 0x00007f5a0c13e5e0 1381       3       java.lang.invoke.MemberName::isMethod (8 bytes)
Event: 1,937 Thread 0x00007f5a0c13e5e0 nmethod 1381 0x00007f59f4e49290 code [0x00007f59f4e49420, 0x00007f59f4e495f0]
Event: 1,937 Thread 0x00007f5a0c13e5e0 1382       3       jdk.internal.org.objectweb.asm.SymbolTable::hash (15 bytes)
Event: 1,937 Thread 0x00007f5a0c13e5e0 nmethod 1382 0x00007f59f4e49690 code [0x00007f59f4e49820, 0x00007f59f4e49990]
Event: 1,938 Thread 0x00007f5a0c13e5e0 1383       3       java.lang.invoke.InvokerBytecodeGenerator::getInternalName (103 bytes)
Event: 1,939 Thread 0x00007f5a0c13e5e0 nmethod 1383 0x00007f59f4e49a90 code [0x00007f59f4e49c80, 0x00007f59f4e4a1d8]
Event: 1,939 Thread 0x00007f5a0c13e5e0 1384       3       jdk.internal.org.objectweb.asm.Frame::push (59 bytes)
Event: 1,941 Thread 0x00007f5a0c13e5e0 nmethod 1384 0x00007f59f4e4a310 code [0x00007f59f4e4a540, 0x00007f59f4e4ad00]
Event: 1,945 Thread 0x00007f5a0c13e5e0 1385       3       java.util.zip.InflaterInputStream::<init> (70 bytes)
Event: 1,945 Thread 0x00007f5a0c13e5e0 nmethod 1385 0x00007f59f4e4b090 code [0x00007f59f4e4b280, 0x00007f59f4e4b9b8]
Event: 1,946 Thread 0x00007f5a0c13e5e0 1386   !   3       java.util.zip.ZipFile$CleanableResource::releaseInflater (53 bytes)
Event: 1,946 Thread 0x00007f5a0c13e5e0 nmethod 1386 0x00007f59f4e4bb90 code [0x00007f59f4e4bd60, 0x00007f59f4e4c190]
Event: 1,948 Thread 0x00007f5a0c13d040 1387       4       java.lang.AbstractStringBuilder::append (55 bytes)

GC Heap History (2 events):
Event: 1,296 GC heap before
{Heap before GC invocations=0 (full 0):
 garbage-first heap   total 182272K, used 22512K [0x0000000753600000, 0x0000000800000000)
  region size 2048K, 11 young (22528K), 0 survivors (0K)
 Metaspace       used 5617K, committed 5824K, reserved 1114112K
  class space    used 440K, committed 512K, reserved 1048576K
}
Event: 1,317 GC heap after
{Heap after GC invocations=1 (full 0):
 garbage-first heap   total 182272K, used 10863K [0x0000000753600000, 0x0000000800000000)
  region size 2048K, 2 young (4096K), 2 survivors (4096K)
 Metaspace       used 5617K, committed 5824K, reserved 1114112K
  class space    used 440K, committed 512K, reserved 1048576K
}

Dll operation events (11 events):
Event: 0,007 Loaded shared library /home/sick/.jdks/corretto-20.0.2.1/lib/libjava.so
Event: 0,042 Loaded shared library /home/sick/.jdks/corretto-20.0.2.1/lib/libjsvml.so
Event: 0,160 Loaded shared library /home/sick/.jdks/corretto-20.0.2.1/lib/libzip.so
Event: 0,163 Loaded shared library /home/sick/.jdks/corretto-20.0.2.1/lib/libinstrument.so
Event: 0,168 Loaded shared library /home/sick/.jdks/corretto-20.0.2.1/lib/libnio.so
Event: 0,174 Loaded shared library /home/sick/.jdks/corretto-20.0.2.1/lib/libzip.so
Event: 0,377 Loaded shared library /home/sick/.jdks/corretto-20.0.2.1/lib/libnet.so
Event: 0,384 Loaded shared library /home/sick/.jdks/corretto-20.0.2.1/lib/libverify.so
Event: 0,390 Loaded shared library /home/sick/.jdks/corretto-20.0.2.1/lib/libextnet.so
Event: 0,422 Loaded shared library /home/sick/.jdks/corretto-20.0.2.1/lib/libjimage.so
Event: 1,644 Loaded shared library /home/sick/.cache/JNA/temp/jna9756726645321608431.tmp

Deoptimization events (20 events):
Event: 1,768 Thread 0x00007f5a0c79f240 DEOPT PACKING pc=0x00007f59f4def6c3 sp=0x00007f59e09fac70
Event: 1,768 Thread 0x00007f5a0c79f240 DEOPT UNPACKING pc=0x00007f59fc1a09af sp=0x00007f59e09fa128 mode 0
Event: 1,769 Thread 0x00007f5a0c79f240 DEOPT PACKING pc=0x00007f59f4def6c3 sp=0x00007f59e09fac70
Event: 1,769 Thread 0x00007f5a0c79f240 DEOPT UNPACKING pc=0x00007f59fc1a09af sp=0x00007f59e09fa128 mode 0
Event: 1,770 Thread 0x00007f5a0c79f240 DEOPT PACKING pc=0x00007f59f4def6c3 sp=0x00007f59e09fac70
Event: 1,770 Thread 0x00007f5a0c79f240 DEOPT UNPACKING pc=0x00007f59fc1a09af sp=0x00007f59e09fa128 mode 0
Event: 1,771 Thread 0x00007f5a0c79f240 DEOPT PACKING pc=0x00007f59f4def6c3 sp=0x00007f59e09fac70
Event: 1,771 Thread 0x00007f5a0c79f240 DEOPT UNPACKING pc=0x00007f59fc1a09af sp=0x00007f59e09fa128 mode 0
Event: 1,771 Thread 0x00007f5a0c79f240 DEOPT PACKING pc=0x00007f59f4def6c3 sp=0x00007f59e09fac00
Event: 1,772 Thread 0x00007f5a0c79f240 DEOPT UNPACKING pc=0x00007f59fc1a09af sp=0x00007f59e09fa0b8 mode 0
Event: 1,773 Thread 0x00007f5a0c79f240 DEOPT PACKING pc=0x00007f59f4def6c3 sp=0x00007f59e09fac00
Event: 1,773 Thread 0x00007f5a0c79f240 DEOPT UNPACKING pc=0x00007f59fc1a09af sp=0x00007f59e09fa0b8 mode 0
Event: 1,773 Thread 0x00007f5a0c79f240 DEOPT PACKING pc=0x00007f59f4def6c3 sp=0x00007f59e09fac00
Event: 1,773 Thread 0x00007f5a0c79f240 DEOPT UNPACKING pc=0x00007f59fc1a09af sp=0x00007f59e09fa0b8 mode 0
Event: 1,774 Thread 0x00007f5a0c79f240 DEOPT PACKING pc=0x00007f59f4def6c3 sp=0x00007f59e09fac00
Event: 1,774 Thread 0x00007f5a0c79f240 DEOPT UNPACKING pc=0x00007f59fc1a09af sp=0x00007f59e09fa0b8 mode 0
Event: 1,775 Thread 0x00007f5a0c79f240 Uncommon trap: trap_request=0xffffff45 fr.pc=0x00007f59fc708710 relative=0x00000000000005f0
Event: 1,775 Thread 0x00007f5a0c79f240 Uncommon trap: reason=unstable_if action=reinterpret pc=0x00007f59fc708710 method=java.lang.AbstractStringBuilder.append(Ljava/lang/String;)Ljava/lang/AbstractStringBuilder; @ 1 c2
Event: 1,775 Thread 0x00007f5a0c79f240 DEOPT PACKING pc=0x00007f59fc708710 sp=0x00007f59e09fbb00
Event: 1,775 Thread 0x00007f5a0c79f240 DEOPT UNPACKING pc=0x00007f59fc1a0219 sp=0x00007f59e09fba80 mode 2

Classes loaded (20 events):
Event: 1,843 Loading class java/lang/reflect/ProxyGenerator$PrimitiveTypeInfo
Event: 1,847 Loading class java/lang/reflect/ProxyGenerator$PrimitiveTypeInfo done
Event: 1,848 Loading class jdk/internal/org/objectweb/asm/Edge
Event: 1,848 Loading class jdk/internal/org/objectweb/asm/Edge done
Event: 1,863 Loading class java/lang/reflect/UndeclaredThrowableException
Event: 1,864 Loading class java/lang/reflect/UndeclaredThrowableException done
Event: 1,864 Loading class java/lang/reflect/Proxy$ProxyBuilder$1
Event: 1,865 Loading class java/lang/reflect/Proxy$ProxyBuilder$1 done
Event: 1,880 Loading class java/util/regex/Pattern$1
Event: 1,880 Loading class java/util/regex/Pattern$1 done
Event: 1,929 Loading class java/lang/reflect/TypeVariable
Event: 1,929 Loading class java/lang/reflect/TypeVariable done
Event: 1,929 Loading class java/lang/reflect/AnnotatedType
Event: 1,929 Loading class java/lang/reflect/AnnotatedType done
Event: 1,930 Loading class java/lang/foreign/ValueLayout
Event: 1,930 Loading class java/lang/foreign/MemoryLayout
Event: 1,930 Loading class java/lang/foreign/MemoryLayout done
Event: 1,931 Loading class java/lang/foreign/ValueLayout done
Event: 1,932 Loading class java/lang/TypeNotPresentException
Event: 1,932 Loading class java/lang/TypeNotPresentException done

Classes unloaded (0 events):
No events

Classes redefined (0 events):
No events

Internal exceptions (20 events):
Event: 0,341 Thread 0x00007f5a0c02dac0 Exception <a 'java/lang/NoSuchMethodError'{0x000000075da85f30}: 'void java.lang.invoke.DirectMethodHandle$Holder.invokeStatic(java.lang.Object, java.lang.Object, java.lang.Object)'> (0x000000075da85f30) 
thrown [src/hotspot/share/interpreter/linkResolver.cpp, line 773]
Event: 0,361 Thread 0x00007f5a0c02dac0 Exception <a 'java/lang/NoSuchMethodError'{0x000000075da9d2c8}: 'java.lang.Object java.lang.invoke.Invokers$Holder.invokeExact_MT(java.lang.Object, java.lang.Object, java.lang.Object, java.lang.Object, java.lang.Object)'> (0x000000075da9d2c8) 
thrown [src/hotspot/share/interpreter/linkResolver.cpp, line 773]
Event: 0,406 Thread 0x00007f5a0c5938b0 Exception <a 'java/lang/NoSuchMethodError'{0x000000075daf9240}: 'void java.lang.invoke.DirectMethodHandle$Holder.invokeStatic(java.lang.Object, java.lang.Object)'> (0x000000075daf9240) 
thrown [src/hotspot/share/interpreter/linkResolver.cpp, line 773]
Event: 0,532 Thread 0x00007f5a0c02dac0 Exception <a 'java/lang/ClassNotFoundException'{0x000000075dbde450}: javax/smartcardio/CardPermission> (0x000000075dbde450) 
thrown [src/hotspot/share/classfile/systemDictionary.cpp, line 305]
Event: 0,538 Thread 0x00007f5a0c02dac0 Exception <a 'java/io/FileNotFoundException'{0x000000075dbeb8c0}> (0x000000075dbeb8c0) 
thrown [src/hotspot/share/prims/jni.cpp, line 519]
Event: 0,877 Thread 0x00007f5a0c02dac0 Exception <a 'java/lang/NoSuchMethodError'{0x000000075d29c220}: 'java.lang.Object java.lang.invoke.DirectMethodHandle$Holder.invokeStatic(java.lang.Object, java.lang.Object, int, java.lang.Object)'> (0x000000075d29c220) 
thrown [src/hotspot/share/interpreter/linkResolver.cpp, line 773]
Event: 0,890 Thread 0x00007f5a0c02dac0 Exception <a 'java/lang/NoSuchMethodError'{0x000000075d2a26e8}: 'java.lang.Object java.lang.invoke.DirectMethodHandle$Holder.newInvokeSpecial(java.lang.Object, java.lang.Object, int)'> (0x000000075d2a26e8) 
thrown [src/hotspot/share/interpreter/linkResolver.cpp, line 773]
Event: 1,165 Thread 0x00007f5a0c02dac0 Exception <a 'java/lang/NoSuchMethodError'{0x000000075ce3a5e0}: 'void java.lang.invoke.DirectMethodHandle$Holder.invokeVirtual(java.lang.Object, java.lang.Object)'> (0x000000075ce3a5e0) 
thrown [src/hotspot/share/interpreter/linkResolver.cpp, line 773]
Event: 1,567 Thread 0x00007f5a0c02dac0 Exception <a 'java/lang/NoSuchMethodError'{0x000000075df4d500}: 'void java.lang.invoke.DirectMethodHandle$Holder.invokeStatic(java.lang.Object, java.lang.Object, java.lang.Object, java.lang.Object)'> (0x000000075df4d500) 
thrown [src/hotspot/share/interpreter/linkResolver.cpp, line 773]
Event: 1,600 Thread 0x00007f5a0c79f240 Exception <a 'java/lang/NoSuchMethodError'{0x000000075dfc0fe0}: 'org.slf4j.impl.StaticMDCBinder org.slf4j.impl.StaticMDCBinder.getSingleton()'> (0x000000075dfc0fe0) 
thrown [src/hotspot/share/interpreter/linkResolver.cpp, line 773]
Event: 1,728 Thread 0x00007f5a0c79f240 Exception <a 'java/lang/NoSuchMethodError'{0x000000075dd6ad50}: 'java.lang.Object java.lang.invoke.DirectMethodHandle$Holder.invokeStatic(java.lang.Object, long, java.lang.Object)'> (0x000000075dd6ad50) 
thrown [src/hotspot/share/interpreter/linkResolver.cpp, line 773]
Event: 1,730 Thread 0x00007f5a0c79f240 Exception <a 'java/lang/NoSuchMethodError'{0x000000075dd6e4d8}: 'java.lang.Object java.lang.invoke.DirectMethodHandle$Holder.invokeStaticInit(java.lang.Object, long, java.lang.Object)'> (0x000000075dd6e4d8) 
thrown [src/hotspot/share/interpreter/linkResolver.cpp, line 773]
Event: 1,731 Thread 0x00007f5a0c79f240 Exception <a 'java/lang/NoSuchMethodError'{0x000000075dd74088}: 'java.lang.Object java.lang.invoke.DirectMethodHandle$Holder.newInvokeSpecial(java.lang.Object, long)'> (0x000000075dd74088) 
thrown [src/hotspot/share/interpreter/linkResolver.cpp, line 773]
Event: 1,734 Thread 0x00007f5a0c79f240 Exception <a 'java/lang/NoSuchMethodError'{0x000000075dd7bca8}: 'java.lang.Object java.lang.invoke.DirectMethodHandle$Holder.newInvokeSpecial(java.lang.Object, java.lang.Object, java.lang.Object, int)'> (0x000000075dd7bca8) 
thrown [src/hotspot/share/interpreter/linkResolver.cpp, line 773]
Event: 1,735 Thread 0x00007f5a0c79f240 Exception <a 'java/lang/NoSuchMethodError'{0x000000075dd7fe00}: 'java.lang.Object java.lang.invoke.DirectMethodHandle$Holder.invokeSpecial(java.lang.Object, java.lang.Object, java.lang.Object, java.lang.Object, int)'> (0x000000075dd7fe00) 
thrown [src/hotspot/share/interpreter/linkResolver.cpp, line 773]
Event: 1,736 Thread 0x00007f5a0c79f240 Exception <a 'java/lang/NoSuchMethodError'{0x000000075dd83748}: 'java.lang.Object java.lang.invoke.Invokers$Holder.linkToTargetMethod(java.lang.Object, java.lang.Object, int, java.lang.Object)'> (0x000000075dd83748) 
thrown [src/hotspot/share/interpreter/linkResolver.cpp, line 773]
Event: 1,748 Thread 0x00007f5a0c79f240 Exception <a 'java/lang/NoSuchMethodError'{0x000000075ddaeb20}: 'java.lang.Object java.lang.invoke.DirectMethodHandle$Holder.invokeStatic(java.lang.Object, java.lang.Object, int)'> (0x000000075ddaeb20) 
thrown [src/hotspot/share/interpreter/linkResolver.cpp, line 773]
Event: 1,769 Thread 0x00007f597c000ff0 Exception <a 'java/lang/NoSuchMethodError'{0x000000075ddf60b0}: 'java.lang.Object java.lang.invoke.Invokers$Holder.invokeExact_MT(java.lang.Object, java.lang.Object, java.lang.Object, java.lang.Object, java.lang.Object, java.lang.Object)'> (0x000000075ddf60b0) 
thrown [src/hotspot/share/interpreter/linkResolver.cpp, line 773]
Event: 1,775 Thread 0x00007f5a0c79f240 Implicit null exception at 0x00007f59fc708162 to 0x00007f59fc7086f8
Event: 1,935 Thread 0x00007f5a0c79f240 Exception <a 'java/lang/NoSuchMethodError'{0x000000075dae32a8}: 'int java.lang.invoke.DirectMethodHandle$Holder.invokeSpecial(java.lang.Object, java.lang.Object, java.lang.Object)'> (0x000000075dae32a8) 
thrown [src/hotspot/share/interpreter/linkResolver.cpp, line 773]

VM Operations (20 events):
Event: 1,422 Executing VM operation: HandshakeAllThreads
Event: 1,422 Executing VM operation: HandshakeAllThreads done
Event: 1,422 Executing VM operation: HandshakeAllThreads
Event: 1,422 Executing VM operation: HandshakeAllThreads done
Event: 1,431 Executing VM operation: HandshakeAllThreads
Event: 1,431 Executing VM operation: HandshakeAllThreads done
Event: 1,531 Executing VM operation: HandshakeAllThreads
Event: 1,531 Executing VM operation: HandshakeAllThreads done
Event: 1,602 Executing VM operation: HandshakeAllThreads
Event: 1,602 Executing VM operation: HandshakeAllThreads done
Event: 1,633 Executing VM operation: HandshakeAllThreads
Event: 1,633 Executing VM operation: HandshakeAllThreads done
Event: 1,634 Executing VM operation: HandshakeAllThreads
Event: 1,634 Executing VM operation: HandshakeAllThreads done
Event: 1,664 Executing VM operation: HandshakeAllThreads
Event: 1,664 Executing VM operation: HandshakeAllThreads done
Event: 1,688 Executing VM operation: HandshakeAllThreads
Event: 1,688 Executing VM operation: HandshakeAllThreads done
Event: 1,737 Executing VM operation: HandshakeAllThreads
Event: 1,737 Executing VM operation: HandshakeAllThreads done

Events (20 events):
Event: 0,235 Protecting memory [0x00007f59f0000000,0x00007f59f0004000] with protection modes 0
Event: 0,373 Thread 0x00007f5a0c5938b0 Thread added: 0x00007f5a0c5938b0
Event: 0,373 Protecting memory [0x00007f59e1f00000,0x00007f59e1f04000] with protection modes 0
Event: 0,373 Thread 0x00007f5a0c595930 Thread added: 0x00007f5a0c595930
Event: 0,373 Protecting memory [0x00007f59e1b00000,0x00007f59e1b04000] with protection modes 0
Event: 0,430 Thread 0x00007f596c0c2ff0 Thread exited: 0x00007f596c0c2ff0
Event: 0,520 Thread 0x00007f59780a6d20 Thread added: 0x00007f59780a6d20
Event: 0,520 Protecting memory [0x00007f59f0000000,0x00007f59f0004000] with protection modes 0
Event: 1,575 Thread 0x00007f5a0c79f240 Thread added: 0x00007f5a0c79f240
Event: 1,575 Thread 0x00007f596c255f00 Thread added: 0x00007f596c255f00
Event: 1,575 Protecting memory [0x00007f59e09fe000,0x00007f59e0a02000] with protection modes 0
Event: 1,576 Thread 0x00007f5a0c02dac0 Thread exited: 0x00007f5a0c02dac0
Event: 1,576 Protecting memory [0x00007f5a13d00000,0x00007f5a13d04000] with protection modes 0
Event: 1,576 Thread 0x00007f5a0c02dac0 Thread added: 0x00007f5a0c02dac0
Event: 1,576 Protecting memory [0x00007f59e08fe000,0x00007f59e0902000] with protection modes 0
Event: 1,586 Thread 0x00007f597c000ff0 Thread added: 0x00007f597c000ff0
Event: 1,586 Protecting memory [0x00007f59e07fe000,0x00007f59e0802000] with protection modes 0
Event: 1,762 Thread 0x00007f594404bd00 Thread added: 0x00007f594404bd00
Event: 1,764 Protecting memory [0x00007f5a13c84000,0x00007f5a13c88000] with protection modes 0
Event: 1,878 Thread 0x00007f596c255f00 Thread exited: 0x00007f596c255f00


Dynamic libraries:
753600000-75e400000 rw-p 00000000 00:00 0 
75e400000-7ffc00000 ---p 00000000 00:00 0 
7ffc00000-7ffd00000 rw-p 00000000 00:00 0 
7ffd00000-7ffd79000 rw-p 00d3c000 08:03 1064326                          /home/sick/.jdks/corretto-20.0.2.1/lib/server/classes.jsa
7ffd79000-7ffe00000 rw-p 00000000 00:00 0 
7ffe00000-7ffe83000 rw-p 00cb9000 08:03 1064326                          /home/sick/.jdks/corretto-20.0.2.1/lib/server/classes.jsa
7ffe83000-800000000 rw-p 00000000 00:00 0 
556d6b400000-556d6b401000 r-xp 00000000 08:03 1064426                    /home/sick/.jdks/corretto-20.0.2.1/bin/java
556d6b601000-556d6b602000 r--p 00001000 08:03 1064426                    /home/sick/.jdks/corretto-20.0.2.1/bin/java
556d6b602000-556d6b603000 rw-p 00002000 08:03 1064426                    /home/sick/.jdks/corretto-20.0.2.1/bin/java
556d6cd5e000-556d6cda6000 rw-p 00000000 00:00 0                          [heap]
7f593c000000-7f593c021000 rw-p 00000000 00:00 0 
7f593c021000-7f5940000000 ---p 00000000 00:00 0 
7f5944000000-7f594418f000 rw-p 00000000 00:00 0 
7f594418f000-7f5948000000 ---p 00000000 00:00 0 
7f5948000000-7f5948035000 rw-p 00000000 00:00 0 
7f5948035000-7f594c000000 ---p 00000000 00:00 0 
7f594c000000-7f594c021000 rw-p 00000000 00:00 0 
7f594c021000-7f5950000000 ---p 00000000 00:00 0 
7f5950000000-7f595003e000 rw-p 00000000 00:00 0 
7f595003e000-7f5954000000 ---p 00000000 00:00 0 
7f5954000000-7f5954021000 rw-p 00000000 00:00 0 
7f5954021000-7f5958000000 ---p 00000000 00:00 0 
7f5958000000-7f5958021000 rw-p 00000000 00:00 0 
7f5958021000-7f595c000000 ---p 00000000 00:00 0 
7f595c000000-7f595c021000 rw-p 00000000 00:00 0 
7f595c021000-7f5960000000 ---p 00000000 00:00 0 
7f5960000000-7f5960021000 rw-p 00000000 00:00 0 
7f5960021000-7f5964000000 ---p 00000000 00:00 0 
7f5964000000-7f596425c000 rw-p 00000000 00:00 0 
7f596425c000-7f5968000000 ---p 00000000 00:00 0 
7f5968000000-7f5968021000 rw-p 00000000 00:00 0 
7f5968021000-7f596c000000 ---p 00000000 00:00 0 
7f596c000000-7f596c265000 rw-p 00000000 00:00 0 
7f596c265000-7f5970000000 ---p 00000000 00:00 0 
7f5970000000-7f5970021000 rw-p 00000000 00:00 0 
7f5970021000-7f5974000000 ---p 00000000 00:00 0 
7f5974000000-7f5974021000 rw-p 00000000 00:00 0 
7f5974021000-7f5978000000 ---p 00000000 00:00 0 
7f5978000000-7f597836f000 rw-p 00000000 00:00 0 
7f597836f000-7f597c000000 ---p 00000000 00:00 0 
7f597c000000-7f597c021000 rw-p 00000000 00:00 0 
7f597c021000-7f5980000000 ---p 00000000 00:00 0 
7f5980000000-7f5980021000 rw-p 00000000 00:00 0 
7f5980021000-7f5984000000 ---p 00000000 00:00 0 
7f5984000000-7f5984021000 rw-p 00000000 00:00 0 
7f5984021000-7f5988000000 ---p 00000000 00:00 0 
7f5988000000-7f5988021000 rw-p 00000000 00:00 0 
7f5988021000-7f598c000000 ---p 00000000 00:00 0 
7f598c000000-7f598c021000 rw-p 00000000 00:00 0 
7f598c021000-7f5990000000 ---p 00000000 00:00 0 
7f5992800000-7f599289a000 r--p 00000000 08:03 421364                     /usr/lib/x86_64-linux-gnu/libstdc++.so.6.0.30
7f599289a000-7f59929ab000 r-xp 0009a000 08:03 421364                     /usr/lib/x86_64-linux-gnu/libstdc++.so.6.0.30
7f59929ab000-7f5992a1a000 r--p 001ab000 08:03 421364                     /usr/lib/x86_64-linux-gnu/libstdc++.so.6.0.30
7f5992a1a000-7f5992a1b000 ---p 0021a000 08:03 421364                     /usr/lib/x86_64-linux-gnu/libstdc++.so.6.0.30
7f5992a1b000-7f5992a26000 r--p 0021a000 08:03 421364                     /usr/lib/x86_64-linux-gnu/libstdc++.so.6.0.30
7f5992a26000-7f5992a29000 rw-p 00225000 08:03 421364                     /usr/lib/x86_64-linux-gnu/libstdc++.so.6.0.30
7f5992a29000-7f5992a2c000 rw-p 00000000 00:00 0 
7f5992c00000-7f5992c86000 r--p 00000000 08:03 440749                     /usr/local/lib/libOPENFHEpke.so.1.1.2
7f5992c86000-7f5992e0f000 r-xp 00086000 08:03 440749                     /usr/local/lib/libOPENFHEpke.so.1.1.2
7f5992e0f000-7f5992e69000 r--p 0020f000 08:03 440749                     /usr/local/lib/libOPENFHEpke.so.1.1.2
7f5992e69000-7f5992e6a000 ---p 00269000 08:03 440749                     /usr/local/lib/libOPENFHEpke.so.1.1.2
7f5992e6a000-7f5992e71000 r--p 00269000 08:03 440749                     /usr/local/lib/libOPENFHEpke.so.1.1.2
7f5992e71000-7f5992e73000 rw-p 00270000 08:03 440749                     /usr/local/lib/libOPENFHEpke.so.1.1.2
7f5992e73000-7f5992e74000 rw-p 00000000 00:00 0 
7f5993000000-7f5993c7c000 rw-p 00001000 08:03 1064326                    /home/sick/.jdks/corretto-20.0.2.1/lib/server/classes.jsa
7f5993c7c000-7f5994000000 ---p 00000000 00:00 0 
7f5994000000-7f5994030000 rw-p 00000000 00:00 0 
7f5994030000-7f59940b0000 rw-p 00000000 00:00 0 
7f59940b0000-7f59940d0000 rw-p 00000000 00:00 0 
7f59940d0000-7f59d4000000 ---p 00000000 00:00 0 
7f59d4000000-7f59d4021000 rw-p 00000000 00:00 0 
7f59d4021000-7f59d8000000 ---p 00000000 00:00 0 
7f59d8000000-7f59d83f0000 rw-p 00000000 00:00 0 
7f59d83f0000-7f59d86b0000 rw-p 00000000 00:00 0 
7f59d86b0000-7f59d86f0000 rw-p 00000000 00:00 0 
7f59d86f0000-7f59d8810000 rw-p 00000000 00:00 0 
7f59d8810000-7f59dc000000 ---p 00000000 00:00 0 
7f59dc000000-7f59dc021000 rw-p 00000000 00:00 0 
7f59dc021000-7f59e0000000 ---p 00000000 00:00 0 
7f59e0201000-7f59e0290000 r--p 00000000 08:03 440755                     /usr/local/lib/libcrypto.so.1.0.0
7f59e0290000-7f59e0398000 r-xp 0008f000 08:03 440755                     /usr/local/lib/libcrypto.so.1.0.0
7f59e0398000-7f59e03f6000 r--p 00197000 08:03 440755                     /usr/local/lib/libcrypto.so.1.0.0
7f59e03f6000-7f59e03f7000 ---p 001f5000 08:03 440755                     /usr/local/lib/libcrypto.so.1.0.0
7f59e03f7000-7f59e03fd000 r--p 001f5000 08:03 440755                     /usr/local/lib/libcrypto.so.1.0.0
7f59e03fd000-7f59e03ff000 rw-p 001fb000 08:03 440755                     /usr/local/lib/libcrypto.so.1.0.0
7f59e03ff000-7f59e0400000 rw-p 00000000 00:00 0 
7f59e0400000-7f59e0418000 r-xp 00000000 08:03 1077521                    /home/sick/.cache/JNA/temp/jna9756726645321608431.tmp (deleted)
7f59e0418000-7f59e0618000 ---p 00018000 08:03 1077521                    /home/sick/.cache/JNA/temp/jna9756726645321608431.tmp (deleted)
7f59e0618000-7f59e0619000 rw-p 00018000 08:03 1077521                    /home/sick/.cache/JNA/temp/jna9756726645321608431.tmp (deleted)
7f59e062d000-7f59e069c000 r--p 00000000 08:03 440712                     /usr/local/lib/libOPENFHEcore.so.1.1.2
7f59e069c000-7f59e07b9000 r-xp 0006f000 08:03 440712                     /usr/local/lib/libOPENFHEcore.so.1.1.2
7f59e07b9000-7f59e07f5000 r--p 0018c000 08:03 440712                     /usr/local/lib/libOPENFHEcore.so.1.1.2
7f59e07f5000-7f59e07f6000 ---p 001c8000 08:03 440712                     /usr/local/lib/libOPENFHEcore.so.1.1.2
7f59e07f6000-7f59e07fa000 r--p 001c8000 08:03 440712                     /usr/local/lib/libOPENFHEcore.so.1.1.2
7f59e07fa000-7f59e07fc000 rw-p 001cc000 08:03 440712                     /usr/local/lib/libOPENFHEcore.so.1.1.2
7f59e07fc000-7f59e07fe000 rw-p 00000000 00:00 0 
7f59e07fe000-7f59e0802000 ---p 00000000 00:00 0 
7f59e0802000-7f59e08fe000 rw-p 00000000 00:00 0 
7f59e08fe000-7f59e0902000 ---p 00000000 00:00 0 
7f59e0902000-7f59e09fe000 rw-p 00000000 00:00 0 
7f59e09fe000-7f59e0a02000 ---p 00000000 00:00 0 
7f59e0a02000-7f59e0afe000 rw-p 00000000 00:00 0 
7f59e0afe000-7f59e0aff000 ---p 00000000 00:00 0 
7f59e0aff000-7f59e0c00000 rw-p 00000000 00:00 0 
7f59e0c00000-7f59e0c02000 r-xp 00000000 08:03 1064359                    /home/sick/.jdks/corretto-20.0.2.1/lib/libextnet.so
7f59e0c02000-7f59e0e01000 ---p 00002000 08:03 1064359                    /home/sick/.jdks/corretto-20.0.2.1/lib/libextnet.so
7f59e0e01000-7f59e0e02000 r--p 00001000 08:03 1064359                    /home/sick/.jdks/corretto-20.0.2.1/lib/libextnet.so
7f59e0e02000-7f59e0e03000 rw-p 00000000 00:00 0 
7f59e0efe000-7f59e0eff000 ---p 00000000 00:00 0 
7f59e0eff000-7f59e1000000 rw-p 00000000 00:00 0 
7f59e1000000-7f59e100d000 r-xp 00000000 08:03 1064315                    /home/sick/.jdks/corretto-20.0.2.1/lib/libverify.so
7f59e100d000-7f59e120c000 ---p 0000d000 08:03 1064315                    /home/sick/.jdks/corretto-20.0.2.1/lib/libverify.so
7f59e120c000-7f59e120e000 r--p 0000c000 08:03 1064315                    /home/sick/.jdks/corretto-20.0.2.1/lib/libverify.so
7f59e120e000-7f59e120f000 rw-p 00000000 00:00 0 
7f59e12fe000-7f59e12ff000 ---p 00000000 00:00 0 
7f59e12ff000-7f59e1400000 rw-p 00000000 00:00 0 
7f59e1400000-7f59e140b000 r-xp 00000000 08:03 1064312                    /home/sick/.jdks/corretto-20.0.2.1/lib/libnet.so
7f59e140b000-7f59e160a000 ---p 0000b000 08:03 1064312                    /home/sick/.jdks/corretto-20.0.2.1/lib/libnet.so
7f59e160a000-7f59e160b000 r--p 0000a000 08:03 1064312                    /home/sick/.jdks/corretto-20.0.2.1/lib/libnet.so
7f59e160b000-7f59e160c000 rw-p 00000000 00:00 0 
7f59e16fe000-7f59e16ff000 ---p 00000000 00:00 0 
7f59e16ff000-7f59e1800000 rw-p 00000000 00:00 0 
7f59e1800000-7f59e1812000 r-xp 00000000 08:03 1064313                    /home/sick/.jdks/corretto-20.0.2.1/lib/libnio.so
7f59e1812000-7f59e1a12000 ---p 00012000 08:03 1064313                    /home/sick/.jdks/corretto-20.0.2.1/lib/libnio.so
7f59e1a12000-7f59e1a13000 r--p 00012000 08:03 1064313                    /home/sick/.jdks/corretto-20.0.2.1/lib/libnio.so
7f59e1a13000-7f59e1a14000 rw-p 00013000 08:03 1064313                    /home/sick/.jdks/corretto-20.0.2.1/lib/libnio.so
7f59e1b00000-7f59e1b04000 ---p 00000000 00:00 0 
7f59e1b04000-7f59e1c00000 rw-p 00000000 00:00 0 
7f59e1c00000-7f59e1c07000 r-xp 00000000 08:03 1064316                    /home/sick/.jdks/corretto-20.0.2.1/lib/libzip.so
7f59e1c07000-7f59e1e07000 ---p 00007000 08:03 1064316                    /home/sick/.jdks/corretto-20.0.2.1/lib/libzip.so
7f59e1e07000-7f59e1e08000 r--p 00007000 08:03 1064316                    /home/sick/.jdks/corretto-20.0.2.1/lib/libzip.so
7f59e1e08000-7f59e1e09000 rw-p 00000000 00:00 0 
7f59e1f00000-7f59e1f04000 ---p 00000000 00:00 0 
7f59e1f04000-7f59e4000000 rw-p 00000000 00:00 0 
7f59e4000000-7f59e4021000 rw-p 00000000 00:00 0 
7f59e4021000-7f59e8000000 ---p 00000000 00:00 0 
7f59e8000000-7f59e8021000 rw-p 00000000 00:00 0 
7f59e8021000-7f59ec000000 ---p 00000000 00:00 0 
7f59ec000000-7f59ec021000 rw-p 00000000 00:00 0 
7f59ec021000-7f59f0000000 ---p 00000000 00:00 0 
7f59f0000000-7f59f0004000 ---p 00000000 00:00 0 
7f59f0004000-7f59f0100000 rw-p 00000000 00:00 0 
7f59f0100000-7f59f0104000 ---p 00000000 00:00 0 
7f59f0104000-7f59f0200000 rw-p 00000000 00:00 0 
7f59f0200000-7f59f0204000 ---p 00000000 00:00 0 
7f59f0204000-7f59f0300000 rw-p 00000000 00:00 0 
7f59f0300000-7f59f0304000 ---p 00000000 00:00 0 
7f59f0304000-7f59f0400000 rw-p 00000000 00:00 0 
7f59f0400000-7f59f0404000 ---p 00000000 00:00 0 
7f59f0404000-7f59f0500000 rw-p 00000000 00:00 0 
7f59f0500000-7f59f0504000 ---p 00000000 00:00 0 
7f59f0504000-7f59f0600000 rw-p 00000000 00:00 0 
7f59f0600000-7f59f0604000 ---p 00000000 00:00 0 
7f59f0604000-7f59f0700000 rw-p 00000000 00:00 0 
7f59f0700000-7f59f0704000 ---p 00000000 00:00 0 
7f59f0704000-7f59f0800000 rw-p 00000000 00:00 0 
7f59f0800000-7f59f0dca000 r--p 00000000 08:03 395405                     /usr/lib/locale/locale-archive
7f59f0dfe000-7f59f0e02000 ---p 00000000 00:00 0 
7f59f0e02000-7f59f0efe000 rw-p 00000000 00:00 0 
7f59f0efe000-7f59f0eff000 ---p 00000000 00:00 0 
7f59f0eff000-7f59f1000000 rw-p 00000000 00:00 0 
7f59f1000000-7f59f10ce000 r-xp 00000000 08:03 1064351                    /home/sick/.jdks/corretto-20.0.2.1/lib/libjsvml.so
7f59f10ce000-7f59f12cd000 ---p 000ce000 08:03 1064351                    /home/sick/.jdks/corretto-20.0.2.1/lib/libjsvml.so
7f59f12cd000-7f59f12ce000 r--p 000cd000 08:03 1064351                    /home/sick/.jdks/corretto-20.0.2.1/lib/libjsvml.so
7f59f12ce000-7f59f12cf000 rw-p 000ce000 08:03 1064351                    /home/sick/.jdks/corretto-20.0.2.1/lib/libjsvml.so
7f59f1369000-7f59f136a000 ---p 00000000 00:00 0 
7f59f136a000-7f59f146b000 rw-p 00000000 00:00 0 
7f59f146b000-7f59f146c000 ---p 00000000 00:00 0 
7f59f146c000-7f59f1e2b000 rw-p 00000000 00:00 0 
7f59f1e2b000-7f59f468b000 ---p 00000000 00:00 0 
7f59f468b000-7f59f46f2000 rw-p 00000000 00:00 0 
7f59f46f2000-7f59f4bfe000 ---p 00000000 00:00 0 
7f59f4bfe000-7f59f4c00000 rw-p 00000000 00:00 0 
7f59f4c00000-7f59f4e70000 rwxp 00000000 00:00 0 
7f59f4e70000-7f59fc137000 ---p 00000000 00:00 0 
7f59fc137000-7f59fc3a7000 rwxp 00000000 00:00 0 
7f59fc3a7000-7f59fc6c9000 ---p 00000000 00:00 0 
7f59fc6c9000-7f59fc939000 rwxp 00000000 00:00 0 
7f59fc939000-7f5a03c00000 ---p 00000000 00:00 0 
7f5a03c00000-7f5a0bf94000 r--s 00000000 08:03 1064302                    /home/sick/.jdks/corretto-20.0.2.1/lib/modules
7f5a0c000000-7f5a0c7a5000 rw-p 00000000 00:00 0 
7f5a0c7a5000-7f5a10000000 ---p 00000000 00:00 0 
7f5a10028000-7f5a1022a000 rw-p 00000000 00:00 0 
7f5a1022a000-7f5a1022b000 ---p 00000000 00:00 0 
7f5a1022b000-7f5a1032c000 rw-p 00000000 00:00 0 
7f5a1032c000-7f5a1032d000 ---p 00000000 00:00 0 
7f5a1032d000-7f5a1042e000 rw-p 00000000 00:00 0 
7f5a1042e000-7f5a1042f000 ---p 00000000 00:00 0 
7f5a1042f000-7f5a10587000 rw-p 00000000 00:00 0 
7f5a10587000-7f5a10a93000 ---p 00000000 00:00 0 
7f5a10a93000-7f5a10aec000 rw-p 00000000 00:00 0 
7f5a10aec000-7f5a10ff8000 ---p 00000000 00:00 0 
7f5a10ff8000-7f5a11600000 rw-p 00000000 00:00 0 
7f5a11600000-7f5a11625000 r-xp 00000000 08:03 1064308                    /home/sick/.jdks/corretto-20.0.2.1/lib/libjava.so
7f5a11625000-7f5a11825000 ---p 00025000 08:03 1064308                    /home/sick/.jdks/corretto-20.0.2.1/lib/libjava.so
7f5a11825000-7f5a11826000 r--p 00025000 08:03 1064308                    /home/sick/.jdks/corretto-20.0.2.1/lib/libjava.so
7f5a11826000-7f5a11827000 rw-p 00026000 08:03 1064308                    /home/sick/.jdks/corretto-20.0.2.1/lib/libjava.so
7f5a11827000-7f5a11828000 rw-p 00000000 00:00 0 
7f5a118ff000-7f5a11a00000 rw-p 00000000 00:00 0 
7f5a11a00000-7f5a11a0a000 r-xp 00000000 08:03 1064341                    /home/sick/.jdks/corretto-20.0.2.1/lib/libinstrument.so
7f5a11a0a000-7f5a11c09000 ---p 0000a000 08:03 1064341                    /home/sick/.jdks/corretto-20.0.2.1/lib/libinstrument.so
7f5a11c09000-7f5a11c0a000 r--p 00009000 08:03 1064341                    /home/sick/.jdks/corretto-20.0.2.1/lib/libinstrument.so
7f5a11c0a000-7f5a11c0b000 rw-p 0000a000 08:03 1064341                    /home/sick/.jdks/corretto-20.0.2.1/lib/libinstrument.so
7f5a11c54000-7f5a11c6a000 r--p 00000000 08:03 440752                     /usr/local/lib/libOPENFHEbinfhe.so.1.1.2
7f5a11c6a000-7f5a11ca7000 r-xp 00016000 08:03 440752                     /usr/local/lib/libOPENFHEbinfhe.so.1.1.2
7f5a11ca7000-7f5a11cb1000 r--p 00053000 08:03 440752                     /usr/local/lib/libOPENFHEbinfhe.so.1.1.2
7f5a11cb1000-7f5a11cb2000 ---p 0005d000 08:03 440752                     /usr/local/lib/libOPENFHEbinfhe.so.1.1.2
7f5a11cb2000-7f5a11cb4000 r--p 0005d000 08:03 440752                     /usr/local/lib/libOPENFHEbinfhe.so.1.1.2
7f5a11cb4000-7f5a11cb5000 rw-p 0005f000 08:03 440752                     /usr/local/lib/libOPENFHEbinfhe.so.1.1.2
7f5a11cb5000-7f5a11cbf000 r--p 00000000 08:03 420681                     /usr/lib/x86_64-linux-gnu/libgomp.so.1.0.0
7f5a11cbf000-7f5a11cf0000 r-xp 0000a000 08:03 420681                     /usr/lib/x86_64-linux-gnu/libgomp.so.1.0.0
7f5a11cf0000-7f5a11cfd000 r--p 0003b000 08:03 420681                     /usr/lib/x86_64-linux-gnu/libgomp.so.1.0.0
7f5a11cfd000-7f5a11cfe000 r--p 00047000 08:03 420681                     /usr/lib/x86_64-linux-gnu/libgomp.so.1.0.0
7f5a11cfe000-7f5a11cff000 rw-p 00048000 08:03 420681                     /usr/lib/x86_64-linux-gnu/libgomp.so.1.0.0
7f5a11cff000-7f5a11e00000 rw-p 00000000 00:00 0 
7f5a11e00000-7f5a11e1b000 r-xp 00000000 08:03 1064309                    /home/sick/.jdks/corretto-20.0.2.1/lib/libjimage.so
7f5a11e1b000-7f5a1201a000 ---p 0001b000 08:03 1064309                    /home/sick/.jdks/corretto-20.0.2.1/lib/libjimage.so
7f5a1201a000-7f5a1201c000 r--p 0001a000 08:03 1064309                    /home/sick/.jdks/corretto-20.0.2.1/lib/libjimage.so
7f5a1201c000-7f5a1201d000 rw-p 0001c000 08:03 1064309                    /home/sick/.jdks/corretto-20.0.2.1/lib/libjimage.so
7f5a12039000-7f5a1211a000 rw-p 00000000 00:00 0 
7f5a1211a000-7f5a12200000 ---p 00000000 00:00 0 
7f5a12200000-7f5a1356c000 r-xp 00000000 08:03 1064324                    /home/sick/.jdks/corretto-20.0.2.1/lib/server/libjvm.so
7f5a1356c000-7f5a1376c000 ---p 0136c000 08:03 1064324                    /home/sick/.jdks/corretto-20.0.2.1/lib/server/libjvm.so
7f5a1376c000-7f5a13839000 r--p 0136c000 08:03 1064324                    /home/sick/.jdks/corretto-20.0.2.1/lib/server/libjvm.so
7f5a13839000-7f5a1386f000 rw-p 01439000 08:03 1064324                    /home/sick/.jdks/corretto-20.0.2.1/lib/server/libjvm.so
7f5a1386f000-7f5a138cf000 rw-p 00000000 00:00 0 
7f5a138f5000-7f5a138f8000 r--p 00000000 08:03 420590                     /usr/lib/x86_64-linux-gnu/libgcc_s.so.1
7f5a138f8000-7f5a1390f000 r-xp 00003000 08:03 420590                     /usr/lib/x86_64-linux-gnu/libgcc_s.so.1
7f5a1390f000-7f5a13913000 r--p 0001a000 08:03 420590                     /usr/lib/x86_64-linux-gnu/libgcc_s.so.1
7f5a13913000-7f5a13914000 r--p 0001d000 08:03 420590                     /usr/lib/x86_64-linux-gnu/libgcc_s.so.1
7f5a13914000-7f5a13915000 rw-p 0001e000 08:03 420590                     /usr/lib/x86_64-linux-gnu/libgcc_s.so.1
7f5a13915000-7f5a1391a000 rw-p 00000000 00:00 0 
7f5a1391a000-7f5a13a00000 ---p 00000000 00:00 0 
7f5a13a00000-7f5a13a28000 r--p 00000000 08:03 395353                     /usr/lib/x86_64-linux-gnu/libc.so.6
7f5a13a28000-7f5a13bbd000 r-xp 00028000 08:03 395353                     /usr/lib/x86_64-linux-gnu/libc.so.6
7f5a13bbd000-7f5a13c15000 r--p 001bd000 08:03 395353                     /usr/lib/x86_64-linux-gnu/libc.so.6
7f5a13c15000-7f5a13c16000 ---p 00215000 08:03 395353                     /usr/lib/x86_64-linux-gnu/libc.so.6
7f5a13c16000-7f5a13c1a000 r--p 00215000 08:03 395353                     /usr/lib/x86_64-linux-gnu/libc.so.6
7f5a13c1a000-7f5a13c1c000 rw-p 00219000 08:03 395353                     /usr/lib/x86_64-linux-gnu/libc.so.6
7f5a13c1c000-7f5a13c6a000 rw-p 00000000 00:00 0 
7f5a13c7d000-7f5a13c84000 r--s 00000000 08:03 418952                     /usr/lib/x86_64-linux-gnu/gconv/gconv-modules.cache
7f5a13c84000-7f5a13c88000 ---p 00000000 00:00 0 
7f5a13c88000-7f5a13d00000 rw-p 00000000 00:00 0 
7f5a13d00000-7f5a13d04000 ---p 00000000 00:00 0 
7f5a13d04000-7f5a13e00000 rw-p 00000000 00:00 0 
7f5a13e00000-7f5a13e0f000 r-xp 00000000 08:03 1064310                    /home/sick/.jdks/corretto-20.0.2.1/lib/libjli.so
7f5a13e0f000-7f5a1400e000 ---p 0000f000 08:03 1064310                    /home/sick/.jdks/corretto-20.0.2.1/lib/libjli.so
7f5a1400e000-7f5a1400f000 r--p 0000e000 08:03 1064310                    /home/sick/.jdks/corretto-20.0.2.1/lib/libjli.so
7f5a1400f000-7f5a14010000 rw-p 0000f000 08:03 1064310                    /home/sick/.jdks/corretto-20.0.2.1/lib/libjli.so
7f5a14014000-7f5a14019000 rw-p 00000000 00:00 0 
7f5a14019000-7f5a14020000 ---p 00000000 00:00 0 
7f5a14020000-7f5a1402e000 r--p 00000000 08:03 395363                     /usr/lib/x86_64-linux-gnu/libm.so.6
7f5a1402e000-7f5a140aa000 r-xp 0000e000 08:03 395363                     /usr/lib/x86_64-linux-gnu/libm.so.6
7f5a140aa000-7f5a14105000 r--p 0008a000 08:03 395363                     /usr/lib/x86_64-linux-gnu/libm.so.6
7f5a14105000-7f5a14106000 r--p 000e4000 08:03 395363                     /usr/lib/x86_64-linux-gnu/libm.so.6
7f5a14106000-7f5a14107000 rw-p 000e5000 08:03 395363                     /usr/lib/x86_64-linux-gnu/libm.so.6
7f5a14107000-7f5a14108000 r--p 00000000 08:03 395439                     /usr/lib/x86_64-linux-gnu/librt.so.1
7f5a14108000-7f5a14109000 r-xp 00001000 08:03 395439                     /usr/lib/x86_64-linux-gnu/librt.so.1
7f5a14109000-7f5a1410a000 r--p 00002000 08:03 395439                     /usr/lib/x86_64-linux-gnu/librt.so.1
7f5a1410a000-7f5a1410b000 r--p 00002000 08:03 395439                     /usr/lib/x86_64-linux-gnu/librt.so.1
7f5a1410b000-7f5a1410c000 rw-p 00003000 08:03 395439                     /usr/lib/x86_64-linux-gnu/librt.so.1
7f5a1410c000-7f5a14110000 rw-p 00000000 00:00 0 
7f5a14110000-7f5a14111000 r--p 00000000 08:03 395362                     /usr/lib/x86_64-linux-gnu/libdl.so.2
7f5a14111000-7f5a14112000 r-xp 00001000 08:03 395362                     /usr/lib/x86_64-linux-gnu/libdl.so.2
7f5a14112000-7f5a14113000 r--p 00002000 08:03 395362                     /usr/lib/x86_64-linux-gnu/libdl.so.2
7f5a14113000-7f5a14114000 r--p 00002000 08:03 395362                     /usr/lib/x86_64-linux-gnu/libdl.so.2
7f5a14114000-7f5a14115000 rw-p 00003000 08:03 395362                     /usr/lib/x86_64-linux-gnu/libdl.so.2
7f5a14115000-7f5a14116000 r--p 00000000 08:03 395406                     /usr/lib/x86_64-linux-gnu/libpthread.so.0
7f5a14116000-7f5a14117000 r-xp 00001000 08:03 395406                     /usr/lib/x86_64-linux-gnu/libpthread.so.0
7f5a14117000-7f5a14118000 r--p 00002000 08:03 395406                     /usr/lib/x86_64-linux-gnu/libpthread.so.0
7f5a14118000-7f5a14119000 r--p 00002000 08:03 395406                     /usr/lib/x86_64-linux-gnu/libpthread.so.0
7f5a14119000-7f5a1411a000 rw-p 00003000 08:03 395406                     /usr/lib/x86_64-linux-gnu/libpthread.so.0
7f5a1411a000-7f5a1411c000 r--p 00000000 08:03 421632                     /usr/lib/x86_64-linux-gnu/libz.so.1.2.11
7f5a1411c000-7f5a1412d000 r-xp 00002000 08:03 421632                     /usr/lib/x86_64-linux-gnu/libz.so.1.2.11
7f5a1412d000-7f5a14133000 r--p 00013000 08:03 421632                     /usr/lib/x86_64-linux-gnu/libz.so.1.2.11
7f5a14133000-7f5a14134000 ---p 00019000 08:03 421632                     /usr/lib/x86_64-linux-gnu/libz.so.1.2.11
7f5a14134000-7f5a14135000 r--p 00019000 08:03 421632                     /usr/lib/x86_64-linux-gnu/libz.so.1.2.11
7f5a14135000-7f5a14136000 rw-p 0001a000 08:03 421632                     /usr/lib/x86_64-linux-gnu/libz.so.1.2.11
7f5a1413a000-7f5a14142000 rw-s 00000000 08:03 1179794                    /tmp/hsperfdata_sick/352570
7f5a14142000-7f5a14143000 ---p 00000000 00:00 0 
7f5a14143000-7f5a14144000 r--p 00000000 00:00 0 
7f5a14144000-7f5a14146000 rw-p 00000000 00:00 0 
7f5a14146000-7f5a14148000 r--p 00000000 08:03 395342                     /usr/lib/x86_64-linux-gnu/ld-linux-x86-64.so.2
7f5a14148000-7f5a14172000 r-xp 00002000 08:03 395342                     /usr/lib/x86_64-linux-gnu/ld-linux-x86-64.so.2
7f5a14172000-7f5a1417d000 r--p 0002c000 08:03 395342                     /usr/lib/x86_64-linux-gnu/ld-linux-x86-64.so.2
7f5a1417d000-7f5a1417e000 ---p 00000000 00:00 0 
7f5a1417e000-7f5a14180000 r--p 00037000 08:03 395342                     /usr/lib/x86_64-linux-gnu/ld-linux-x86-64.so.2
7f5a14180000-7f5a14182000 rw-p 00039000 08:03 395342                     /usr/lib/x86_64-linux-gnu/ld-linux-x86-64.so.2
7ffc6cd76000-7ffc6cd9a000 rw-p 00000000 00:00 0                          [stack]
7ffc6cde8000-7ffc6cdec000 r--p 00000000 00:00 0                          [vvar]
7ffc6cdec000-7ffc6cdee000 r-xp 00000000 00:00 0                          [vdso]
ffffffffff600000-ffffffffff601000 --xp 00000000 00:00 0                  [vsyscall]


VM Arguments:
jvm_args: -javaagent:/snap/intellij-idea-ultimate/470/lib/idea_rt.jar=39369:/snap/intellij-idea-ultimate/470/bin -Dfile.encoding=UTF-8 -Dsun.stdout.encoding=UTF-8 -Dsun.stderr.encoding=UTF-8 
java_command: unipassau.thesis.vehicledatadissemination.demo.Alice
java_class_path (initial): /home/sick/Documents/GitHub/Thesis/v2/WORG/vehicle-data-dissemination-master/target/classes:/home/sick/.m2/repository/org/springframework/boot/spring-boot-starter-security/2.7.5/spring-boot-starter-security-2.7.5.jar:/home/sick/.m2/repository/org/springframework/boot/spring-boot-starter/2.7.5/spring-boot-starter-2.7.5.jar:/home/sick/.m2/repository/org/springframework/boot/spring-boot/2.7.5/spring-boot-2.7.5.jar:/home/sick/.m2/repository/org/springframework/boot/spring-boot-autoconfigure/2.7.5/spring-boot-autoconfigure-2.7.5.jar:/home/sick/.m2/repository/org/springframework/boot/spring-boot-starter-logging/2.7.5/spring-boot-starter-logging-2.7.5.jar:/home/sick/.m2/repository/ch/qos/logback/logback-classic/1.2.11/logback-classic-1.2.11.jar:/home/sick/.m2/repository/ch/qos/logback/logback-core/1.2.11/logback-core-1.2.11.jar:/home/sick/.m2/repository/org/apache/logging/log4j/log4j-to-slf4j/2.17.2/log4j-to-slf4j-2.17.2.jar:/home/sick/.m2/repository/org/apache/logging/log4j/log4j-api/2.17.2/log4j-api-2.17.2.jar:/home/sick/.m2/repository/org/slf4j/jul-to-slf4j/1.7.36/jul-to-slf4j-1.7.36.jar:/home/sick/.m2/repository/jakarta/annotation/jakarta.annotation-api/1.3.5/jakarta.annotation-api-1.3.5.jar:/home/sick/.m2/repository/org/yaml/snakeyaml/1.30/snakeyaml-1.30.jar:/home/sick/.m2/repository/org/springframework/spring-aop/5.3.23/spring-aop-5.3.23.jar:/home/sick/.m2/repository/org/springframework/security/spring-security-config/5.7.4/spring-security-config-5.7.4.jar:/home/sick/.m2/repository/org/springframework/security/spring-security-core/5.7.4/spring-security-core-5.7.4.jar:/home/sick/.m2/repository/org/springframework/security/spring-security-crypto/5.7.4/spring-security-crypto-5.7.4.jar:/home/sick/.m2/repository/org/springframework/spring-context/5.3.23/spring-context-5.3.23.jar:/home/sick/.m2/repository/org/springframework/security/spring-security-web/5.7.4/spring-security-web-5.7.4.jar:/home/sick/.m2/repository/org/springframework/spring-expression/5.3.23/spring-expression-5.3.23.jar:/home/sick/.m2/repository/org/springframework/boot/spring-boot-starter-web/2.7.5/spring-boot-starter-web-2.7.5.jar:/home/sick/.m2/repository/org/springframework/boot/spring-boot-starter-json/2.7.5/spring-boot-starter-json-2.7.5.jar:/home/sick/.m2/repository/com/fasterxml/jackson/core/jackson-databind/2.13.4.2/jackson-databind-2.13.4.2.jar:/home/sick/.m2/repository/com/fasterxml/jackson/core/jackson-annotations/2.13.4/jackson-annotations-2.13.4.jar:/home/sick/.m2/repository/com/fasterxml/jackson/core/jackson-core/2.13.4/jackson-core-2.13.4.jar:/home/sick/.m2/repository/com/fasterxml/jackson/datatype/jackson-datatype-jdk8/2.13.4/jackson-datatype-jdk8-2.13.4.jar:/home/sick/.m2/repository/com/fasterxml/jackson/datatype/jackson-datatype-jsr310/2.13.4/jackson-datatype-jsr310-2.13.4.jar:/home/sick/.m2/repository/com/fasterxml/jackson/module/jackson-module-parameter-names/2.13.4/jackson-module-parameter-names-2.13.4.jar:/home/sick/.m2/repository/org/springframework/boot/spring-boot-starter-tomcat/2.7.5/spring-boot-starter-tomcat-2.7.5.jar:/home/sick/.m2/repository/org/apache/tomcat/embed/tomcat-embed-core/9.0.68/tomcat-embed-core-9.0.68.jar:/home/sick/.m2/repository/org/apache/tomcat/embed/tomcat-embed-el/9.0.68/tomcat-embed-el-9.0.68.jar:/home/sick/.m2/repository/org/apache/tomcat/embed/tomcat-embed-websocket/9.0.68/tomcat-embed-websocket-9.0.68.jar:/home/sick/.m2/repository/org/springframework/spring-web/5.3.23/spring-web-5.3.23.jar:/home/sick/.m2/repository/org/springframework/spring-webmvc/5.3.23/spring-webmvc-5.3.23.jar:/home/sick/.m2/repository/org/projectlombok/lombok/1.18.24/lombok-1.18.24.jar:/home/sick/.m2/repository/jakarta/xml/bind/jakarta.xml.bind-api/2.3.3/jakarta.xml.bind-api-2.3.3.jar:/home/sick/.m2/repository/jakarta/activation/jakarta.activation-api/1.2.2/jakarta.activation-api-1.2.2.jar:/home/sick/.m2/repository/org/springframework/spring-core/5.3.23/spring-core-5.3.23.jar:/home/sick/.m2/repository/org/springframework/spring-jcl/5.3.23/spring-jcl-5.3.23.jar:/home/sick/.m2/repository/org/json/json/20220924/json-20220924.jar:/home/sick/.m2/repository/com/squareup/okhttp3/okhttp/4.10.0/okhttp-4.10.0.jar:/home/sick/.m2/repository/com/squareup/okio/okio-jvm/3.0.0/okio-jvm-3.0.0.jar:/home/sick/.m2/repository/org/jetbrains/kotlin/kotlin-stdlib-jdk8/1.6.21/kotlin-stdlib-jdk8-1.6.21.jar:/home/sick/.m2/repository/org/jetbrains/kotlin/kotlin-stdlib-jdk7/1.6.21/kotlin-stdlib-jdk7-1.6.21.jar:/home/sick/.m2/repository/org/jetbrains/kotlin/kotlin-stdlib-common/1.6.21/kotlin-stdlib-common-1.6.21.jar:/home/sick/.m2/repository/org/jetbrains/kotlin/kotlin-stdlib/1.6.21/kotlin-stdlib-1.6.21.jar:/home/sick/.m2/repository/org/jetbrains/annotations/13.0/annotations-13.0.jar:/home/sick/.m2/repository/org/apache/commons/commons-collections4/4.4/commons-collections4-4.4.jar:/home/sick/.m2/repository/jakarta/persistence/jakarta.persistence-api/2.2.3/jakarta.persistence-api-2.2.3.jar:/home/sick/.m2/repository/org/apache/commons/commons-lang3/3.5/commons-lang3-3.5.jar:/home/sick/.m2/repository/org/elasticsearch/jna/5.5.0/jna-5.5.0.jar:/home/sick/.m2/repository/org/springframework/boot/spring-boot-configuration-processor/2.7.5/spring-boot-configuration-processor-2.7.5.jar:/home/sick/.m2/repository/org/springframework/spring-beans/5.3.23/spring-beans-5.3.23.jar:/home/sick/.m2/repository/org/ow2/authzforce/authzforce-ce-core-pdp-engine/20.0.0/authzforce-ce-core-pdp-engine-20.0.0.jar:/home/sick/.m2/repository/org/slf4j/jcl-over-slf4j/1.7.36/jcl-over-slf4j-1.7.36.jar:/home/sick/.m2/repository/com/sun/mail/javax.mail/1.6.2/javax.mail-1.6.2.jar:/home/sick/.m2/repository/javax/activation/activation/1.1/activation-1.1.jar:/home/sick/.m2/repository/xml-resolver/xml-resolver/1.2/xml-resolver-1.2.jar:/home/sick/.m2/repository/org/glassfish/jaxb/jaxb-runtime/2.3.7/jaxb-runtime-2.3.7.jar:/home/sick/.m2/repository/org/glassfish/jaxb/txw2/2.3.7/txw2-2.3.7.jar:/home/sick/.m2/repository/com/sun/istack/istack-commons-runtime/3.0.12/istack-commons-runtime-3.0.12.jar:/home/sick/.m2/repository/com/sun/activation/jakarta.activation/1.2.2/jakarta.activation-1.2.2.jar:/home/sick/.m2/repository/org/ow2/authzforce/authzforce-ce-core-pdp-api/21.1.1/authzforce-ce-core-pdp-api-21.1.1.jar:/home/sick/.m2/repository/net/sf/saxon/Saxon-HE/10.6/Saxon-HE-10.6.jar:/home/sick/.m2/repository/com/google/guava/guava/31.0-jre/guava-31.0-jre.jar:/home/sick/.m2/repository/com/google/guava/failureaccess/1.0.1/failureaccess-1.0.1.jar:/home/sick/.m2/repository/com/google/guava/listenablefuture/9999.0-empty-to-avoid-conflict-with-guava/listenablefuture-9999.0-empty-to-avoid-conflict-with-guava.jar:/home/sick/.m2/repository/com/google/code/findbugs/jsr305/3.0.2/jsr305-3.0.2.jar:/home/sick/.m2/repository/org/checkerframework/checker-qual/3.12.0/checker-qual-3.12.0.jar:/home/sick/.m2/repository/com/google/errorprone/error_prone_annotations/2.7.1/error_prone_annotations-2.7.1.jar:/home/sick/.m2/repository/com/google/j2objc/j2objc-annotations/1.3/j2objc-annotations-1.3.jar:/home/sick/.m2/repository/org/ow2/authzforce/authzforce-ce-xacml-model/8.2.0/authzforce-ce-xacml-model-8.2.0.jar:/home/sick/.m2/repository/org/ow2/authzforce/authzforce-ce-xmlns-model/8.2.0/authzforce-ce-xmlns-model-8.2.0.jar:/home/sick/.m2/repository/org/jvnet/jaxb2_commons/jaxb2-basics-runtime/0.12.0/jaxb2-basics-runtime-0.12.0.jar:/home/sick/.m2/repository/org/ow2/authzforce/authzforce-ce-pdp-ext-model/8.2.0/authzforce-ce-pdp-ext-model-8.2.0.jar:/home/sick/.m2/repository/org/openjdk/jmh/jmh-core/1.35/jmh-core-1.35.jar:/home/sick/.m2/repository/net/sf/jopt-simple/jopt-simple/5.0.4/jopt-simple-5.0.4.jar:/home/sick/.m2/repository/org/apache/commons/commons-math3/3.2/commons-math3-3.2.jar:/home/sick/.m2/repository/org/openjdk/jmh/jmh-generator-annprocess/1.35/jmh-generator-annprocess-1.35.jar:/home/sick/.m2/repository/org/slf4j/slf4j-api/1.7.30/slf4j-api-1.7.30.jar:/home/sick/.m2/repository/com/h2database/h2/2.1.214/h2-2.1.214.jar:/home/sick/.m2/repository/jakarta/transaction/jakarta.transaction-api/1.3.3/jakarta.transaction-api-1.3.3.jar:/home/sick/.m2/repository/org/jboss/logging/jboss-logging/3.4.3.Final/jboss-logging-3.4.3.Final.jar:/home/sick/.m2/repository/org/hibernate/common/hibernate-commons-annotations/6.0.6.Final/hibernate-commons-annotations-6.0.6.Final.jar:/home/sick/.m2/repository/io/smallrye/jandex/3.0.5/jandex-3.0.5.jar:/home/sick/.m2/repository/com/fasterxml/classmate/1.5.1/classmate-1.5.1.jar:/home/sick/.m2/repository/net/bytebuddy/byte-buddy/1.12.18/byte-buddy-1.12.18.jar:/home/sick/.m2/repository/jakarta/inject/jakarta.inject-api/2.0.1/jakarta.inject-api-2.0.1.jar:/home/sick/.m2/repository/org/antlr/antlr4-runtime/4.10.1/antlr4-runtime-4.10.1.jar:/home/sick/.m2/repository/org/springframework/boot/spring-boot-starter-data-jpa/2.7.5/spring-boot-starter-data-jpa-2.7.5.jar:/home/sick/.m2/repository/org/springframework/boot/spring-boot-starter-aop/2.7.5/spring-boot-starter-aop-2.7.5.jar:/home/sick/.m2/repository/org/aspectj/aspectjweaver/1.9.7/aspectjweaver-1.9.7.jar:/home/sick/.m2/repository/org/springframework/boot/spring-boot-starter-jdbc/2.7.5/spring-boot-starter-jdbc-2.7.5.jar:/home/sick/.m2/repository/com/zaxxer/HikariCP/4.0.3/HikariCP-4.0.3.jar:/home/sick/.m2/repository/org/springframework/spring-jdbc/5.3.23/spring-jdbc-5.3.23.jar:/home/sick/.m2/repository/org/hibernate/hibernate-core/5.6.12.Final/hibernate-core-5.6.12.Final.jar:/home/sick/.m2/repository/antlr/antlr/2.7.7/antlr-2.7.7.jar:/home/sick/.m2/repository/org/jboss/jandex/2.4.2.Final/jandex-2.4.2.Final.jar:/home/sick/.m2/repository/org/springframework/data/spring-data-jpa/2.7.5/spring-data-jpa-2.7.5.jar:/home/sick/.m2/repository/org/springframework/data/spring-data-commons/2.7.5/spring-data-commons-2.7.5.jar:/home/sick/.m2/repository/org/springframework/spring-orm/5.3.23/spring-orm-5.3.23.jar:/home/sick/.m2/repository/org/springframework/spring-tx/5.3.23/spring-tx-5.3.23.jar:/home/sick/.m2/repository/org/springframework/spring-aspects/5.3.23/spring-aspects-5.3.23.jar
Launcher Type: SUN_STANDARD

[Global flags]
     intx CICompilerCount                          = 4                                         {product} {ergonomic}
     uint ConcGCThreads                            = 2                                         {product} {ergonomic}
     uint G1ConcRefinementThreads                  = 8                                         {product} {ergonomic}
   size_t G1HeapRegionSize                         = 2097152                                   {product} {ergonomic}
    uintx GCDrainStackTargetSize                   = 64                                        {product} {ergonomic}
   size_t InitialHeapSize                          = 182452224                                 {product} {ergonomic}
   size_t MarkStackSize                            = 4194304                                   {product} {ergonomic}
   size_t MaxHeapSize                              = 2896166912                                {product} {ergonomic}
   size_t MaxNewSize                               = 1736441856                                {product} {ergonomic}
   size_t MinHeapDeltaBytes                        = 2097152                                   {product} {ergonomic}
   size_t MinHeapSize                              = 8388608                                   {product} {ergonomic}
    uintx NonNMethodCodeHeapSize                   = 5839372                                {pd product} {ergonomic}
    uintx NonProfiledCodeHeapSize                  = 122909434                              {pd product} {ergonomic}
    uintx ProfiledCodeHeapSize                     = 122909434                              {pd product} {ergonomic}
    uintx ReservedCodeCacheSize                    = 251658240                              {pd product} {ergonomic}
     bool SegmentedCodeCache                       = true                                      {product} {ergonomic}
   size_t SoftMaxHeapSize                          = 2896166912                             {manageable} {ergonomic}
     bool UseCompressedClassPointers               = true                           {product lp64_product} {ergonomic}
     bool UseCompressedOops                        = true                           {product lp64_product} {ergonomic}
     bool UseG1GC                                  = true                                      {product} {ergonomic}

Logging:
Log output configuration:
 #0: stdout all=warning uptime,level,tags foldmultilines=false
 #1: stderr all=off uptime,level,tags foldmultilines=false

Environment Variables:
PATH=/usr/local/sbin:/usr/local/bin:/usr/sbin:/usr/bin:/sbin:/bin:/usr/games:/usr/local/games:/snap/bin:/snap/bin
USERNAME=sick
SHELL=/bin/bash
DISPLAY=:0
LANG=en_US.UTF-8
LC_NUMERIC=de_DE.UTF-8
LC_TIME=de_DE.UTF-8

Active Locale:
LC_ALL=LC_CTYPE=en_US.UTF-8;LC_NUMERIC=de_DE.UTF-8;LC_TIME=de_DE.UTF-8;LC_COLLATE=en_US.UTF-8;LC_MONETARY=de_DE.UTF-8;LC_MESSAGES=en_US.UTF-8;LC_PAPER=de_DE.UTF-8;LC_NAME=de_DE.UTF-8;LC_ADDRESS=de_DE.UTF-8;LC_TELEPHONE=de_DE.UTF-8;LC_MEASUREMENT=de_DE.UTF-8;LC_IDENTIFICATION=de_DE.UTF-8
LC_COLLATE=en_US.UTF-8
LC_CTYPE=en_US.UTF-8
LC_MESSAGES=en_US.UTF-8
LC_MONETARY=de_DE.UTF-8
LC_NUMERIC=de_DE.UTF-8
LC_TIME=de_DE.UTF-8

Signal Handlers:
   SIGSEGV: crash_handler in libjvm.so, mask=11100100010111111101111111111110, flags=SA_RESTART|SA_SIGINFO, unblocked
    SIGBUS: crash_handler in libjvm.so, mask=11100100010111111101111111111110, flags=SA_RESTART|SA_SIGINFO, unblocked
    SIGFPE: crash_handler in libjvm.so, mask=11100100010111111101111111111110, flags=SA_RESTART|SA_SIGINFO, unblocked
   SIGPIPE: javaSignalHandler in libjvm.so, mask=11100100010111111101111111111110, flags=SA_RESTART|SA_SIGINFO, blocked
   SIGXFSZ: javaSignalHandler in libjvm.so, mask=11100100010111111101111111111110, flags=SA_RESTART|SA_SIGINFO, blocked
    SIGILL: crash_handler in libjvm.so, mask=11100100010111111101111111111110, flags=SA_RESTART|SA_SIGINFO, unblocked
   SIGUSR2: SR_handler in libjvm.so, mask=00100000000000000000000000000000, flags=SA_RESTART|SA_SIGINFO, blocked
    SIGHUP: UserHandler in libjvm.so, mask=11100100010111111101111111111110, flags=SA_RESTART|SA_SIGINFO, blocked
    SIGINT: UserHandler in libjvm.so, mask=11100100010111111101111111111110, flags=SA_RESTART|SA_SIGINFO, blocked
   SIGTERM: UserHandler in libjvm.so, mask=11100100010111111101111111111110, flags=SA_RESTART|SA_SIGINFO, blocked
   SIGQUIT: UserHandler in libjvm.so, mask=11100100010111111101111111111110, flags=SA_RESTART|SA_SIGINFO, blocked
   SIGTRAP: crash_handler in libjvm.so, mask=11100100010111111101111111111110, flags=SA_RESTART|SA_SIGINFO, unblocked


---------------  S Y S T E M  ---------------

OS:
DISTRIB_ID=Ubuntu
DISTRIB_RELEASE=22.04
DISTRIB_CODENAME=jammy
DISTRIB_DESCRIPTION="Ubuntu 22.04.3 LTS"
uname: Linux 6.5.0-14-generic #14~22.04.1-Ubuntu SMP PREEMPT_DYNAMIC Mon Nov 20 18:15:30 UTC 2 x86_64
OS uptime: 0 days 4:12 hours
libc: glibc 2.35 NPTL 2.35 
rlimit (soft/hard): STACK 8192k/infinity , CORE 0k/infinity , NPROC 43863/43863 , NOFILE 1048576/1048576 , AS infinity/infinity , CPU infinity/infinity , DATA infinity/infinity , FSIZE infinity/infinity , MEMLOCK 1413200k/1413200k
load average: 1,35 1,21 1,23

/proc/meminfo:
MemTotal:       11305616 kB
MemFree:         2281288 kB
MemAvailable:    5657460 kB
Buffers:           81672 kB
Cached:          3507472 kB
SwapCached:            0 kB
Active:          6309288 kB
Inactive:        1860476 kB
Active(anon):    4594876 kB
Inactive(anon):    33024 kB
Active(file):    1714412 kB
Inactive(file):  1827452 kB
Unevictable:           0 kB
Mlocked:               0 kB
SwapTotal:       2097148 kB
SwapFree:        2097148 kB
Zswap:                 0 kB
Zswapped:              0 kB
Dirty:               480 kB
Writeback:             0 kB
AnonPages:       4580656 kB
Mapped:          1126748 kB
Shmem:             47280 kB
KReclaimable:     134928 kB
Slab:             323800 kB
SReclaimable:     134928 kB
SUnreclaim:       188872 kB
KernelStack:       16556 kB
PageTables:        32940 kB
SecPageTables:         0 kB
NFS_Unstable:          0 kB
Bounce:                0 kB
WritebackTmp:          0 kB
CommitLimit:     7749956 kB
Committed_AS:    7633556 kB
VmallocTotal:   34359738367 kB
VmallocUsed:       45144 kB
VmallocChunk:          0 kB
Percpu:           104448 kB
HardwareCorrupted:     0 kB
AnonHugePages:         0 kB
ShmemHugePages:        0 kB
ShmemPmdMapped:        0 kB
FileHugePages:         0 kB
FilePmdMapped:         0 kB
Unaccepted:            0 kB
HugePages_Total:       0
HugePages_Free:        0
HugePages_Rsvd:        0
HugePages_Surp:        0
Hugepagesize:       2048 kB
Hugetlb:               0 kB
DirectMap4k:      141120 kB
DirectMap2M:     4192256 kB
DirectMap1G:     8388608 kB

/sys/kernel/mm/transparent_hugepage/enabled: always [madvise] never
/sys/kernel/mm/transparent_hugepage/defrag (defrag/compaction efforts parameter): always defer defer+madvise [madvise] never

Process Memory:
Virtual Size: 6253592K (peak: 6305416K)
Resident Set Size: 108284K (peak: 108284K) (anon: 79188K, file: 29096K, shmem: 0K)
Swapped out: 0K
C-Heap outstanding allocations: 37573K, retained: 5330K
glibc malloc tunables: (default)

/proc/sys/kernel/threads-max (system-wide limit on the number of threads): 87727
/proc/sys/vm/max_map_count (maximum number of memory map areas a process may have): 65530
/proc/sys/kernel/pid_max (system-wide limit on number of process identifiers): 4194304

container (cgroup) information:
container_type: cgroupv2
cpu_cpuset_cpus: not supported
cpu_memory_nodes: not supported
active_processor_count: 8
cpu_quota: not supported
cpu_period: not supported
cpu_shares: not supported
memory_limit_in_bytes: unlimited
memory_and_swap_limit_in_bytes: unlimited
memory_soft_limit_in_bytes: unlimited
memory_usage_in_bytes: 5441428 k
memory_max_usage_in_bytes: not supported
memory_swap_current_in_bytes: unlimited
memory_swap_max_limit_in_bytes: unlimited
maximum number of tasks: 13159
current number of tasks: 264

VMWare virtualization detected
Steal ticks since vm start: 0
Steal ticks percentage since vm start:  0,000

CPU: total 8 (initial active 8) (2 cores per cpu, 1 threads per core) family 23 model 17 stepping 0 microcode 0xffffffff, cx8, cmov, fxsr, mmx, sse, sse2, sse3, ssse3, sse4a, sse4.1, sse4.2, popcnt, lzcnt, tsc, tscinvbit, avx, avx2, aes, clmul, bmi1, bmi2, adx, sha, fma, vzeroupper, clflush, clflushopt, hv, rdtscp, f16c
CPU Model and flags from /proc/cpuinfo:
model name	: AMD Ryzen 5 2400G with Radeon Vega Graphics
flags		: fpu vme de pse tsc msr pae mce cx8 apic sep mtrr pge mca cmov pat pse36 clflush mmx fxsr sse sse2 ht syscall nx mmxext pdpe1gb rdtscp lm constant_tsc rep_good nopl tsc_reliable nonstop_tsc cpuid extd_apicid tsc_known_freq pni pclmulqdq ssse3 fma cx16 sse4_1 sse4_2 x2apic movbe popcnt aes xsave avx f16c rdrand hypervisor lahf_lm cmp_legacy cr8_legacy abm sse4a misalignsse 3dnowprefetch osvw topoext ssbd ibpb vmmcall fsgsbase bmi1 avx2 smep bmi2 rdseed adx smap clflushopt sha_ni xsaveopt xsavec xgetbv1 clzero arat overflow_recov succor

Online cpus: 0-7
Offline cpus: 8-127
BIOS frequency limitation: <Not Available>
Frequency switch latency (ns): <Not Available>
Available cpu frequencies: <Not Available>
Current governor: <Not Available>
Core performance/turbo boost: <Not Available>

Memory: 4k page, physical 11305616k(2281036k free), swap 2097148k(2097148k free)
Page Sizes: 4k

vm_info: OpenJDK 64-Bit Server VM (20.0.2.1+10-FR) for linux-amd64 JRE (20.0.2.1+10-FR), built on 2023-08-19T09:18:06Z by "jenkins" with gcc 7.3.1 20180303 (Red Hat 7.3.1-5)

END.
