#
# A fatal error has been detected by the Java Runtime Environment:
#
#  SIGSEGV (0xb) at pc=0x00007f9f4c796679, pid=4404, tid=4405
#
# JRE version: Java(TM) SE Runtime Environment (20.0.2+9) (build 20.0.2+9-78)
# Java VM: Java HotSpot(TM) 64-Bit Server VM (20.0.2+9-78, mixed mode, emulated-client, sharing, tiered, compressed oops, compressed class ptrs, g1 gc, linux-amd64)
# Problematic frame:
# C  [libcrypto.so+0x156679]  keysGen+0x2b9
#
# Core dump will be written. Default location: Core dumps may be processed with "/usr/share/apport/apport -p%p -s%s -c%c -d%d -P%P -u%u -g%g -- %E" (or dumping to /home/ash/Documents/PhD/vehicle-data-dissemination/core.4404)
#
# If you would like to submit a bug report, please visit:
#   https://bugreport.java.com/bugreport/crash.jsp
# The crash happened outside the Java Virtual Machine in native code.
# See problematic frame for where to report the bug.
#

---------------  S U M M A R Y ------------

Command Line: -XX:TieredStopAtLevel=1 -Dspring.output.ansi.enabled=always -Dcom.sun.management.jmxremote -Dspring.jmx.enabled=true -Dspring.liveBeansView.mbeanDomain -Dspring.application.admin.enabled=true -Dmanagement.endpoints.jmx.exposure.include=* -javaagent:/home/ash/idea-IU-232.10227.8/lib/idea_rt.jar=35371:/home/ash/idea-IU-232.10227.8/bin -Dfile.encoding=UTF-8 -Dsun.stdout.encoding=UTF-8 -Dsun.stderr.encoding=UTF-8 unipassau.thesis.vehicledatadissemination.VehicleDataDisseminationApplication

Host: Intel(R) Core(TM) i7-8565U CPU @ 1.80GHz, 2 cores, 7G, Ubuntu 22.04.3 LTS
Time: Sat Nov 11 03:46:28 2023 CET elapsed time: 8.919490 seconds (0d 0h 0m 8s)

---------------  T H R E A D  ---------------

Current thread (0x00007f9fb802d970):  JavaThread "main" [_thread_in_native, id=4405, stack(0x00007f9fbc900000,0x00007f9fbca00000)]

Stack: [0x00007f9fbc900000,0x00007f9fbca00000],  sp=0x00007f9fbc9fd2b0,  free space=1012k
Native frames: (J=compiled Java code, j=interpreted, Vv=VM code, C=native code)
C  [libcrypto.so+0x156679]  keysGen+0x2b9
Java frames: (J=compiled Java code, j=interpreted, Vv=VM code)
j  com.sun.jna.Native.invokeVoid(Lcom/sun/jna/Function;JI[Ljava/lang/Object;)V+0
j  com.sun.jna.Function.invoke([Ljava/lang/Object;Ljava/lang/Class;ZI)Ljava/lang/Object;+42
j  com.sun.jna.Function.invoke(Ljava/lang/reflect/Method;[Ljava/lang/Class;Ljava/lang/Class;[Ljava/lang/Object;Ljava/util/Map;)Ljava/lang/Object;+271
j  com.sun.jna.Library$Handler.invoke(Ljava/lang/Object;Ljava/lang/reflect/Method;[Ljava/lang/Object;)Ljava/lang/Object;+390
j  jdk.proxy2.$Proxy70.keysGen(Ljava/lang/String;Ljava/lang/String;)V+20 jdk.proxy2
j  unipassau.thesis.vehicledatadissemination.VehicleDataDisseminationApplication.run([Ljava/lang/String;)V+113
j  org.springframework.boot.SpringApplication.callRunner(Lorg/springframework/boot/CommandLineRunner;Lorg/springframework/boot/ApplicationArguments;)V+7
j  org.springframework.boot.SpringApplication.callRunners(Lorg/springframework/context/ApplicationContext;Lorg/springframework/boot/ApplicationArguments;)V+119
j  org.springframework.boot.SpringApplication.run([Ljava/lang/String;)Lorg/springframework/context/ConfigurableApplicationContext;+169
j  org.springframework.boot.SpringApplication.run([Ljava/lang/Class;[Ljava/lang/String;)Lorg/springframework/context/ConfigurableApplicationContext;+9
j  org.springframework.boot.SpringApplication.run(Ljava/lang/Class;[Ljava/lang/String;)Lorg/springframework/context/ConfigurableApplicationContext;+9
j  unipassau.thesis.vehicledatadissemination.VehicleDataDisseminationApplication.main([Ljava/lang/String;)V+3
v  ~StubRoutines::call_stub 0x00007f9face00cc6

siginfo: si_signo: 11 (SIGSEGV), si_code: 1 (SEGV_MAPERR), si_addr: 0x0000000000000018

Registers:
RAX=0x00007f9f4c7fb108, RBX=0x0000000100000001, RCX=0x0000000000000004, RDX=0x00007f9fb80008e0
RSP=0x00007f9fbc9fd2b0, RBP=0x00007f9fbc9fd4a0, RSI=0x0000000000000020, RDI=0x00007f9fbc9fd308
R8 =0x0000000000000000, R9 =0x0000000000000001, R10=0x00007f9f27c21988, R11=0x0000000000000293
R12=0x00007f9fb8fcb6b0, R13=0x00007f9fb8fc6cd0, R14=0x0000000000000000, R15=0x00007f9f27e21dd8
RIP=0x00007f9f4c796679, EFLAGS=0x0000000000010202, CSGSFS=0x002b000000000033, ERR=0x0000000000000004
  TRAPNO=0x000000000000000e


Register to memory mapping:

RAX=0x00007f9f4c7fb108: _ZTVSt15_Sp_counted_ptrIPN8lbcrypto14PrivateKeyImplINS0_12DCRTPolyImplIN9bigintdyn9mubintvecINS3_5ubintImEEEEEEEELN9__gnu_cxx12_Lock_policyE2EE+0x0000000000000010 in /usr/local/lib/libcrypto.so at 0x00007f9f4c640000
RBX=0x0000000100000001 is an unknown value
RCX=0x0000000000000004 is an unknown value
RDX=0x00007f9fb80008e0 points into unknown readable memory: 0x0001000000000003 | 03 00 00 00 00 00 01 00
RSP=0x00007f9fbc9fd2b0 is pointing into the stack for thread: 0x00007f9fb802d970
RBP=0x00007f9fbc9fd4a0 is pointing into the stack for thread: 0x00007f9fb802d970
RSI=0x0000000000000020 is an unknown value
RDI=0x00007f9fbc9fd308 is pointing into the stack for thread: 0x00007f9fb802d970
R8 =0x0 is NULL
R9 =0x0000000000000001 is an unknown value
R10=0x00007f9f27c21988: <offset 0x0000000000021988> in /lib/x86_64-linux-gnu/libstdc++.so.6 at 0x00007f9f27c00000
R11=0x0000000000000293 is an unknown value
R12=0x00007f9fb8fcb6b0 points into unknown readable memory: 0x00007f9f4c7fb340 | 40 b3 7f 4c 9f 7f 00 00
R13=0x00007f9fb8fc6cd0 points into unknown readable memory: 0x00007f9f4c7fb108 | 08 b1 7f 4c 9f 7f 00 00
R14=0x0 is NULL
R15=0x00007f9f27e21dd8: <offset 0x0000000000221dd8> in /lib/x86_64-linux-gnu/libstdc++.so.6 at 0x00007f9f27c00000


Top of Stack: (sp=0x00007f9fbc9fd2b0)
0x00007f9fbc9fd2b0:   00007f9fbc9fd490 00007f9fbc9fd480
0x00007f9fbc9fd2c0:   00007f9fbc9fd470 00007f9fb9023d20
0x00007f9fbc9fd2d0:   57cfff5afb4c7800 920d51acd3aaff33
0x00007f9fbc9fd2e0:   0000000000000000 0000000000000000
0x00007f9fbc9fd2f0:   9f0eaf5f48ef43a3 8dd16f3227731e35
0x00007f9fbc9fd300:   ed56de3f4e38d16d bca0c050d0a85c72
0x00007f9fbc9fd310:   0000000000000000 00007f9fb8fcb6b0
0x00007f9fbc9fd320:   0000000000000000 00007f9fb8fc6cd0
0x00007f9fbc9fd330:   8c09d6dbb2cb7506 2a750220a805a3ee
0x00007f9fbc9fd340:   1bb94d08e0ca1193 0d7bf23b4ce95f78
0x00007f9fbc9fd350:   0a46080ed09633f7 3708ddc75c73baad
0x00007f9fbc9fd360:   f8bf270c602462b9 9d4c1aa62b3b8488
0x00007f9fbc9fd370:   41da2421ca6647fc 240bc368dae14f79
0x00007f9fbc9fd380:   baa4c7623c76ed0a ac752b190f86c6d9
0x00007f9fbc9fd390:   799bce1e70e290e0 abf7980ad9e50117
0x00007f9fbc9fd3a0:   b46975d7f1e3f4b1 723679b06519e1a8
0x00007f9fbc9fd3b0:   df040051d2d0d884 fcb5950462ae9423
0x00007f9fbc9fd3c0:   b94ff14b8abbffb9 13cd8b2b18d33d70
0x00007f9fbc9fd3d0:   890bc5af8230599d 6c0aefb93960d259
0x00007f9fbc9fd3e0:   bb7f3dca7c165cc5 b53fca163daee8dc
0x00007f9fbc9fd3f0:   fea8b04f325615ab c46e233dd008e5a9
0x00007f9fbc9fd400:   f93dfe16b6baf0ff 81dfb414e8bfb391
0x00007f9fbc9fd410:   79ab0bf95120989e 660c1f33873d7357
0x00007f9fbc9fd420:   c449d0af3126b81b d1d6d48122ea8cf9
0x00007f9fbc9fd430:   341ae1d1e5d91aae a75239b1f2e18e27
0x00007f9fbc9fd440:   3008fa91a8109b96 73af9603df9022a5
0x00007f9fbc9fd450:   9851c4af90981683 777e0359522519a1
0x00007f9fbc9fd460:   eb702fdf6009e341 056dcab239d82440
0x00007f9fbc9fd470:   00007f9fb9023d70 0000000000000047
0x00007f9fbc9fd480:   0000000000000047 5d4590b6d39251fc
0x00007f9fbc9fd490:   00007f9f27e21db0 0000000000000000
0x00007f9fbc9fd4a0:   00007f9f27e23cb8 0000000000000000 

Instructions: (pc=0x00007f9f4c796679)
0x00007f9f4c796579:   00 00 00 00 48 83 c0 10 48 89 84 24 e0 02 00 00
0x00007f9f4c796589:   e8 22 f2 f1 ff 48 8b bc 24 c0 01 00 00 48 8d 84
0x00007f9f4c796599:   24 d0 01 00 00 48 89 44 24 08 48 39 c7 74 11 48
0x00007f9f4c7965a9:   8b 84 24 d0 01 00 00 48 8d 70 01 e8 37 fd f1 ff
0x00007f9f4c7965b9:   80 7c 24 20 00 75 2e 4c 8b 25 59 69 06 00 ba 21
0x00007f9f4c7965c9:   00 00 00 48 8d 35 a5 07 02 00 4c 89 e7 e8 05 ff
0x00007f9f4c7965d9:   f1 ff 4c 89 ee 4c 89 e7 e8 9a fc f1 ff 48 89 c7
0x00007f9f4c7965e9:   e8 a2 f3 f1 ff 66 0f ef c0 bf 18 00 00 00 0f 29
0x00007f9f4c7965f9:   44 24 60 e8 9f fc f1 ff 48 8b 1d 60 ff 01 00 49
0x00007f9f4c796609:   89 c4 bf 18 00 00 00 48 c7 44 24 70 00 00 00 00
0x00007f9f4c796619:   4c 89 64 24 68 48 89 58 08 48 8b 05 5f 69 06 00
0x00007f9f4c796629:   49 c7 44 24 10 00 00 00 00 48 c7 44 24 78 00 00
0x00007f9f4c796639:   00 00 48 83 c0 10 49 89 04 24 e8 58 fc f1 ff 48
0x00007f9f4c796649:   89 58 08 49 89 c5 4c 8b 74 24 30 48 8d 7c 24 58
0x00007f9f4c796659:   48 8b 05 28 5a 06 00 49 c7 45 10 00 00 00 00 49
0x00007f9f4c796669:   8d 76 20 4c 89 6c 24 78 48 83 c0 10 49 89 45 00
0x00007f9f4c796679:   49 8b 46 18 48 89 44 24 50 e8 69 f3 f1 ff 4c 8b
0x00007f9f4c796689:   7c 24 50 49 8b 07 48 8b 58 50 48 8b 05 6e 52 06
0x00007f9f4c796699:   00 48 8b 30 48 8b 40 08 48 39 c6 75 17 e9 97 05
0x00007f9f4c7966a9:   00 00 0f 1f 44 00 00 48 83 c6 10 48 39 f0 0f 84
0x00007f9f4c7966b9:   2c 05 00 00 4c 3b 36 75 ee 48 83 c6 08 48 8d 7c
0x00007f9f4c7966c9:   24 48 4c 89 74 24 40 4c 8d 74 24 40 e8 16 f3 f1
0x00007f9f4c7966d9:   ff 31 c9 4c 89 f2 4c 89 fe 48 8d 84 24 80 00 00
0x00007f9f4c7966e9:   00 48 89 44 24 28 48 89 c7 ff d3 48 8b 7c 24 48
0x00007f9f4c7966f9:   48 85 ff 74 05 e8 ed f7 f1 ff 48 8b 7c 24 58 48
0x00007f9f4c796709:   85 ff 74 05 e8 de f7 f1 ff 66 0f 6f 8c 24 80 00
0x00007f9f4c796719:   00 00 66 0f ef c0 4c 89 e7 0f 29 84 24 80 00 00
0x00007f9f4c796729:   00 0f 29 4c 24 60 e8 bc f7 f1 ff 66 0f ef c0 4c
0x00007f9f4c796739:   89 ef 66 0f 6f 94 24 90 00 00 00 0f 29 84 24 90
0x00007f9f4c796749:   00 00 00 0f 29 54 24 70 e8 9a f7 f1 ff 48 8b bc
0x00007f9f4c796759:   24 98 00 00 00 48 85 ff 74 05 e8 88 f7 f1 ff 48
0x00007f9f4c796769:   8b bc 24 88 00 00 00 48 85 ff 74 05 e8 76 f7 f1 


Stack slot to memory mapping:
stack at sp + 0 slots: 0x00007f9fbc9fd490 is pointing into the stack for thread: 0x00007f9fb802d970
stack at sp + 1 slots: 0x00007f9fbc9fd480 is pointing into the stack for thread: 0x00007f9fb802d970
stack at sp + 2 slots: 0x00007f9fbc9fd470 is pointing into the stack for thread: 0x00007f9fb802d970
stack at sp + 3 slots: 0x00007f9fb9023d20 points into unknown readable memory: 0x73612f656d6f682f | 2f 68 6f 6d 65 2f 61 73
stack at sp + 4 slots: 0x57cfff5afb4c7800 is an unknown value
stack at sp + 5 slots: 0x920d51acd3aaff33 is an unknown value
stack at sp + 6 slots: 0x0 is NULL
stack at sp + 7 slots: 0x0 is NULL


---------------  P R O C E S S  ---------------

Threads class SMR info:
_java_thread_list=0x00007f9fb8f9a2e0, length=31, elements={
0x00007f9fb802d970, 0x00007f9fb8145130, 0x00007f9fb8146660, 0x00007f9fb8148020,
0x00007f9fb81494b0, 0x00007f9fb814a930, 0x00007f9fb814bed0, 0x00007f9fb81ad140,
0x00007f9f3406e890, 0x00007f9fb85233e0, 0x00007f9fb8525630, 0x00007f9f38000ff0,
0x00007f9fb8611ab0, 0x00007f9f30001d50, 0x00007f9f38018160, 0x00007f9fb8cd04a0,
0x00007f9fb8cd1650, 0x00007f9fb8cd20d0, 0x00007f9fb8f50a10, 0x00007f9fb8f51450,
0x00007f9fb8f520f0, 0x00007f9fb8f53140, 0x00007f9fb8f54190, 0x00007f9fb8f55120,
0x00007f9fb8f567b0, 0x00007f9fb8f57c10, 0x00007f9fb8f59070, 0x00007f9fb8f5aa60,
0x00007f9fb8f5e610, 0x00007f9fb8f64460, 0x00007f9fb8f99610
}

Java Threads: ( => current thread )
=>0x00007f9fb802d970 JavaThread "main" [_thread_in_native, id=4405, stack(0x00007f9fbc900000,0x00007f9fbca00000)]
  0x00007f9fb8145130 JavaThread "Reference Handler" daemon [_thread_blocked, id=4412, stack(0x00007f9f4e900000,0x00007f9f4ea00000)]
  0x00007f9fb8146660 JavaThread "Finalizer" daemon [_thread_blocked, id=4413, stack(0x00007f9f4e800000,0x00007f9f4e900000)]
  0x00007f9fb8148020 JavaThread "Signal Dispatcher" daemon [_thread_blocked, id=4414, stack(0x00007f9f4e700000,0x00007f9f4e800000)]
  0x00007f9fb81494b0 JavaThread "Service Thread" daemon [_thread_blocked, id=4415, stack(0x00007f9f4e600000,0x00007f9f4e700000)]
  0x00007f9fb814a930 JavaThread "Monitor Deflation Thread" daemon [_thread_blocked, id=4416, stack(0x00007f9f4e500000,0x00007f9f4e600000)]
  0x00007f9fb814bed0 JavaThread "C1 CompilerThread0" daemon [_thread_blocked, id=4417, stack(0x00007f9f4e400000,0x00007f9f4e500000)]
  0x00007f9fb81ad140 JavaThread "Common-Cleaner" daemon [_thread_blocked, id=4418, stack(0x00007f9f4e300000,0x00007f9f4e400000)]
  0x00007f9f3406e890 JavaThread "C1 CompilerThread1" daemon [_thread_blocked, id=4420, stack(0x00007f9f4e200000,0x00007f9f4e300000)]
  0x00007f9fb85233e0 JavaThread "Monitor Ctrl-Break" daemon [_thread_in_native, id=4421, stack(0x00007f9f4e100000,0x00007f9f4e200000)]
  0x00007f9fb8525630 JavaThread "Notification Thread" daemon [_thread_blocked, id=4422, stack(0x00007f9f4e000000,0x00007f9f4e100000)]
  0x00007f9f38000ff0 JavaThread "Attach Listener" daemon [_thread_blocked, id=4425, stack(0x00007f9f4ddfe000,0x00007f9f4defe000)]
  0x00007f9fb8611ab0 JavaThread "RMI TCP Accept-0" daemon [_thread_in_native, id=4426, stack(0x00007f9f4dcfe000,0x00007f9f4ddfe000)]
  0x00007f9f30001d50 JavaThread "RMI TCP Connection(1)-127.0.0.1" daemon [_thread_in_native, id=4429, stack(0x00007f9f4dafc000,0x00007f9f4dbfc000)]
  0x00007f9f38018160 JavaThread "RMI Scheduler(0)" daemon [_thread_blocked, id=4430, stack(0x00007f9f4d9fc000,0x00007f9f4dafc000)]
  0x00007f9fb8cd04a0 JavaThread "Catalina-utility-1" [_thread_blocked, id=4450, stack(0x00007f9f4d8fc000,0x00007f9f4d9fc000)]
  0x00007f9fb8cd1650 JavaThread "Catalina-utility-2" [_thread_blocked, id=4451, stack(0x00007f9f4d7fc000,0x00007f9f4d8fc000)]
  0x00007f9fb8cd20d0 JavaThread "container-0" [_thread_blocked, id=4452, stack(0x00007f9f4d6fc000,0x00007f9f4d7fc000)]
  0x00007f9fb8f50a10 JavaThread "http-nio-8080-exec-1" daemon [_thread_blocked, id=4460, stack(0x00007f9f4d5fc000,0x00007f9f4d6fc000)]
  0x00007f9fb8f51450 JavaThread "http-nio-8080-exec-2" daemon [_thread_blocked, id=4461, stack(0x00007f9f4d4fc000,0x00007f9f4d5fc000)]
  0x00007f9fb8f520f0 JavaThread "http-nio-8080-exec-3" daemon [_thread_blocked, id=4462, stack(0x00007f9f4d3fc000,0x00007f9f4d4fc000)]
  0x00007f9fb8f53140 JavaThread "http-nio-8080-exec-4" daemon [_thread_blocked, id=4463, stack(0x00007f9f4d2fc000,0x00007f9f4d3fc000)]
  0x00007f9fb8f54190 JavaThread "http-nio-8080-exec-5" daemon [_thread_blocked, id=4464, stack(0x00007f9f4d1fc000,0x00007f9f4d2fc000)]
  0x00007f9fb8f55120 JavaThread "http-nio-8080-exec-6" daemon [_thread_blocked, id=4465, stack(0x00007f9f4d0fc000,0x00007f9f4d1fc000)]
  0x00007f9fb8f567b0 JavaThread "http-nio-8080-exec-7" daemon [_thread_blocked, id=4466, stack(0x00007f9f4cffc000,0x00007f9f4d0fc000)]
  0x00007f9fb8f57c10 JavaThread "http-nio-8080-exec-8" daemon [_thread_blocked, id=4467, stack(0x00007f9f4cefc000,0x00007f9f4cffc000)]
  0x00007f9fb8f59070 JavaThread "http-nio-8080-exec-9" daemon [_thread_blocked, id=4468, stack(0x00007f9f4cdfc000,0x00007f9f4cefc000)]
  0x00007f9fb8f5aa60 JavaThread "http-nio-8080-exec-10" daemon [_thread_blocked, id=4469, stack(0x00007f9f4ccfc000,0x00007f9f4cdfc000)]
  0x00007f9fb8f5e610 JavaThread "http-nio-8080-Poller" daemon [_thread_in_native, id=4470, stack(0x00007f9f4cbfc000,0x00007f9f4ccfc000)]
  0x00007f9fb8f64460 JavaThread "http-nio-8080-Acceptor" daemon [_thread_in_native, id=4471, stack(0x00007f9f4cafc000,0x00007f9f4cbfc000)]
  0x00007f9fb8f99610 JavaThread "process reaper" daemon [_thread_blocked, id=4473, stack(0x00007f9fbc0ba000,0x00007f9fbc0dc000)]

Other Threads:
  0x00007f9fb8137080 VMThread "VM Thread" [stack: 0x00007f9fa8090000,0x00007f9fa8190000] [id=4411]
  0x00007f9fb8625270 WatcherThread "VM Periodic Task Thread" [stack: 0x00007f9f4dbfe000,0x00007f9f4dcfe000] [id=4427]
  0x00007f9fb808a020 WorkerThread "GC Thread#0" [stack: 0x00007f9fbc1e0000,0x00007f9fbc2e0000] [id=4406]
  0x00007f9f480062e0 WorkerThread "GC Thread#1" [stack: 0x00007f9f4df00000,0x00007f9f4e000000] [id=4423]
  0x00007f9fb809acd0 ConcurrentGCThread "G1 Main Marker" [stack: 0x00007f9fbc0de000,0x00007f9fbc1de000] [id=4407]
  0x00007f9fb809bbf0 WorkerThread "G1 Conc#0" [stack: 0x00007f9faa668000,0x00007f9faa768000] [id=4408]
  0x00007f9fb810d610 ConcurrentGCThread "G1 Refine#0" [stack: 0x00007f9fa8364000,0x00007f9fa8464000] [id=4409]
  0x00007f9fb810e550 ConcurrentGCThread "G1 Service" [stack: 0x00007f9fa8262000,0x00007f9fa8362000] [id=4410]

Threads with active compile tasks:

VM state: not at safepoint (normal execution)

VM Mutex/Monitor currently owned by a thread: None

Heap address: 0x0000000084800000, size: 1976 MB, Compressed Oops mode: 32-bit

CDS archive(s) mapped at: [0x00007f9f53000000-0x00007f9f53c7e000-0x00007f9f53c7e000), size 13099008, SharedBaseAddress: 0x00007f9f53000000, ArchiveRelocationMode: 1.
Compressed class space mapped at: 0x00007f9f54000000-0x00007f9f94000000, reserved size: 1073741824
Narrow klass base: 0x00007f9f53000000, Narrow klass shift: 0, Narrow klass range: 0x100000000

GC Precious Log:
 CardTable entry size: 512
 Card Set container configuration: InlinePtr #cards 5 size 8 Array Of Cards #cards 12 size 40 Howl #buckets 4 coarsen threshold 1843 Howl Bitmap #cards 512 size 80 coarsen threshold 460 Card regions per heap region 1 cards per card region 2048
 CPUs: 2 total, 2 available
 Memory: 7897M
 Large Page Support: Disabled
 NUMA Support: Disabled
 Compressed Oops: Enabled (32-bit)
 Heap Region Size: 1M
 Heap Min Capacity: 8M
 Heap Initial Capacity: 124M
 Heap Max Capacity: 1976M
 Pre-touch: Disabled
 Parallel Workers: 2
 Concurrent Workers: 1
 Concurrent Refinement Workers: 2
 Periodic GC: Disabled

Heap:
 garbage-first heap   total 75776K, used 25251K [0x0000000084800000, 0x0000000100000000)
  region size 1024K, 6 young (6144K), 3 survivors (3072K)
 Metaspace       used 38937K, committed 39424K, reserved 1114112K
  class space    used 5028K, committed 5248K, reserved 1048576K

Heap Regions: E=young(eden), S=young(survivor), O=old, HS=humongous(starts), HC=humongous(continues), CS=collection set, F=free, OA=open archive, CA=closed archive, TAMS=top-at-mark-start, PB=parsable bottom
|   0|0x0000000084800000, 0x0000000084900000, 0x0000000084900000|100%| O|  |TAMS 0x0000000084800000| PB 0x0000000084800000| Untracked 
|   1|0x0000000084900000, 0x0000000084a00000, 0x0000000084a00000|100%| O|  |TAMS 0x0000000084900000| PB 0x0000000084900000| Untracked 
|   2|0x0000000084a00000, 0x0000000084b00000, 0x0000000084b00000|100%| O|  |TAMS 0x0000000084a00000| PB 0x0000000084a00000| Untracked 
|   3|0x0000000084b00000, 0x0000000084c00000, 0x0000000084c00000|100%| O|  |TAMS 0x0000000084b00000| PB 0x0000000084b00000| Untracked 
|   4|0x0000000084c00000, 0x0000000084d00000, 0x0000000084d00000|100%| O|  |TAMS 0x0000000084c00000| PB 0x0000000084c00000| Untracked 
|   5|0x0000000084d00000, 0x0000000084e00000, 0x0000000084e00000|100%| O|  |TAMS 0x0000000084d00000| PB 0x0000000084d00000| Untracked 
|   6|0x0000000084e00000, 0x0000000084f00000, 0x0000000084f00000|100%| O|  |TAMS 0x0000000084e00000| PB 0x0000000084e00000| Untracked 
|   7|0x0000000084f00000, 0x0000000084feae00, 0x0000000085000000| 91%| O|  |TAMS 0x0000000084f00000| PB 0x0000000084f00000| Untracked 
|   8|0x0000000085000000, 0x0000000085100000, 0x0000000085100000|100%| O|  |TAMS 0x0000000085000000| PB 0x0000000085000000| Untracked 
|   9|0x0000000085100000, 0x0000000085200000, 0x0000000085200000|100%| O|  |TAMS 0x0000000085100000| PB 0x0000000085100000| Untracked 
|  10|0x0000000085200000, 0x0000000085300000, 0x0000000085300000|100%| O|  |TAMS 0x0000000085200000| PB 0x0000000085200000| Untracked 
|  11|0x0000000085300000, 0x0000000085400000, 0x0000000085400000|100%| O|  |TAMS 0x0000000085300000| PB 0x0000000085300000| Complete 
|  12|0x0000000085400000, 0x0000000085500000, 0x0000000085500000|100%| O|  |TAMS 0x0000000085400000| PB 0x0000000085400000| Untracked 
|  13|0x0000000085500000, 0x0000000085600000, 0x0000000085600000|100%| O|  |TAMS 0x0000000085500000| PB 0x0000000085500000| Untracked 
|  14|0x0000000085600000, 0x0000000085700000, 0x0000000085700000|100%| O|  |TAMS 0x0000000085600000| PB 0x0000000085600000| Untracked 
|  15|0x0000000085700000, 0x0000000085800000, 0x0000000085800000|100%| O|  |TAMS 0x0000000085700000| PB 0x0000000085700000| Untracked 
|  16|0x0000000085800000, 0x0000000085900000, 0x0000000085900000|100%| O|  |TAMS 0x0000000085800000| PB 0x0000000085800000| Untracked 
|  17|0x0000000085900000, 0x0000000085a00000, 0x0000000085a00000|100%| O|  |TAMS 0x0000000085900000| PB 0x0000000085900000| Untracked 
|  18|0x0000000085a00000, 0x0000000085a52e00, 0x0000000085b00000| 32%| O|  |TAMS 0x0000000085a00000| PB 0x0000000085a00000| Untracked 
|  19|0x0000000085b00000, 0x0000000085c00000, 0x0000000085c00000|100%| O|  |TAMS 0x0000000085b00000| PB 0x0000000085b00000| Untracked 
|  20|0x0000000085c00000, 0x0000000085c00000, 0x0000000085d00000|  0%| F|  |TAMS 0x0000000085c00000| PB 0x0000000085c00000| Untracked 
|  21|0x0000000085d00000, 0x0000000085d00000, 0x0000000085e00000|  0%| F|  |TAMS 0x0000000085d00000| PB 0x0000000085d00000| Untracked 
|  22|0x0000000085e00000, 0x0000000085e00000, 0x0000000085f00000|  0%| F|  |TAMS 0x0000000085e00000| PB 0x0000000085e00000| Untracked 
|  23|0x0000000085f00000, 0x0000000085f00000, 0x0000000086000000|  0%| F|  |TAMS 0x0000000085f00000| PB 0x0000000085f00000| Untracked 
|  24|0x0000000086000000, 0x0000000086000000, 0x0000000086100000|  0%| F|  |TAMS 0x0000000086000000| PB 0x0000000086000000| Untracked 
|  25|0x0000000086100000, 0x0000000086100000, 0x0000000086200000|  0%| F|  |TAMS 0x0000000086100000| PB 0x0000000086100000| Untracked 
|  26|0x0000000086200000, 0x000000008626f240, 0x0000000086300000| 43%| S|CS|TAMS 0x0000000086200000| PB 0x0000000086200000| Complete 
|  27|0x0000000086300000, 0x0000000086400000, 0x0000000086400000|100%| S|CS|TAMS 0x0000000086300000| PB 0x0000000086300000| Complete 
|  28|0x0000000086400000, 0x0000000086500000, 0x0000000086500000|100%| S|CS|TAMS 0x0000000086400000| PB 0x0000000086400000| Complete 
|  29|0x0000000086500000, 0x0000000086500000, 0x0000000086600000|  0%| F|  |TAMS 0x0000000086500000| PB 0x0000000086500000| Untracked 
|  30|0x0000000086600000, 0x0000000086600000, 0x0000000086700000|  0%| F|  |TAMS 0x0000000086600000| PB 0x0000000086600000| Untracked 
|  31|0x0000000086700000, 0x0000000086700000, 0x0000000086800000|  0%| F|  |TAMS 0x0000000086700000| PB 0x0000000086700000| Untracked 
|  32|0x0000000086800000, 0x0000000086800000, 0x0000000086900000|  0%| F|  |TAMS 0x0000000086800000| PB 0x0000000086800000| Untracked 
|  33|0x0000000086900000, 0x0000000086900000, 0x0000000086a00000|  0%| F|  |TAMS 0x0000000086900000| PB 0x0000000086900000| Untracked 
|  34|0x0000000086a00000, 0x0000000086a00000, 0x0000000086b00000|  0%| F|  |TAMS 0x0000000086a00000| PB 0x0000000086a00000| Untracked 
|  35|0x0000000086b00000, 0x0000000086b00000, 0x0000000086c00000|  0%| F|  |TAMS 0x0000000086b00000| PB 0x0000000086b00000| Untracked 
|  36|0x0000000086c00000, 0x0000000086c00000, 0x0000000086d00000|  0%| F|  |TAMS 0x0000000086c00000| PB 0x0000000086c00000| Untracked 
|  37|0x0000000086d00000, 0x0000000086d00000, 0x0000000086e00000|  0%| F|  |TAMS 0x0000000086d00000| PB 0x0000000086d00000| Untracked 
|  38|0x0000000086e00000, 0x0000000086e00000, 0x0000000086f00000|  0%| F|  |TAMS 0x0000000086e00000| PB 0x0000000086e00000| Untracked 
|  39|0x0000000086f00000, 0x0000000086f00000, 0x0000000087000000|  0%| F|  |TAMS 0x0000000086f00000| PB 0x0000000086f00000| Untracked 
|  40|0x0000000087000000, 0x0000000087000000, 0x0000000087100000|  0%| F|  |TAMS 0x0000000087000000| PB 0x0000000087000000| Untracked 
|  41|0x0000000087100000, 0x0000000087100000, 0x0000000087200000|  0%| F|  |TAMS 0x0000000087100000| PB 0x0000000087100000| Untracked 
|  42|0x0000000087200000, 0x0000000087200000, 0x0000000087300000|  0%| F|  |TAMS 0x0000000087200000| PB 0x0000000087200000| Untracked 
|  43|0x0000000087300000, 0x0000000087300000, 0x0000000087400000|  0%| F|  |TAMS 0x0000000087300000| PB 0x0000000087300000| Untracked 
|  44|0x0000000087400000, 0x0000000087400000, 0x0000000087500000|  0%| F|  |TAMS 0x0000000087400000| PB 0x0000000087400000| Untracked 
|  45|0x0000000087500000, 0x0000000087500000, 0x0000000087600000|  0%| F|  |TAMS 0x0000000087500000| PB 0x0000000087500000| Untracked 
|  46|0x0000000087600000, 0x0000000087600000, 0x0000000087700000|  0%| F|  |TAMS 0x0000000087600000| PB 0x0000000087600000| Untracked 
|  47|0x0000000087700000, 0x0000000087700000, 0x0000000087800000|  0%| F|  |TAMS 0x0000000087700000| PB 0x0000000087700000| Untracked 
|  48|0x0000000087800000, 0x0000000087800000, 0x0000000087900000|  0%| F|  |TAMS 0x0000000087800000| PB 0x0000000087800000| Untracked 
|  49|0x0000000087900000, 0x0000000087900000, 0x0000000087a00000|  0%| F|  |TAMS 0x0000000087900000| PB 0x0000000087900000| Untracked 
|  50|0x0000000087a00000, 0x0000000087a00000, 0x0000000087b00000|  0%| F|  |TAMS 0x0000000087a00000| PB 0x0000000087a00000| Untracked 
|  51|0x0000000087b00000, 0x0000000087b00000, 0x0000000087c00000|  0%| F|  |TAMS 0x0000000087b00000| PB 0x0000000087b00000| Untracked 
|  52|0x0000000087c00000, 0x0000000087c00000, 0x0000000087d00000|  0%| F|  |TAMS 0x0000000087c00000| PB 0x0000000087c00000| Untracked 
|  53|0x0000000087d00000, 0x0000000087d00000, 0x0000000087e00000|  0%| F|  |TAMS 0x0000000087d00000| PB 0x0000000087d00000| Untracked 
|  54|0x0000000087e00000, 0x0000000087e00000, 0x0000000087f00000|  0%| F|  |TAMS 0x0000000087e00000| PB 0x0000000087e00000| Untracked 
|  55|0x0000000087f00000, 0x0000000087f00000, 0x0000000088000000|  0%| F|  |TAMS 0x0000000087f00000| PB 0x0000000087f00000| Untracked 
|  56|0x0000000088000000, 0x0000000088000000, 0x0000000088100000|  0%| F|  |TAMS 0x0000000088000000| PB 0x0000000088000000| Untracked 
|  57|0x0000000088100000, 0x0000000088100000, 0x0000000088200000|  0%| F|  |TAMS 0x0000000088100000| PB 0x0000000088100000| Untracked 
|  58|0x0000000088200000, 0x0000000088200000, 0x0000000088300000|  0%| F|  |TAMS 0x0000000088200000| PB 0x0000000088200000| Untracked 
|  59|0x0000000088300000, 0x0000000088300000, 0x0000000088400000|  0%| F|  |TAMS 0x0000000088300000| PB 0x0000000088300000| Untracked 
|  60|0x0000000088400000, 0x0000000088400000, 0x0000000088500000|  0%| F|  |TAMS 0x0000000088400000| PB 0x0000000088400000| Untracked 
|  61|0x0000000088500000, 0x0000000088500000, 0x0000000088600000|  0%| F|  |TAMS 0x0000000088500000| PB 0x0000000088500000| Untracked 
|  62|0x0000000088600000, 0x0000000088600000, 0x0000000088700000|  0%| F|  |TAMS 0x0000000088600000| PB 0x0000000088600000| Untracked 
|  63|0x0000000088700000, 0x0000000088700000, 0x0000000088800000|  0%| F|  |TAMS 0x0000000088700000| PB 0x0000000088700000| Untracked 
|  97|0x000000008a900000, 0x000000008a900000, 0x000000008aa00000|  0%| F|  |TAMS 0x000000008a900000| PB 0x000000008a900000| Untracked 
|  98|0x000000008aa00000, 0x000000008aa00000, 0x000000008ab00000|  0%| F|  |TAMS 0x000000008aa00000| PB 0x000000008aa00000| Untracked 
|  99|0x000000008ab00000, 0x000000008ab00000, 0x000000008ac00000|  0%| F|  |TAMS 0x000000008ab00000| PB 0x000000008ab00000| Untracked 
| 100|0x000000008ac00000, 0x000000008ac00000, 0x000000008ad00000|  0%| F|  |TAMS 0x000000008ac00000| PB 0x000000008ac00000| Untracked 
| 101|0x000000008ad00000, 0x000000008ad00000, 0x000000008ae00000|  0%| F|  |TAMS 0x000000008ad00000| PB 0x000000008ad00000| Untracked 
| 121|0x000000008c100000, 0x000000008c200000, 0x000000008c200000|100%| E|  |TAMS 0x000000008c100000| PB 0x000000008c100000| Complete 
| 122|0x000000008c200000, 0x000000008c300000, 0x000000008c300000|100%| E|CS|TAMS 0x000000008c200000| PB 0x000000008c200000| Complete 
| 123|0x000000008c300000, 0x000000008c400000, 0x000000008c400000|100%| E|CS|TAMS 0x000000008c300000| PB 0x000000008c300000| Complete 
|1974|0x00000000ffe00000, 0x00000000ffe79000, 0x00000000fff00000| 47%|OA|  |TAMS 0x00000000ffe00000| PB 0x00000000ffe00000| Untracked 
|1975|0x00000000fff00000, 0x00000000fff83000, 0x0000000100000000| 51%|CA|  |TAMS 0x00000000fff00000| PB 0x00000000fff00000| Untracked 

Card table byte_map: [0x00007f9faca24000,0x00007f9face00000] _byte_map_base: 0x00007f9fac600000

Marking Bits: (CMBitMap*) 0x00007f9fb808aab0
 Bits: [0x00007f9faa768000, 0x00007f9fac648000)

Polling page: 0x00007f9fbe1dc000

Metaspace:

Usage:
  Non-class:     33,11 MB used.
      Class:      4,91 MB used.
       Both:     38,02 MB used.

Virtual space:
  Non-class space:       64,00 MB reserved,      33,38 MB ( 52%) committed,  1 nodes.
      Class space:        1,00 GB reserved,       5,12 MB ( <1%) committed,  1 nodes.
             Both:        1,06 GB reserved,      38,50 MB (  4%) committed. 

Chunk freelists:
   Non-Class:  2,66 MB
       Class:  2,92 MB
        Both:  5,57 MB

MaxMetaspaceSize: unlimited
CompressedClassSpaceSize: 1,00 GB
Initial GC threshold: 21,00 MB
Current GC threshold: 59,62 MB
CDS: on
MetaspaceReclaimPolicy: balanced
 - commit_granule_bytes: 65536.
 - commit_granule_words: 8192.
 - virtual_space_node_default_size: 8388608.
 - enlarge_chunks_in_place: 1.
 - new_chunks_are_fully_committed: 0.
 - uncommit_free_chunks: 1.
 - use_allocation_guard: 0.


Internal statistics:

num_allocs_failed_limit: 9.
num_arena_births: 620.
num_arena_deaths: 0.
num_vsnodes_births: 2.
num_vsnodes_deaths: 0.
num_space_committed: 616.
num_space_uncommitted: 0.
num_chunks_returned_to_freelist: 9.
num_chunks_taken_from_freelist: 1855.
num_chunk_merges: 9.
num_chunk_splits: 1320.
num_chunks_enlarged: 1014.
num_inconsistent_stats: 0.

CodeCache: size=49152Kb used=8979Kb max_used=8979Kb free=40172Kb
 bounds [0x00007f9face00000, 0x00007f9fad6d0000, 0x00007f9fafe00000]
 total_blobs=5071 nmethods=4503 adapters=493
 compilation: enabled
              stopped_count=0, restarted_count=0
 full_count=0

Compilation events (20 events):
Event: 8,816 Thread 0x00007f9fb814bed0 4546       1       java.util.TreeMap::forEach (58 bytes)
Event: 8,816 Thread 0x00007f9fb814bed0 nmethod 4546 0x00007f9fad6bed90 code [0x00007f9fad6bef60, 0x00007f9fad6bf230]
Event: 8,821 Thread 0x00007f9fb814bed0 4547       1       java.util.Calendar::get (10 bytes)
Event: 8,821 Thread 0x00007f9fb814bed0 nmethod 4547 0x00007f9fad6bf410 code [0x00007f9fad6bf5a0, 0x00007f9fad6bf6b8]
Event: 8,824 Thread 0x00007f9fb814bed0 4548       1       java.util.Calendar::getBaseStyle (6 bytes)
Event: 8,824 Thread 0x00007f9fb814bed0 nmethod 4548 0x00007f9fad6bf790 code [0x00007f9fad6bf900, 0x00007f9fad6bf9c8]
Event: 8,824 Thread 0x00007f9fb814bed0 4549       1       java.util.Calendar::isFieldSet (14 bytes)
Event: 8,824 Thread 0x00007f9fb814bed0 nmethod 4549 0x00007f9fad6bfa90 code [0x00007f9fad6bfc00, 0x00007f9fad6bfcc0]
Event: 8,834 Thread 0x00007f9fb814bed0 4550       1       java.io.FileDescriptor$1::getAppend (5 bytes)
Event: 8,835 Thread 0x00007f9fb814bed0 nmethod 4550 0x00007f9fad6c1e10 code [0x00007f9fad6c1f80, 0x00007f9fad6c2048]
Event: 8,836 Thread 0x00007f9fb814bed0 4551   !   1       sun.net.www.protocol.jar.JarURLConnection$JarURLInputStream::close (51 bytes)
Event: 8,836 Thread 0x00007f9fb814bed0 nmethod 4551 0x00007f9fad6c2110 code [0x00007f9fad6c22e0, 0x00007f9fad6c24e8]
Event: 8,873 Thread 0x00007f9f3406e890 4557       1       java.lang.Object::<init> (1 bytes)
Event: 8,873 Thread 0x00007f9f3406e890 nmethod 4557 0x00007f9fad6c3f90 code [0x00007f9fad6c4100, 0x00007f9fad6c41c8]
Event: 8,890 Thread 0x00007f9fb814bed0 4558       1       java.lang.reflect.ProxyGenerator$ProxyMethod::<init> (44 bytes)
Event: 8,890 Thread 0x00007f9fb814bed0 nmethod 4558 0x00007f9fad6c4290 code [0x00007f9fad6c4420, 0x00007f9fad6c4770]
Event: 8,890 Thread 0x00007f9fb814bed0 4559       1       java.lang.reflect.ProxyGenerator$$Lambda$41/0x00007f9f54021200::apply (8 bytes)
Event: 8,890 Thread 0x00007f9fb814bed0 nmethod 4559 0x00007f9fad6c4810 code [0x00007f9fad6c49a0, 0x00007f9fad6c4b20]
Event: 8,890 Thread 0x00007f9fb814bed0 4560       1       java.lang.reflect.ProxyGenerator::lambda$addProxyMethod$0 (9 bytes)
Event: 8,890 Thread 0x00007f9fb814bed0 nmethod 4560 0x00007f9fad6c4c10 code [0x00007f9fad6c4da0, 0x00007f9fad6c4ec8]

GC Heap History (20 events):
Event: 3,118 GC heap before
{Heap before GC invocations=2 (full 0):
 garbage-first heap   total 129024K, used 13931K [0x0000000084800000, 0x0000000100000000)
  region size 1024K, 10 young (10240K), 1 survivors (1024K)
 Metaspace       used 7287K, committed 7488K, reserved 1114112K
  class space    used 861K, committed 960K, reserved 1048576K
}
Event: 3,124 GC heap after
{Heap after GC invocations=3 (full 0):
 garbage-first heap   total 129024K, used 7790K [0x0000000084800000, 0x0000000100000000)
  region size 1024K, 2 young (2048K), 2 survivors (2048K)
 Metaspace       used 7287K, committed 7488K, reserved 1114112K
  class space    used 861K, committed 960K, reserved 1048576K
}
Event: 3,977 GC heap before
{Heap before GC invocations=3 (full 0):
 garbage-first heap   total 129024K, used 19054K [0x0000000084800000, 0x0000000100000000)
  region size 1024K, 13 young (13312K), 2 survivors (2048K)
 Metaspace       used 10285K, committed 10624K, reserved 1114112K
  class space    used 1330K, committed 1472K, reserved 1048576K
}
Event: 3,985 GC heap after
{Heap after GC invocations=4 (full 0):
 garbage-first heap   total 129024K, used 9254K [0x0000000084800000, 0x0000000100000000)
  region size 1024K, 2 young (2048K), 2 survivors (2048K)
 Metaspace       used 10285K, committed 10624K, reserved 1114112K
  class space    used 1330K, committed 1472K, reserved 1048576K
}
Event: 5,206 GC heap before
{Heap before GC invocations=4 (full 0):
 garbage-first heap   total 129024K, used 61478K [0x0000000084800000, 0x0000000100000000)
  region size 1024K, 54 young (55296K), 2 survivors (2048K)
 Metaspace       used 18505K, committed 18880K, reserved 1114112K
  class space    used 2505K, committed 2688K, reserved 1048576K
}
Event: 5,223 GC heap after
{Heap after GC invocations=5 (full 0):
 garbage-first heap   total 129024K, used 13276K [0x0000000084800000, 0x0000000100000000)
  region size 1024K, 6 young (6144K), 6 survivors (6144K)
 Metaspace       used 18505K, committed 18880K, reserved 1114112K
  class space    used 2505K, committed 2688K, reserved 1048576K
}
Event: 5,501 GC heap before
{Heap before GC invocations=5 (full 0):
 garbage-first heap   total 129024K, used 33756K [0x0000000084800000, 0x0000000100000000)
  region size 1024K, 28 young (28672K), 6 survivors (6144K)
 Metaspace       used 21125K, committed 21568K, reserved 1114112K
  class space    used 2802K, committed 3008K, reserved 1048576K
}
Event: 5,512 GC heap after
{Heap after GC invocations=6 (full 0):
 garbage-first heap   total 129024K, used 14235K [0x0000000084800000, 0x0000000100000000)
  region size 1024K, 5 young (5120K), 5 survivors (5120K)
 Metaspace       used 21125K, committed 21568K, reserved 1114112K
  class space    used 2802K, committed 3008K, reserved 1048576K
}
Event: 6,186 GC heap before
{Heap before GC invocations=7 (full 0):
 garbage-first heap   total 61440K, used 44955K [0x0000000084800000, 0x0000000100000000)
  region size 1024K, 36 young (36864K), 5 survivors (5120K)
 Metaspace       used 26948K, committed 27392K, reserved 1114112K
  class space    used 3586K, committed 3776K, reserved 1048576K
}
Event: 6,196 GC heap after
{Heap after GC invocations=8 (full 0):
 garbage-first heap   total 61440K, used 16233K [0x0000000084800000, 0x0000000100000000)
  region size 1024K, 3 young (3072K), 3 survivors (3072K)
 Metaspace       used 26948K, committed 27392K, reserved 1114112K
  class space    used 3586K, committed 3776K, reserved 1048576K
}
Event: 6,848 GC heap before
{Heap before GC invocations=8 (full 0):
 garbage-first heap   total 61440K, used 49001K [0x0000000084800000, 0x0000000100000000)
  region size 1024K, 36 young (36864K), 3 survivors (3072K)
 Metaspace       used 30669K, committed 31104K, reserved 1114112K
  class space    used 4078K, committed 4288K, reserved 1048576K
}
Event: 6,862 GC heap after
{Heap after GC invocations=9 (full 0):
 garbage-first heap   total 61440K, used 19355K [0x0000000084800000, 0x0000000100000000)
  region size 1024K, 5 young (5120K), 5 survivors (5120K)
 Metaspace       used 30669K, committed 31104K, reserved 1114112K
  class space    used 4078K, committed 4288K, reserved 1048576K
}
Event: 7,555 GC heap before
{Heap before GC invocations=9 (full 0):
 garbage-first heap   total 61440K, used 52123K [0x0000000084800000, 0x0000000100000000)
  region size 1024K, 36 young (36864K), 5 survivors (5120K)
 Metaspace       used 34640K, committed 35072K, reserved 1114112K
  class space    used 4443K, committed 4608K, reserved 1048576K
}
Event: 7,573 GC heap after
{Heap after GC invocations=10 (full 0):
 garbage-first heap   total 75776K, used 22866K [0x0000000084800000, 0x0000000100000000)
  region size 1024K, 5 young (5120K), 5 survivors (5120K)
 Metaspace       used 34640K, committed 35072K, reserved 1114112K
  class space    used 4443K, committed 4608K, reserved 1048576K
}
Event: 7,817 GC heap before
{Heap before GC invocations=10 (full 0):
 garbage-first heap   total 75776K, used 61778K [0x0000000084800000, 0x0000000100000000)
  region size 1024K, 44 young (45056K), 5 survivors (5120K)
 Metaspace       used 34991K, committed 35520K, reserved 1114112K
  class space    used 4489K, committed 4736K, reserved 1048576K
}
Event: 7,822 GC heap after
{Heap after GC invocations=11 (full 0):
 garbage-first heap   total 75776K, used 23150K [0x0000000084800000, 0x0000000100000000)
  region size 1024K, 3 young (3072K), 3 survivors (3072K)
 Metaspace       used 34991K, committed 35520K, reserved 1114112K
  class space    used 4489K, committed 4736K, reserved 1048576K
}
Event: 8,046 GC heap before
{Heap before GC invocations=11 (full 0):
 garbage-first heap   total 75776K, used 40558K [0x0000000084800000, 0x0000000100000000)
  region size 1024K, 21 young (21504K), 3 survivors (3072K)
 Metaspace       used 36023K, committed 36480K, reserved 1114112K
  class space    used 4631K, committed 4864K, reserved 1048576K
}
Event: 8,050 GC heap after
{Heap after GC invocations=12 (full 0):
 garbage-first heap   total 75776K, used 22204K [0x0000000084800000, 0x0000000100000000)
  region size 1024K, 2 young (2048K), 2 survivors (2048K)
 Metaspace       used 36023K, committed 36480K, reserved 1114112K
  class space    used 4631K, committed 4864K, reserved 1048576K
}
Event: 8,792 GC heap before
{Heap before GC invocations=13 (full 0):
 garbage-first heap   total 75776K, used 63164K [0x0000000084800000, 0x0000000100000000)
  region size 1024K, 43 young (44032K), 2 survivors (2048K)
 Metaspace       used 38091K, committed 38656K, reserved 1114112K
  class space    used 4938K, committed 5184K, reserved 1048576K
}
Event: 8,797 GC heap after
{Heap after GC invocations=14 (full 0):
 garbage-first heap   total 75776K, used 23203K [0x0000000084800000, 0x0000000100000000)
  region size 1024K, 3 young (3072K), 3 survivors (3072K)
 Metaspace       used 38091K, committed 38656K, reserved 1114112K
  class space    used 4938K, committed 5184K, reserved 1048576K
}

Dll operation events (13 events):
Event: 0,011 Loaded shared library /usr/lib/jvm/jdk-20/lib/libjava.so
Event: 0,109 Loaded shared library /usr/lib/jvm/jdk-20/lib/libjsvml.so
Event: 0,300 Loaded shared library /usr/lib/jvm/jdk-20/lib/libzip.so
Event: 0,305 Loaded shared library /usr/lib/jvm/jdk-20/lib/libinstrument.so
Event: 0,311 Loaded shared library /usr/lib/jvm/jdk-20/lib/libnio.so
Event: 0,316 Loaded shared library /usr/lib/jvm/jdk-20/lib/libzip.so
Event: 0,630 Loaded shared library /usr/lib/jvm/jdk-20/lib/libnet.so
Event: 0,638 Loaded shared library /usr/lib/jvm/jdk-20/lib/libjimage.so
Event: 0,653 Loaded shared library /usr/lib/jvm/jdk-20/lib/libextnet.so
Event: 0,750 Loaded shared library /usr/lib/jvm/jdk-20/lib/libmanagement.so
Event: 0,802 Loaded shared library /usr/lib/jvm/jdk-20/lib/libmanagement_ext.so
Event: 2,306 Loaded shared library /usr/lib/jvm/jdk-20/lib/libverify.so
Event: 8,837 Loaded shared library /home/ash/.cache/JNA/temp/jna1923228477446919293.tmp

Deoptimization events (10 events):
Event: 1,507 Thread 0x00007f9fb802d970 DEOPT PACKING pc=0x00007f9fad0c935d sp=0x00007f9fbc9fca70
Event: 1,507 Thread 0x00007f9fb802d970 DEOPT UNPACKING pc=0x00007f9face699af sp=0x00007f9fbc9fbf40 mode 3
Event: 1,586 Thread 0x00007f9fb802d970 DEOPT PACKING pc=0x00007f9fad0de2e0 sp=0x00007f9fbc9fca40
Event: 1,586 Thread 0x00007f9fb802d970 DEOPT UNPACKING pc=0x00007f9face699af sp=0x00007f9fbc9fbf18 mode 3
Event: 4,550 Thread 0x00007f9fb802d970 DEOPT PACKING pc=0x00007f9fad2f9bb9 sp=0x00007f9fbc9fc920
Event: 4,550 Thread 0x00007f9fb802d970 DEOPT UNPACKING pc=0x00007f9face699af sp=0x00007f9fbc9fbe20 mode 3
Event: 6,551 Thread 0x00007f9fb802d970 DEOPT PACKING pc=0x00007f9fad57707d sp=0x00007f9fbc9fdf60
Event: 6,551 Thread 0x00007f9fb802d970 DEOPT UNPACKING pc=0x00007f9face699af sp=0x00007f9fbc9fd4e8 mode 3
Event: 7,440 Thread 0x00007f9fb802d970 DEOPT PACKING pc=0x00007f9fad5e01b9 sp=0x00007f9fbc9fc970
Event: 7,440 Thread 0x00007f9fb802d970 DEOPT UNPACKING pc=0x00007f9face699af sp=0x00007f9fbc9fbe70 mode 3

Classes loaded (20 events):
Event: 8,870 Loading class java/util/concurrent/CompletableFuture$AltResult
Event: 8,870 Loading class java/util/concurrent/CompletableFuture$AltResult done
Event: 8,870 Loading class java/util/concurrent/CompletableFuture$ThreadPerTaskExecutor
Event: 8,870 Loading class java/util/concurrent/CompletableFuture$ThreadPerTaskExecutor done
Event: 8,870 Loading class java/util/concurrent/CompletableFuture$Completion
Event: 8,870 Loading class java/util/concurrent/CompletableFuture$AsynchronousCompletionTask
Event: 8,870 Loading class java/util/concurrent/CompletableFuture$AsynchronousCompletionTask done
Event: 8,870 Loading class java/util/concurrent/CompletableFuture$Completion done
Event: 8,871 Loading class java/lang/ProcessHandleImpl$1
Event: 8,871 Loading class java/lang/ProcessHandleImpl$1 done
Event: 8,871 Loading class java/util/concurrent/CompletableFuture$UniHandle
Event: 8,871 Loading class java/util/concurrent/CompletableFuture$UniCompletion
Event: 8,871 Loading class java/util/concurrent/CompletableFuture$UniCompletion done
Event: 8,871 Loading class java/util/concurrent/CompletableFuture$UniHandle done
Event: 8,872 Loading class jdk/internal/event/ProcessStartEvent
Event: 8,872 Loading class jdk/internal/event/ProcessStartEvent done
Event: 8,872 Loading class java/lang/ProcessBuilder$NullInputStream
Event: 8,872 Loading class java/lang/ProcessBuilder$NullInputStream done
Event: 8,872 Loading class java/lang/ProcessBuilder$NullOutputStream
Event: 8,873 Loading class java/lang/ProcessBuilder$NullOutputStream done

Classes unloaded (0 events):
No events

Classes redefined (0 events):
No events

Internal exceptions (20 events):
Event: 8,201 Thread 0x00007f9fb802d970 Exception <a 'java/lang/NoSuchMethodError'{0x00000000878c3d30}: 'int java.lang.invoke.DirectMethodHandle$Holder.invokeStaticInit(java.lang.Object, java.lang.Object, java.lang.Object, java.lang.Object)'> (0x00000000878c3d30) 
thrown [open/src/hotspot/share/interpreter/linkResolver.cpp, line 772]
Event: 8,268 Thread 0x00007f9fb802d970 Exception <a 'java/lang/ClassNotFoundException'{0x00000000875232d0}: java/lang/ObjectCustomizer> (0x00000000875232d0) 
thrown [open/src/hotspot/share/classfile/systemDictionary.cpp, line 305]
Event: 8,269 Thread 0x00007f9fb802d970 Exception <a 'java/lang/ClassNotFoundException'{0x000000008752b1b8}: org/springframework/security/config/annotation/web/configuration/WebSecurityConfigurationCustomizer> (0x000000008752b1b8) 
thrown [open/src/hotspot/share/classfile/systemDictionary.cpp, line 305]
Event: 8,269 Thread 0x00007f9fb802d970 Exception <a 'java/lang/ClassNotFoundException'{0x0000000087537e18}: org/springframework/context/annotation/ImportAwareCustomizer> (0x0000000087537e18) 
thrown [open/src/hotspot/share/classfile/systemDictionary.cpp, line 305]
Event: 8,270 Thread 0x00007f9fb802d970 Exception <a 'java/lang/ClassNotFoundException'{0x000000008753c9e0}: org/springframework/beans/factory/AwareCustomizer> (0x000000008753c9e0) 
thrown [open/src/hotspot/share/classfile/systemDictionary.cpp, line 305]
Event: 8,270 Thread 0x00007f9fb802d970 Exception <a 'java/lang/ClassNotFoundException'{0x0000000087540cc8}: org/springframework/beans/factory/BeanClassLoaderAwareCustomizer> (0x0000000087540cc8) 
thrown [open/src/hotspot/share/classfile/systemDictionary.cpp, line 305]
Event: 8,270 Thread 0x00007f9fb802d970 Exception <a 'java/lang/ClassNotFoundException'{0x0000000087545870}: org/springframework/beans/factory/AwareCustomizer> (0x0000000087545870) 
thrown [open/src/hotspot/share/classfile/systemDictionary.cpp, line 305]
Event: 8,746 Thread 0x00007f9fb802d970 Exception <a 'java/lang/ClassNotFoundException'{0x00000000868e92d0}: java/lang/ObjectCustomizer> (0x00000000868e92d0) 
thrown [open/src/hotspot/share/classfile/systemDictionary.cpp, line 305]
Event: 8,747 Thread 0x00007f9fb802d970 Exception <a 'java/lang/ClassNotFoundException'{0x00000000868f11b8}: org/springframework/security/config/annotation/web/configuration/HttpSecurityConfigurationCustomizer> (0x00000000868f11b8) 
thrown [open/src/hotspot/share/classfile/systemDictionary.cpp, line 305]
Event: 8,782 Thread 0x00007f9fb802d970 Exception <a 'java/lang/NoSuchMethodError'{0x000000008668fa90}: 'java.lang.Object java.lang.invoke.DirectMethodHandle$Holder.newInvokeSpecial(java.lang.Object, java.lang.Object, int, java.lang.Object, java.lang.Object)'> (0x000000008668fa90) 
thrown [open/src/hotspot/share/interpreter/linkResolver.cpp, line 772]
Event: 8,782 Thread 0x00007f9fb802d970 Exception <a 'java/lang/NoSuchMethodError'{0x000000008669ab18}: 'java.lang.Object java.lang.invoke.DirectMethodHandle$Holder.invokeSpecial(java.lang.Object, java.lang.Object, int, java.lang.Object, int, java.lang.Object)'> (0x000000008669ab18) 
thrown [open/src/hotspot/share/interpreter/linkResolver.cpp, line 772]
Event: 8,783 Thread 0x00007f9fb802d970 Exception <a 'java/lang/NoSuchMethodError'{0x00000000866a2628}: 'java.lang.Object java.lang.invoke.DirectMethodHandle$Holder.newInvokeSpecial(java.lang.Object, java.lang.Object, int, java.lang.Object, int)'> (0x00000000866a2628) 
thrown [open/src/hotspot/share/interpreter/linkResolver.cpp, line 772]
Event: 8,783 Thread 0x00007f9fb802d970 Exception <a 'java/lang/NoSuchMethodError'{0x00000000866a6498}: 'java.lang.Object java.lang.invoke.DirectMethodHandle$Holder.invokeSpecial(java.lang.Object, java.lang.Object, java.lang.Object, int, java.lang.Object, int)'> (0x00000000866a6498) 
thrown [open/src/hotspot/share/interpreter/linkResolver.cpp, line 772]
Event: 8,862 Thread 0x00007f9fb802d970 Exception <a 'java/lang/NoSuchMethodError'{0x000000008c11e170}: 'java.lang.Object java.lang.invoke.DirectMethodHandle$Holder.invokeStatic(java.lang.Object, long, java.lang.Object)'> (0x000000008c11e170) 
thrown [open/src/hotspot/share/interpreter/linkResolver.cpp, line 772]
Event: 8,862 Thread 0x00007f9fb802d970 Exception <a 'java/lang/NoSuchMethodError'{0x000000008c1217c8}: 'java.lang.Object java.lang.invoke.DirectMethodHandle$Holder.invokeStaticInit(java.lang.Object, long, java.lang.Object)'> (0x000000008c1217c8) 
thrown [open/src/hotspot/share/interpreter/linkResolver.cpp, line 772]
Event: 8,863 Thread 0x00007f9fb802d970 Exception <a 'java/lang/NoSuchMethodError'{0x000000008c126f30}: 'java.lang.Object java.lang.invoke.DirectMethodHandle$Holder.newInvokeSpecial(java.lang.Object, long)'> (0x000000008c126f30) 
thrown [open/src/hotspot/share/interpreter/linkResolver.cpp, line 772]
Event: 8,864 Thread 0x00007f9fb802d970 Exception <a 'java/lang/NoSuchMethodError'{0x000000008c12dc38}: 'java.lang.Object java.lang.invoke.DirectMethodHandle$Holder.newInvokeSpecial(java.lang.Object, java.lang.Object, java.lang.Object, int)'> (0x000000008c12dc38) 
thrown [open/src/hotspot/share/interpreter/linkResolver.cpp, line 772]
Event: 8,864 Thread 0x00007f9fb802d970 Exception <a 'java/lang/NoSuchMethodError'{0x000000008c131ab8}: 'java.lang.Object java.lang.invoke.DirectMethodHandle$Holder.invokeSpecial(java.lang.Object, java.lang.Object, java.lang.Object, java.lang.Object, int)'> (0x000000008c131ab8) 
thrown [open/src/hotspot/share/interpreter/linkResolver.cpp, line 772]
Event: 8,865 Thread 0x00007f9fb802d970 Exception <a 'java/lang/NoSuchMethodError'{0x000000008c134f40}: 'java.lang.Object java.lang.invoke.Invokers$Holder.linkToTargetMethod(java.lang.Object, java.lang.Object, int, java.lang.Object)'> (0x000000008c134f40) 
thrown [open/src/hotspot/share/interpreter/linkResolver.cpp, line 772]
Event: 8,873 Thread 0x00007f9fb802d970 Exception <a 'java/lang/UnsatisfiedLinkError'{0x000000008c178a58}: libcrypto.so: cannot open shared object file: No such file or directory> (0x000000008c178a58) 
thrown [open/src/hotspot/share/prims/jni.cpp, line 538]

VM Operations (20 events):
Event: 8,046 Executing VM operation: CollectForMetadataAllocation
Event: 8,050 Executing VM operation: CollectForMetadataAllocation done
Event: 8,065 Executing VM operation: HandshakeAllThreads
Event: 8,066 Executing VM operation: HandshakeAllThreads done
Event: 8,080 Executing VM operation: G1PauseRemark
Event: 8,085 Executing VM operation: G1PauseRemark done
Event: 8,102 Executing VM operation: G1PauseCleanup
Event: 8,102 Executing VM operation: G1PauseCleanup done
Event: 8,792 Executing VM operation: G1CollectForAllocation
Event: 8,798 Executing VM operation: G1CollectForAllocation done
Event: 8,846 Executing VM operation: HandshakeAllThreads
Event: 8,846 Executing VM operation: HandshakeAllThreads done
Event: 8,851 Executing VM operation: HandshakeAllThreads
Event: 8,851 Executing VM operation: HandshakeAllThreads done
Event: 8,866 Executing VM operation: HandshakeAllThreads
Event: 8,866 Executing VM operation: HandshakeAllThreads done
Event: 8,868 Executing VM operation: HandshakeAllThreads
Event: 8,868 Executing VM operation: HandshakeAllThreads done
Event: 8,869 Executing VM operation: HandshakeAllThreads
Event: 8,869 Executing VM operation: HandshakeAllThreads done

Events (20 events):
Event: 8,791 Thread 0x00007f9fb8f53140 Thread added: 0x00007f9fb8f53140
Event: 8,791 Protecting memory [0x00007f9f4d2fc000,0x00007f9f4d300000] with protection modes 0
Event: 8,791 Thread 0x00007f9fb8f54190 Thread added: 0x00007f9fb8f54190
Event: 8,791 Protecting memory [0x00007f9f4d1fc000,0x00007f9f4d200000] with protection modes 0
Event: 8,791 Thread 0x00007f9fb8f55120 Thread added: 0x00007f9fb8f55120
Event: 8,791 Protecting memory [0x00007f9f4d0fc000,0x00007f9f4d100000] with protection modes 0
Event: 8,791 Thread 0x00007f9fb8f567b0 Thread added: 0x00007f9fb8f567b0
Event: 8,792 Protecting memory [0x00007f9f4cffc000,0x00007f9f4d000000] with protection modes 0
Event: 8,792 Thread 0x00007f9fb8f57c10 Thread added: 0x00007f9fb8f57c10
Event: 8,792 Protecting memory [0x00007f9f4cefc000,0x00007f9f4cf00000] with protection modes 0
Event: 8,792 Thread 0x00007f9fb8f59070 Thread added: 0x00007f9fb8f59070
Event: 8,792 Protecting memory [0x00007f9f4cdfc000,0x00007f9f4ce00000] with protection modes 0
Event: 8,792 Thread 0x00007f9fb8f5aa60 Thread added: 0x00007f9fb8f5aa60
Event: 8,792 Protecting memory [0x00007f9f4ccfc000,0x00007f9f4cd00000] with protection modes 0
Event: 8,802 Thread 0x00007f9fb8f5e610 Thread added: 0x00007f9fb8f5e610
Event: 8,802 Protecting memory [0x00007f9f4cbfc000,0x00007f9f4cc00000] with protection modes 0
Event: 8,803 Thread 0x00007f9fb8f64460 Thread added: 0x00007f9fb8f64460
Event: 8,803 Protecting memory [0x00007f9f4cafc000,0x00007f9f4cb00000] with protection modes 0
Event: 8,871 Thread 0x00007f9fb8f99610 Thread added: 0x00007f9fb8f99610
Event: 8,871 Protecting memory [0x00007f9fbc0ba000,0x00007f9fbc0be000] with protection modes 0


Dynamic libraries:
84800000-88800000 rw-p 00000000 00:00 0 
88800000-8a900000 ---p 00000000 00:00 0 
8a900000-8ae00000 rw-p 00000000 00:00 0 
8ae00000-8c100000 ---p 00000000 00:00 0 
8c100000-8c400000 rw-p 00000000 00:00 0 
8c400000-ffe00000 ---p 00000000 00:00 0 
ffe00000-ffe79000 rw-p 00d3e000 08:03 3184441                            /usr/lib/jvm/jdk-20/lib/server/classes.jsa
ffe79000-fff00000 rw-p 00000000 00:00 0 
fff00000-fff83000 rw-p 00cbb000 08:03 3184441                            /usr/lib/jvm/jdk-20/lib/server/classes.jsa
fff83000-100000000 rw-p 00000000 00:00 0 
56267587e000-56267587f000 r-xp 00000000 08:03 3184371                    /usr/lib/jvm/jdk-20/bin/java
562675880000-562675881000 r--p 00001000 08:03 3184371                    /usr/lib/jvm/jdk-20/bin/java
562675881000-562675882000 rw-p 00002000 08:03 3184371                    /usr/lib/jvm/jdk-20/bin/java
5626765cb000-562676613000 rw-p 00000000 00:00 0                          [heap]
7f9f27c00000-7f9f27c9a000 r--p 00000000 08:03 2649675                    /usr/lib/x86_64-linux-gnu/libstdc++.so.6.0.30
7f9f27c9a000-7f9f27dab000 r-xp 0009a000 08:03 2649675                    /usr/lib/x86_64-linux-gnu/libstdc++.so.6.0.30
7f9f27dab000-7f9f27e1a000 r--p 001ab000 08:03 2649675                    /usr/lib/x86_64-linux-gnu/libstdc++.so.6.0.30
7f9f27e1a000-7f9f27e1b000 ---p 0021a000 08:03 2649675                    /usr/lib/x86_64-linux-gnu/libstdc++.so.6.0.30
7f9f27e1b000-7f9f27e26000 r--p 0021a000 08:03 2649675                    /usr/lib/x86_64-linux-gnu/libstdc++.so.6.0.30
7f9f27e26000-7f9f27e29000 rw-p 00225000 08:03 2649675                    /usr/lib/x86_64-linux-gnu/libstdc++.so.6.0.30
7f9f27e29000-7f9f27e2c000 rw-p 00000000 00:00 0 
7f9f28000000-7f9f28021000 rw-p 00000000 00:00 0 
7f9f28021000-7f9f2c000000 ---p 00000000 00:00 0 
7f9f2c000000-7f9f2c12d000 rw-p 00000000 00:00 0 
7f9f2c12d000-7f9f30000000 ---p 00000000 00:00 0 
7f9f30000000-7f9f30021000 rw-p 00000000 00:00 0 
7f9f30021000-7f9f34000000 ---p 00000000 00:00 0 
7f9f34000000-7f9f343ac000 rw-p 00000000 00:00 0 
7f9f343ac000-7f9f38000000 ---p 00000000 00:00 0 
7f9f38000000-7f9f3803c000 rw-p 00000000 00:00 0 
7f9f3803c000-7f9f3c000000 ---p 00000000 00:00 0 
7f9f3c000000-7f9f3c021000 rw-p 00000000 00:00 0 
7f9f3c021000-7f9f40000000 ---p 00000000 00:00 0 
7f9f40000000-7f9f40021000 rw-p 00000000 00:00 0 
7f9f40021000-7f9f44000000 ---p 00000000 00:00 0 
7f9f44000000-7f9f44021000 rw-p 00000000 00:00 0 
7f9f44021000-7f9f48000000 ---p 00000000 00:00 0 
7f9f48000000-7f9f4839f000 rw-p 00000000 00:00 0 
7f9f4839f000-7f9f4c000000 ---p 00000000 00:00 0 
7f9f4c032000-7f9f4c0a0000 r--p 00000000 08:03 2625695                    /usr/local/lib/libOPENFHEcore.so.1.1.1
7f9f4c0a0000-7f9f4c1bb000 r-xp 0006e000 08:03 2625695                    /usr/local/lib/libOPENFHEcore.so.1.1.1
7f9f4c1bb000-7f9f4c1f8000 r--p 00189000 08:03 2625695                    /usr/local/lib/libOPENFHEcore.so.1.1.1
7f9f4c1f8000-7f9f4c1fc000 r--p 001c5000 08:03 2625695                    /usr/local/lib/libOPENFHEcore.so.1.1.1
7f9f4c1fc000-7f9f4c1fe000 rw-p 001c9000 08:03 2625695                    /usr/local/lib/libOPENFHEcore.so.1.1.1
7f9f4c1fe000-7f9f4c200000 rw-p 00000000 00:00 0 
7f9f4c200000-7f9f4c286000 r--p 00000000 08:03 2625698                    /usr/local/lib/libOPENFHEpke.so.1.1.1
7f9f4c286000-7f9f4c42b000 r-xp 00086000 08:03 2625698                    /usr/local/lib/libOPENFHEpke.so.1.1.1
7f9f4c42b000-7f9f4c492000 r--p 0022b000 08:03 2625698                    /usr/local/lib/libOPENFHEpke.so.1.1.1
7f9f4c492000-7f9f4c493000 ---p 00292000 08:03 2625698                    /usr/local/lib/libOPENFHEpke.so.1.1.1
7f9f4c493000-7f9f4c49a000 r--p 00292000 08:03 2625698                    /usr/local/lib/libOPENFHEpke.so.1.1.1
7f9f4c49a000-7f9f4c49c000 rw-p 00299000 08:03 2625698                    /usr/local/lib/libOPENFHEpke.so.1.1.1
7f9f4c49c000-7f9f4c49e000 rw-p 00000000 00:00 0 
7f9f4c640000-7f9f4c6b3000 r--p 00000000 08:03 2625748                    /usr/local/lib/libcrypto.so.1.0.0
7f9f4c6b3000-7f9f4c7ac000 r-xp 00073000 08:03 2625748                    /usr/local/lib/libcrypto.so.1.0.0
7f9f4c7ac000-7f9f4c7f7000 r--p 0016c000 08:03 2625748                    /usr/local/lib/libcrypto.so.1.0.0
7f9f4c7f7000-7f9f4c7f8000 ---p 001b7000 08:03 2625748                    /usr/local/lib/libcrypto.so.1.0.0
7f9f4c7f8000-7f9f4c7fd000 r--p 001b7000 08:03 2625748                    /usr/local/lib/libcrypto.so.1.0.0
7f9f4c7fd000-7f9f4c7ff000 rw-p 001bc000 08:03 2625748                    /usr/local/lib/libcrypto.so.1.0.0
7f9f4c7ff000-7f9f4c800000 rw-p 00000000 00:00 0 
7f9f4c800000-7f9f4c818000 r-xp 00000000 08:03 4460799                    /home/ash/.cache/JNA/temp/jna1923228477446919293.tmp (deleted)
7f9f4c818000-7f9f4ca18000 ---p 00018000 08:03 4460799                    /home/ash/.cache/JNA/temp/jna1923228477446919293.tmp (deleted)
7f9f4ca18000-7f9f4ca19000 rw-p 00018000 08:03 4460799                    /home/ash/.cache/JNA/temp/jna1923228477446919293.tmp (deleted)
7f9f4cafc000-7f9f4cb00000 ---p 00000000 00:00 0 
7f9f4cb00000-7f9f4cbfc000 rw-p 00000000 00:00 0 
7f9f4cbfc000-7f9f4cc00000 ---p 00000000 00:00 0 
7f9f4cc00000-7f9f4ccfc000 rw-p 00000000 00:00 0 
7f9f4ccfc000-7f9f4cd00000 ---p 00000000 00:00 0 
7f9f4cd00000-7f9f4cdfc000 rw-p 00000000 00:00 0 
7f9f4cdfc000-7f9f4ce00000 ---p 00000000 00:00 0 
7f9f4ce00000-7f9f4cefc000 rw-p 00000000 00:00 0 
7f9f4cefc000-7f9f4cf00000 ---p 00000000 00:00 0 
7f9f4cf00000-7f9f4cffc000 rw-p 00000000 00:00 0 
7f9f4cffc000-7f9f4d000000 ---p 00000000 00:00 0 
7f9f4d000000-7f9f4d0fc000 rw-p 00000000 00:00 0 
7f9f4d0fc000-7f9f4d100000 ---p 00000000 00:00 0 
7f9f4d100000-7f9f4d1fc000 rw-p 00000000 00:00 0 
7f9f4d1fc000-7f9f4d200000 ---p 00000000 00:00 0 
7f9f4d200000-7f9f4d2fc000 rw-p 00000000 00:00 0 
7f9f4d2fc000-7f9f4d300000 ---p 00000000 00:00 0 
7f9f4d300000-7f9f4d3fc000 rw-p 00000000 00:00 0 
7f9f4d3fc000-7f9f4d400000 ---p 00000000 00:00 0 
7f9f4d400000-7f9f4d4fc000 rw-p 00000000 00:00 0 
7f9f4d4fc000-7f9f4d500000 ---p 00000000 00:00 0 
7f9f4d500000-7f9f4d5fc000 rw-p 00000000 00:00 0 
7f9f4d5fc000-7f9f4d600000 ---p 00000000 00:00 0 
7f9f4d600000-7f9f4d6fc000 rw-p 00000000 00:00 0 
7f9f4d6fc000-7f9f4d700000 ---p 00000000 00:00 0 
7f9f4d700000-7f9f4d7fc000 rw-p 00000000 00:00 0 
7f9f4d7fc000-7f9f4d800000 ---p 00000000 00:00 0 
7f9f4d800000-7f9f4d8fc000 rw-p 00000000 00:00 0 
7f9f4d8fc000-7f9f4d900000 ---p 00000000 00:00 0 
7f9f4d900000-7f9f4d9fc000 rw-p 00000000 00:00 0 
7f9f4d9fc000-7f9f4da00000 ---p 00000000 00:00 0 
7f9f4da00000-7f9f4dafc000 rw-p 00000000 00:00 0 
7f9f4dafc000-7f9f4db00000 ---p 00000000 00:00 0 
7f9f4db00000-7f9f4dbfc000 rw-p 00000000 00:00 0 
7f9f4dbfc000-7f9f4dbfd000 ---p 00000000 00:00 0 
7f9f4dbfd000-7f9f4dcfe000 rw-p 00000000 00:00 0 
7f9f4dcfe000-7f9f4dd02000 ---p 00000000 00:00 0 
7f9f4dd02000-7f9f4ddfe000 rw-p 00000000 00:00 0 
7f9f4ddfe000-7f9f4de02000 ---p 00000000 00:00 0 
7f9f4de02000-7f9f4defe000 rw-p 00000000 00:00 0 
7f9f4defe000-7f9f4deff000 ---p 00000000 00:00 0 
7f9f4deff000-7f9f4e000000 rw-p 00000000 00:00 0 
7f9f4e000000-7f9f4e004000 ---p 00000000 00:00 0 
7f9f4e004000-7f9f4e100000 rw-p 00000000 00:00 0 
7f9f4e100000-7f9f4e104000 ---p 00000000 00:00 0 
7f9f4e104000-7f9f4e200000 rw-p 00000000 00:00 0 
7f9f4e200000-7f9f4e204000 ---p 00000000 00:00 0 
7f9f4e204000-7f9f4e300000 rw-p 00000000 00:00 0 
7f9f4e300000-7f9f4e304000 ---p 00000000 00:00 0 
7f9f4e304000-7f9f4e400000 rw-p 00000000 00:00 0 
7f9f4e400000-7f9f4e404000 ---p 00000000 00:00 0 
7f9f4e404000-7f9f4e500000 rw-p 00000000 00:00 0 
7f9f4e500000-7f9f4e504000 ---p 00000000 00:00 0 
7f9f4e504000-7f9f4e600000 rw-p 00000000 00:00 0 
7f9f4e600000-7f9f4e604000 ---p 00000000 00:00 0 
7f9f4e604000-7f9f4e700000 rw-p 00000000 00:00 0 
7f9f4e700000-7f9f4e704000 ---p 00000000 00:00 0 
7f9f4e704000-7f9f4e800000 rw-p 00000000 00:00 0 
7f9f4e800000-7f9f4e804000 ---p 00000000 00:00 0 
7f9f4e804000-7f9f4e900000 rw-p 00000000 00:00 0 
7f9f4e900000-7f9f4e904000 ---p 00000000 00:00 0 
7f9f4e904000-7f9f4ea00000 rw-p 00000000 00:00 0 
7f9f4ea00000-7f9f4efca000 r--p 00000000 08:03 2662662                    /usr/lib/locale/locale-archive
7f9f4f000000-7f9f4f3f0000 rw-p 00000000 00:00 0 
7f9f4f3f0000-7f9f4f4f0000 rw-p 00000000 00:00 0 
7f9f4f4f0000-7f9f4f5f0000 rw-p 00000000 00:00 0 
7f9f4f5f0000-7f9f4f770000 rw-p 00000000 00:00 0 
7f9f4f770000-7f9f4f8f0000 rw-p 00000000 00:00 0 
7f9f4f8f0000-7f9f4f9f0000 rw-p 00000000 00:00 0 
7f9f4f9f0000-7f9f4fef0000 rw-p 00000000 00:00 0 
7f9f4fef0000-7f9f4fff0000 rw-p 00000000 00:00 0 
7f9f4fff0000-7f9f50770000 rw-p 00000000 00:00 0 
7f9f50770000-7f9f507f0000 rw-p 00000000 00:00 0 
7f9f507f0000-7f9f50cf0000 rw-p 00000000 00:00 0 
7f9f50cf0000-7f9f50df0000 rw-p 00000000 00:00 0 
7f9f50df0000-7f9f51160000 rw-p 00000000 00:00 0 
7f9f51160000-7f9f53000000 ---p 00000000 00:00 0 
7f9f53000000-7f9f53c7e000 rw-p 00001000 08:03 3184441                    /usr/lib/jvm/jdk-20/lib/server/classes.jsa
7f9f53c7e000-7f9f54000000 ---p 00000000 00:00 0 
7f9f54000000-7f9f54010000 rw-p 00000000 00:00 0 
7f9f54010000-7f9f54030000 rw-p 00000000 00:00 0 
7f9f54030000-7f9f540b0000 rw-p 00000000 00:00 0 
7f9f540b0000-7f9f54130000 rw-p 00000000 00:00 0 
7f9f54130000-7f9f54170000 rw-p 00000000 00:00 0 
7f9f54170000-7f9f542b0000 rw-p 00000000 00:00 0 
7f9f542b0000-7f9f542f0000 rw-p 00000000 00:00 0 
7f9f542f0000-7f9f54520000 rw-p 00000000 00:00 0 
7f9f54520000-7f9f94000000 ---p 00000000 00:00 0 
7f9f94000000-7f9f94021000 rw-p 00000000 00:00 0 
7f9f94021000-7f9f98000000 ---p 00000000 00:00 0 
7f9f98000000-7f9f98021000 rw-p 00000000 00:00 0 
7f9f98021000-7f9f9c000000 ---p 00000000 00:00 0 
7f9f9c000000-7f9f9c021000 rw-p 00000000 00:00 0 
7f9f9c021000-7f9fa0000000 ---p 00000000 00:00 0 
7f9fa0000000-7f9fa0021000 rw-p 00000000 00:00 0 
7f9fa0021000-7f9fa4000000 ---p 00000000 00:00 0 
7f9fa4000000-7f9fa4021000 rw-p 00000000 00:00 0 
7f9fa4021000-7f9fa8000000 ---p 00000000 00:00 0 
7f9fa800c000-7f9fa8023000 r--p 00000000 08:03 2625702                    /usr/local/lib/libOPENFHEbinfhe.so.1.1.1
7f9fa8023000-7f9fa8060000 r-xp 00017000 08:03 2625702                    /usr/local/lib/libOPENFHEbinfhe.so.1.1.1
7f9fa8060000-7f9fa806b000 r--p 00054000 08:03 2625702                    /usr/local/lib/libOPENFHEbinfhe.so.1.1.1
7f9fa806b000-7f9fa806d000 r--p 0005e000 08:03 2625702                    /usr/local/lib/libOPENFHEbinfhe.so.1.1.1
7f9fa806d000-7f9fa806e000 rw-p 00060000 08:03 2625702                    /usr/local/lib/libOPENFHEbinfhe.so.1.1.1
7f9fa806e000-7f9fa8071000 r--p 00000000 08:03 2648887                    /usr/lib/x86_64-linux-gnu/libgcc_s.so.1
7f9fa8071000-7f9fa8088000 r-xp 00003000 08:03 2648887                    /usr/lib/x86_64-linux-gnu/libgcc_s.so.1
7f9fa8088000-7f9fa808c000 r--p 0001a000 08:03 2648887                    /usr/lib/x86_64-linux-gnu/libgcc_s.so.1
7f9fa808c000-7f9fa808d000 r--p 0001d000 08:03 2648887                    /usr/lib/x86_64-linux-gnu/libgcc_s.so.1
7f9fa808d000-7f9fa808e000 rw-p 0001e000 08:03 2648887                    /usr/lib/x86_64-linux-gnu/libgcc_s.so.1
7f9fa808e000-7f9fa808f000 ---p 00000000 00:00 0 
7f9fa808f000-7f9fa8190000 rw-p 00000000 00:00 0 
7f9fa8190000-7f9fa825e000 r-xp 00000000 08:03 3184450                    /usr/lib/jvm/jdk-20/lib/libjsvml.so
7f9fa825e000-7f9fa825f000 r--p 000cd000 08:03 3184450                    /usr/lib/jvm/jdk-20/lib/libjsvml.so
7f9fa825f000-7f9fa8260000 rw-p 000ce000 08:03 3184450                    /usr/lib/jvm/jdk-20/lib/libjsvml.so
7f9fa8260000-7f9fa8261000 ---p 00000000 00:00 0 
7f9fa8261000-7f9fa8362000 rw-p 00000000 00:00 0 
7f9fa8362000-7f9fa8363000 ---p 00000000 00:00 0 
7f9fa8363000-7f9faa666000 rw-p 00000000 00:00 0 
7f9faa666000-7f9faa667000 ---p 00000000 00:00 0 
7f9faa667000-7f9faa868000 rw-p 00000000 00:00 0 
7f9faa868000-7f9faa8ec000 ---p 00000000 00:00 0 
7f9faa8ec000-7f9faa900000 rw-p 00000000 00:00 0 
7f9faa900000-7f9faa94c000 ---p 00000000 00:00 0 
7f9faa94c000-7f9faa958000 rw-p 00000000 00:00 0 
7f9faa958000-7f9fac640000 ---p 00000000 00:00 0 
7f9fac640000-7f9fac668000 rw-p 00000000 00:00 0 
7f9fac668000-7f9fac678000 ---p 00000000 00:00 0 
7f9fac678000-7f9fac67b000 rw-p 00000000 00:00 0 
7f9fac67b000-7f9fac684000 ---p 00000000 00:00 0 
7f9fac684000-7f9fac686000 rw-p 00000000 00:00 0 
7f9fac686000-7f9faca23000 ---p 00000000 00:00 0 
7f9faca23000-7f9faca44000 rw-p 00000000 00:00 0 
7f9faca44000-7f9faca54000 ---p 00000000 00:00 0 
7f9faca54000-7f9faca57000 rw-p 00000000 00:00 0 
7f9faca57000-7f9faca60000 ---p 00000000 00:00 0 
7f9faca60000-7f9faca62000 rw-p 00000000 00:00 0 
7f9faca62000-7f9facdff000 ---p 00000000 00:00 0 
7f9facdff000-7f9face00000 rw-p 00000000 00:00 0 
7f9face00000-7f9fad6d0000 rwxp 00000000 00:00 0 
7f9fad6d0000-7f9fafe00000 ---p 00000000 00:00 0 
7f9fafe00000-7f9fb7f35000 r--s 00000000 08:03 3184435                    /usr/lib/jvm/jdk-20/lib/modules
7f9fb7f35000-7f9fb7f3f000 r--p 00000000 08:03 2648980                    /usr/lib/x86_64-linux-gnu/libgomp.so.1.0.0
7f9fb7f3f000-7f9fb7f70000 r-xp 0000a000 08:03 2648980                    /usr/lib/x86_64-linux-gnu/libgomp.so.1.0.0
7f9fb7f70000-7f9fb7f7d000 r--p 0003b000 08:03 2648980                    /usr/lib/x86_64-linux-gnu/libgomp.so.1.0.0
7f9fb7f7d000-7f9fb7f7e000 r--p 00047000 08:03 2648980                    /usr/lib/x86_64-linux-gnu/libgomp.so.1.0.0
7f9fb7f7e000-7f9fb7f7f000 rw-p 00048000 08:03 2648980                    /usr/lib/x86_64-linux-gnu/libgomp.so.1.0.0
7f9fb7f7f000-7f9fb8000000 rw-p 00000000 00:00 0 
7f9fb8000000-7f9fb91ff000 rw-p 00000000 00:00 0 
7f9fb91ff000-7f9fbc000000 ---p 00000000 00:00 0 
7f9fbc004000-7f9fbc0a0000 rw-p 00000000 00:00 0 
7f9fbc0b3000-7f9fbc0ba000 r--s 00000000 08:03 2623965                    /usr/lib/x86_64-linux-gnu/gconv/gconv-modules.cache
7f9fbc0ba000-7f9fbc0be000 ---p 00000000 00:00 0 
7f9fbc0be000-7f9fbc0dc000 rw-p 00000000 00:00 0 
7f9fbc0dc000-7f9fbc0dd000 ---p 00000000 00:00 0 
7f9fbc0dd000-7f9fbc1de000 rw-p 00000000 00:00 0 
7f9fbc1de000-7f9fbc1df000 ---p 00000000 00:00 0 
7f9fbc1df000-7f9fbc342000 rw-p 00000000 00:00 0 
7f9fbc342000-7f9fbc352000 ---p 00000000 00:00 0 
7f9fbc352000-7f9fbc355000 rw-p 00000000 00:00 0 
7f9fbc355000-7f9fbc35e000 ---p 00000000 00:00 0 
7f9fbc35e000-7f9fbc360000 rw-p 00000000 00:00 0 
7f9fbc360000-7f9fbc6fd000 ---p 00000000 00:00 0 
7f9fbc6fd000-7f9fbc900000 rw-p 00000000 00:00 0 
7f9fbc900000-7f9fbc904000 ---p 00000000 00:00 0 
7f9fbc904000-7f9fbca00000 rw-p 00000000 00:00 0 
7f9fbca00000-7f9fbdc1e000 r-xp 00000000 08:03 3184442                    /usr/lib/jvm/jdk-20/lib/server/libjvm.so
7f9fbdc1e000-7f9fbdce8000 r--p 0121d000 08:03 3184442                    /usr/lib/jvm/jdk-20/lib/server/libjvm.so
7f9fbdce8000-7f9fbdd1d000 rw-p 012e7000 08:03 3184442                    /usr/lib/jvm/jdk-20/lib/server/libjvm.so
7f9fbdd1d000-7f9fbdd7c000 rw-p 00000000 00:00 0 
7f9fbdd7e000-7f9fbdd8b000 r-xp 00000000 08:03 3184464                    /usr/lib/jvm/jdk-20/lib/libverify.so
7f9fbdd8b000-7f9fbdd8d000 r--p 0000c000 08:03 3184464                    /usr/lib/jvm/jdk-20/lib/libverify.so
7f9fbdd8d000-7f9fbdd8e000 rw-p 0000e000 08:03 3184464                    /usr/lib/jvm/jdk-20/lib/libverify.so
7f9fbdd8e000-7f9fbdd94000 r-xp 00000000 08:03 3184462                    /usr/lib/jvm/jdk-20/lib/libmanagement_ext.so
7f9fbdd94000-7f9fbdd95000 r--p 00005000 08:03 3184462                    /usr/lib/jvm/jdk-20/lib/libmanagement_ext.so
7f9fbdd95000-7f9fbdd96000 rw-p 00006000 08:03 3184462                    /usr/lib/jvm/jdk-20/lib/libmanagement_ext.so
7f9fbdd96000-7f9fbdd9a000 r-xp 00000000 08:03 3184466                    /usr/lib/jvm/jdk-20/lib/libmanagement.so
7f9fbdd9a000-7f9fbdd9b000 r--p 00003000 08:03 3184466                    /usr/lib/jvm/jdk-20/lib/libmanagement.so
7f9fbdd9b000-7f9fbdd9c000 rw-p 00004000 08:03 3184466                    /usr/lib/jvm/jdk-20/lib/libmanagement.so
7f9fbdd9c000-7f9fbdd9e000 r-xp 00000000 08:03 3184483                    /usr/lib/jvm/jdk-20/lib/libextnet.so
7f9fbdd9e000-7f9fbdd9f000 r--p 00001000 08:03 3184483                    /usr/lib/jvm/jdk-20/lib/libextnet.so
7f9fbdd9f000-7f9fbdda0000 rw-p 00002000 08:03 3184483                    /usr/lib/jvm/jdk-20/lib/libextnet.so
7f9fbdda0000-7f9fbddb2000 rw-p 00000000 00:00 0 
7f9fbddb2000-7f9fbde00000 ---p 00000000 00:00 0 
7f9fbde00000-7f9fbde28000 r--p 00000000 08:03 2623590                    /usr/lib/x86_64-linux-gnu/libc.so.6
7f9fbde28000-7f9fbdfbd000 r-xp 00028000 08:03 2623590                    /usr/lib/x86_64-linux-gnu/libc.so.6
7f9fbdfbd000-7f9fbe015000 r--p 001bd000 08:03 2623590                    /usr/lib/x86_64-linux-gnu/libc.so.6
7f9fbe015000-7f9fbe019000 r--p 00214000 08:03 2623590                    /usr/lib/x86_64-linux-gnu/libc.so.6
7f9fbe019000-7f9fbe01b000 rw-p 00218000 08:03 2623590                    /usr/lib/x86_64-linux-gnu/libc.so.6
7f9fbe01b000-7f9fbe028000 rw-p 00000000 00:00 0 
7f9fbe029000-7f9fbe035000 r-xp 00000000 08:03 3184478                    /usr/lib/jvm/jdk-20/lib/libnet.so
7f9fbe035000-7f9fbe036000 r--p 0000b000 08:03 3184478                    /usr/lib/jvm/jdk-20/lib/libnet.so
7f9fbe036000-7f9fbe037000 rw-p 0000c000 08:03 3184478                    /usr/lib/jvm/jdk-20/lib/libnet.so
7f9fbe037000-7f9fbe04a000 r-xp 00000000 08:03 3184486                    /usr/lib/jvm/jdk-20/lib/libnio.so
7f9fbe04a000-7f9fbe04b000 ---p 00013000 08:03 3184486                    /usr/lib/jvm/jdk-20/lib/libnio.so
7f9fbe04b000-7f9fbe04c000 r--p 00013000 08:03 3184486                    /usr/lib/jvm/jdk-20/lib/libnio.so
7f9fbe04c000-7f9fbe04d000 rw-p 00014000 08:03 3184486                    /usr/lib/jvm/jdk-20/lib/libnio.so
7f9fbe04d000-7f9fbe054000 r-xp 00000000 08:03 3184463                    /usr/lib/jvm/jdk-20/lib/libzip.so
7f9fbe054000-7f9fbe055000 ---p 00007000 08:03 3184463                    /usr/lib/jvm/jdk-20/lib/libzip.so
7f9fbe055000-7f9fbe056000 r--p 00007000 08:03 3184463                    /usr/lib/jvm/jdk-20/lib/libzip.so
7f9fbe056000-7f9fbe057000 rw-p 00008000 08:03 3184463                    /usr/lib/jvm/jdk-20/lib/libzip.so
7f9fbe057000-7f9fbe05f000 rw-s 00000000 08:03 786505                     /tmp/hsperfdata_ash/4404
7f9fbe05f000-7f9fbe085000 r-xp 00000000 08:03 3184457                    /usr/lib/jvm/jdk-20/lib/libjava.so
7f9fbe085000-7f9fbe086000 ---p 00026000 08:03 3184457                    /usr/lib/jvm/jdk-20/lib/libjava.so
7f9fbe086000-7f9fbe087000 r--p 00026000 08:03 3184457                    /usr/lib/jvm/jdk-20/lib/libjava.so
7f9fbe087000-7f9fbe088000 rw-p 00027000 08:03 3184457                    /usr/lib/jvm/jdk-20/lib/libjava.so
7f9fbe088000-7f9fbe089000 rw-p 00000000 00:00 0 
7f9fbe089000-7f9fbe0a4000 r-xp 00000000 08:03 3184471                    /usr/lib/jvm/jdk-20/lib/libjimage.so
7f9fbe0a4000-7f9fbe0a5000 ---p 0001b000 08:03 3184471                    /usr/lib/jvm/jdk-20/lib/libjimage.so
7f9fbe0a5000-7f9fbe0a7000 r--p 0001b000 08:03 3184471                    /usr/lib/jvm/jdk-20/lib/libjimage.so
7f9fbe0a7000-7f9fbe0a8000 rw-p 0001d000 08:03 3184471                    /usr/lib/jvm/jdk-20/lib/libjimage.so
7f9fbe0a8000-7f9fbe0b6000 r--p 00000000 08:03 2623597                    /usr/lib/x86_64-linux-gnu/libm.so.6
7f9fbe0b6000-7f9fbe132000 r-xp 0000e000 08:03 2623597                    /usr/lib/x86_64-linux-gnu/libm.so.6
7f9fbe132000-7f9fbe18d000 r--p 0008a000 08:03 2623597                    /usr/lib/x86_64-linux-gnu/libm.so.6
7f9fbe18d000-7f9fbe18e000 r--p 000e4000 08:03 2623597                    /usr/lib/x86_64-linux-gnu/libm.so.6
7f9fbe18e000-7f9fbe18f000 rw-p 000e5000 08:03 2623597                    /usr/lib/x86_64-linux-gnu/libm.so.6
7f9fbe18f000-7f9fbe190000 r--p 00000000 08:03 2623639                    /usr/lib/x86_64-linux-gnu/librt.so.1
7f9fbe190000-7f9fbe191000 r-xp 00001000 08:03 2623639                    /usr/lib/x86_64-linux-gnu/librt.so.1
7f9fbe191000-7f9fbe192000 r--p 00002000 08:03 2623639                    /usr/lib/x86_64-linux-gnu/librt.so.1
7f9fbe192000-7f9fbe193000 r--p 00002000 08:03 2623639                    /usr/lib/x86_64-linux-gnu/librt.so.1
7f9fbe193000-7f9fbe194000 rw-p 00003000 08:03 2623639                    /usr/lib/x86_64-linux-gnu/librt.so.1
7f9fbe194000-7f9fbe198000 rw-p 00000000 00:00 0 
7f9fbe198000-7f9fbe199000 r--p 00000000 08:03 2623596                    /usr/lib/x86_64-linux-gnu/libdl.so.2
7f9fbe199000-7f9fbe19a000 r-xp 00001000 08:03 2623596                    /usr/lib/x86_64-linux-gnu/libdl.so.2
7f9fbe19a000-7f9fbe19b000 r--p 00002000 08:03 2623596                    /usr/lib/x86_64-linux-gnu/libdl.so.2
7f9fbe19b000-7f9fbe19c000 r--p 00002000 08:03 2623596                    /usr/lib/x86_64-linux-gnu/libdl.so.2
7f9fbe19c000-7f9fbe19d000 rw-p 00003000 08:03 2623596                    /usr/lib/x86_64-linux-gnu/libdl.so.2
7f9fbe19d000-7f9fbe19e000 r--p 00000000 08:03 2623633                    /usr/lib/x86_64-linux-gnu/libpthread.so.0
7f9fbe19e000-7f9fbe19f000 r-xp 00001000 08:03 2623633                    /usr/lib/x86_64-linux-gnu/libpthread.so.0
7f9fbe19f000-7f9fbe1a0000 r--p 00002000 08:03 2623633                    /usr/lib/x86_64-linux-gnu/libpthread.so.0
7f9fbe1a0000-7f9fbe1a1000 r--p 00002000 08:03 2623633                    /usr/lib/x86_64-linux-gnu/libpthread.so.0
7f9fbe1a1000-7f9fbe1a2000 rw-p 00003000 08:03 2623633                    /usr/lib/x86_64-linux-gnu/libpthread.so.0
7f9fbe1a2000-7f9fbe1b0000 r-xp 00000000 08:03 3184447                    /usr/lib/jvm/jdk-20/lib/libjli.so
7f9fbe1b0000-7f9fbe1b1000 ---p 0000e000 08:03 3184447                    /usr/lib/jvm/jdk-20/lib/libjli.so
7f9fbe1b1000-7f9fbe1b2000 r--p 0000e000 08:03 3184447                    /usr/lib/jvm/jdk-20/lib/libjli.so
7f9fbe1b2000-7f9fbe1b3000 rw-p 0000f000 08:03 3184447                    /usr/lib/jvm/jdk-20/lib/libjli.so
7f9fbe1b3000-7f9fbe1b5000 r--p 00000000 08:03 2649945                    /usr/lib/x86_64-linux-gnu/libz.so.1.2.11
7f9fbe1b5000-7f9fbe1c6000 r-xp 00002000 08:03 2649945                    /usr/lib/x86_64-linux-gnu/libz.so.1.2.11
7f9fbe1c6000-7f9fbe1cc000 r--p 00013000 08:03 2649945                    /usr/lib/x86_64-linux-gnu/libz.so.1.2.11
7f9fbe1cc000-7f9fbe1cd000 ---p 00019000 08:03 2649945                    /usr/lib/x86_64-linux-gnu/libz.so.1.2.11
7f9fbe1cd000-7f9fbe1ce000 r--p 00019000 08:03 2649945                    /usr/lib/x86_64-linux-gnu/libz.so.1.2.11
7f9fbe1ce000-7f9fbe1cf000 rw-p 0001a000 08:03 2649945                    /usr/lib/x86_64-linux-gnu/libz.so.1.2.11
7f9fbe1d0000-7f9fbe1da000 r-xp 00000000 08:03 3184458                    /usr/lib/jvm/jdk-20/lib/libinstrument.so
7f9fbe1da000-7f9fbe1db000 r--p 00009000 08:03 3184458                    /usr/lib/jvm/jdk-20/lib/libinstrument.so
7f9fbe1db000-7f9fbe1dc000 rw-p 0000a000 08:03 3184458                    /usr/lib/jvm/jdk-20/lib/libinstrument.so
7f9fbe1dc000-7f9fbe1dd000 ---p 00000000 00:00 0 
7f9fbe1dd000-7f9fbe1de000 r--p 00000000 00:00 0 
7f9fbe1de000-7f9fbe1e0000 rw-p 00000000 00:00 0 
7f9fbe1e0000-7f9fbe1e2000 r--p 00000000 08:03 2623582                    /usr/lib/x86_64-linux-gnu/ld-linux-x86-64.so.2
7f9fbe1e2000-7f9fbe20c000 r-xp 00002000 08:03 2623582                    /usr/lib/x86_64-linux-gnu/ld-linux-x86-64.so.2
7f9fbe20c000-7f9fbe217000 r--p 0002c000 08:03 2623582                    /usr/lib/x86_64-linux-gnu/ld-linux-x86-64.so.2
7f9fbe217000-7f9fbe218000 ---p 00000000 00:00 0 
7f9fbe218000-7f9fbe21a000 r--p 00037000 08:03 2623582                    /usr/lib/x86_64-linux-gnu/ld-linux-x86-64.so.2
7f9fbe21a000-7f9fbe21c000 rw-p 00039000 08:03 2623582                    /usr/lib/x86_64-linux-gnu/ld-linux-x86-64.so.2
7ffc7b1b0000-7ffc7b1d3000 rw-p 00000000 00:00 0                          [stack]
7ffc7b1d3000-7ffc7b1d7000 r--p 00000000 00:00 0                          [vvar]
7ffc7b1d7000-7ffc7b1d9000 r-xp 00000000 00:00 0                          [vdso]
ffffffffff600000-ffffffffff601000 --xp 00000000 00:00 0                  [vsyscall]


VM Arguments:
jvm_args: -XX:TieredStopAtLevel=1 -Dspring.output.ansi.enabled=always -Dcom.sun.management.jmxremote -Dspring.jmx.enabled=true -Dspring.liveBeansView.mbeanDomain -Dspring.application.admin.enabled=true -Dmanagement.endpoints.jmx.exposure.include=* -javaagent:/home/ash/idea-IU-232.10227.8/lib/idea_rt.jar=35371:/home/ash/idea-IU-232.10227.8/bin -Dfile.encoding=UTF-8 -Dsun.stdout.encoding=UTF-8 -Dsun.stderr.encoding=UTF-8 
java_command: unipassau.thesis.vehicledatadissemination.VehicleDataDisseminationApplication
java_class_path (initial): /home/ash/Documents/PhD/vehicle-data-dissemination/target/classes:/home/ash/.m2/repository/org/springframework/boot/spring-boot-starter-security/2.7.5/spring-boot-starter-security-2.7.5.jar:/home/ash/.m2/repository/org/springframework/boot/spring-boot-starter/2.7.5/spring-boot-starter-2.7.5.jar:/home/ash/.m2/repository/org/springframework/boot/spring-boot/2.7.5/spring-boot-2.7.5.jar:/home/ash/.m2/repository/org/springframework/boot/spring-boot-autoconfigure/2.7.5/spring-boot-autoconfigure-2.7.5.jar:/home/ash/.m2/repository/org/springframework/boot/spring-boot-starter-logging/2.7.5/spring-boot-starter-logging-2.7.5.jar:/home/ash/.m2/repository/ch/qos/logback/logback-classic/1.2.11/logback-classic-1.2.11.jar:/home/ash/.m2/repository/ch/qos/logback/logback-core/1.2.11/logback-core-1.2.11.jar:/home/ash/.m2/repository/org/apache/logging/log4j/log4j-to-slf4j/2.17.2/log4j-to-slf4j-2.17.2.jar:/home/ash/.m2/repository/org/apache/logging/log4j/log4j-api/2.17.2/log4j-api-2.17.2.jar:/home/ash/.m2/repository/org/slf4j/jul-to-slf4j/1.7.36/jul-to-slf4j-1.7.36.jar:/home/ash/.m2/repository/jakarta/annotation/jakarta.annotation-api/1.3.5/jakarta.annotation-api-1.3.5.jar:/home/ash/.m2/repository/org/yaml/snakeyaml/1.30/snakeyaml-1.30.jar:/home/ash/.m2/repository/org/springframework/spring-aop/5.3.23/spring-aop-5.3.23.jar:/home/ash/.m2/repository/org/springframework/security/spring-security-config/5.7.4/spring-security-config-5.7.4.jar:/home/ash/.m2/repository/org/springframework/security/spring-security-core/5.7.4/spring-security-core-5.7.4.jar:/home/ash/.m2/repository/org/springframework/security/spring-security-crypto/5.7.4/spring-security-crypto-5.7.4.jar:/home/ash/.m2/repository/org/springframework/spring-context/5.3.23/spring-context-5.3.23.jar:/home/ash/.m2/repository/org/springframework/security/spring-security-web/5.7.4/spring-security-web-5.7.4.jar:/home/ash/.m2/repository/org/springframework/spring-expression/5.3.23/spring-expression-5.3.23.jar:/home/ash/.m2/repository/org/springframework/boot/spring-boot-starter-web/2.7.5/spring-boot-starter-web-2.7.5.jar:/home/ash/.m2/repository/org/springframework/boot/spring-boot-starter-json/2.7.5/spring-boot-starter-json-2.7.5.jar:/home/ash/.m2/repository/com/fasterxml/jackson/core/jackson-databind/2.13.4.2/jackson-databind-2.13.4.2.jar:/home/ash/.m2/repository/com/fasterxml/jackson/core/jackson-annotations/2.13.4/jackson-annotations-2.13.4.jar:/home/ash/.m2/repository/com/fasterxml/jackson/core/jackson-core/2.13.4/jackson-core-2.13.4.jar:/home/ash/.m2/repository/com/fasterxml/jackson/datatype/jackson-datatype-jdk8/2.13.4/jackson-datatype-jdk8-2.13.4.jar:/home/ash/.m2/repository/com/fasterxml/jackson/datatype/jackson-datatype-jsr310/2.13.4/jackson-datatype-jsr310-2.13.4.jar:/home/ash/.m2/repository/com/fasterxml/jackson/module/jackson-module-parameter-names/2.13.4/jackson-module-parameter-names-2.13.4.jar:/home/ash/.m2/repository/org/springframework/boot/spring-boot-starter-tomcat/2.7.5/spring-boot-starter-tomcat-2.7.5.jar:/home/ash/.m2/repository/org/apache/tomcat/embed/tomcat-embed-core/9.0.68/tomcat-embed-core-9.0.68.jar:/home/ash/.m2/repository/org/apache/tomcat/embed/tomcat-embed-el/9.0.68/tomcat-embed-el-9.0.68.jar:/home/ash/.m2/repository/org/apache/tomcat/embed/tomcat-embed-websocket/9.0.68/tomcat-embed-websocket-9.0.68.jar:/home/ash/.m2/repository/org/springframework/spring-web/5.3.23/spring-web-5.3.23.jar:/home/ash/.m2/repository/org/springframework/spring-webmvc/5.3.23/spring-webmvc-5.3.23.jar:/home/ash/.m2/repository/org/projectlombok/lombok/1.18.24/lombok-1.18.24.jar:/home/ash/.m2/repository/org/slf4j/slf4j-api/1.7.36/slf4j-api-1.7.36.jar:/home/ash/.m2/repository/jakarta/xml/bind/jakarta.xml.bind-api/2.3.3/jakarta.xml.bind-api-2.3.3.jar:/home/ash/.m2/repository/jakarta/activation/jakarta.activation-api/1.2.2/jakarta.activation-api-1.2.2.jar:/home/ash/.m2/repository/org/springframework/spring-core/5.3.23/spring-core-5.3.23.jar:/home/ash/.m2/repository/org/springframework/spring-jcl/5.3.23/spring-jcl-5.3.23.jar:/home/ash/.m2/repository/org/json/json/20220924/json-20220924.jar:/home/ash/.m2/repository/com/squareup/okhttp3/okhttp/4.10.0/okhttp-4.10.0.jar:/home/ash/.m2/repository/com/squareup/okio/okio-jvm/3.0.0/okio-jvm-3.0.0.jar:/home/ash/.m2/repository/org/jetbrains/kotlin/kotlin-stdlib-jdk8/1.6.21/kotlin-stdlib-jdk8-1.6.21.jar:/home/ash/.m2/repository/org/jetbrains/kotlin/kotlin-stdlib-jdk7/1.6.21/kotlin-stdlib-jdk7-1.6.21.jar:/home/ash/.m2/repository/org/jetbrains/kotlin/kotlin-stdlib-common/1.6.21/kotlin-stdlib-common-1.6.21.jar:/home/ash/.m2/repository/org/jetbrains/kotlin/kotlin-stdlib/1.6.21/kotlin-stdlib-1.6.21.jar:/home/ash/.m2/repository/org/jetbrains/annotations/13.0/annotations-13.0.jar:/home/ash/.m2/repository/org/apache/commons/commons-collections4/4.4/commons-collections4-4.4.jar:/home/ash/.m2/repository/jakarta/persistence/jakarta.persistence-api/2.2.3/jakarta.persistence-api-2.2.3.jar:/home/ash/.m2/repository/org/apache/commons/commons-lang3/3.5/commons-lang3-3.5.jar:/home/ash/.m2/repository/org/elasticsearch/jna/5.5.0/jna-5.5.0.jar:/home/ash/.m2/repository/org/hibernate/validator/hibernate-validator/6.0.16.Final/hibernate-validator-6.0.16.Final.jar:/home/ash/.m2/repository/javax/validation/validation-api/2.0.1.Final/validation-api-2.0.1.Final.jar:/home/ash/.m2/repository/org/jboss/logging/jboss-logging/3.4.3.Final/jboss-logging-3.4.3.Final.jar:/home/ash/.m2/repository/com/fasterxml/classmate/1.5.1/classmate-1.5.1.jar:/home/ash/.m2/repository/org/springframework/boot/spring-boot-configuration-processor/2.7.5/spring-boot-configuration-processor-2.7.5.jar:/home/ash/.m2/repository/org/springframework/spring-beans/5.3.23/spring-beans-5.3.23.jar:/home/ash/.m2/repository/org/ow2/authzforce/authzforce-ce-core-pdp-engine/20.0.0/authzforce-ce-core-pdp-engine-20.0.0.jar:/home/ash/.m2/repository/org/slf4j/jcl-over-slf4j/1.7.36/jcl-over-slf4j-1.7.36.jar:/home/ash/.m2/repository/com/sun/mail/javax.mail/1.6.2/javax.mail-1.6.2.jar:/home/ash/.m2/repository/javax/activation/activation/1.1/activation-1.1.jar:/home/ash/.m2/repository/xml-resolver/xml-resolver/1.2/xml-resolver-1.2.jar:/home/ash/.m2/repository/org/glassfish/jaxb/jaxb-runtime/2.3.7/jaxb-runtime-2.3.7.jar:/home/ash/.m2/repository/org/glassfish/jaxb/txw2/2.3.7/txw2-2.3.7.jar:/home/ash/.m2/repository/com/sun/istack/istack-commons-runtime/3.0.12/istack-commons-runtime-3.0.12.jar:/home/ash/.m2/repository/com/sun/activation/jakarta.activation/1.2.2/jakarta.activation-1.2.2.jar:/home/ash/.m2/repository/org/ow2/authzforce/authzforce-ce-core-pdp-api/21.1.1/authzforce-ce-core-pdp-api-21.1.1.jar:/home/ash/.m2/repository/net/sf/saxon/Saxon-HE/10.6/Saxon-HE-10.6.jar:/home/ash/.m2/repository/com/google/guava/guava/31.0-jre/guava-31.0-jre.jar:/home/ash/.m2/repository/com/google/guava/failureaccess/1.0.1/failureaccess-1.0.1.jar:/home/ash/.m2/repository/com/google/guava/listenablefuture/9999.0-empty-to-avoid-conflict-with-guava/listenablefuture-9999.0-empty-to-avoid-conflict-with-guava.jar:/home/ash/.m2/repository/com/google/code/findbugs/jsr305/3.0.2/jsr305-3.0.2.jar:/home/ash/.m2/repository/org/checkerframework/checker-qual/3.12.0/checker-qual-3.12.0.jar:/home/ash/.m2/repository/com/google/errorprone/error_prone_annotations/2.7.1/error_prone_annotations-2.7.1.jar:/home/ash/.m2/repository/com/google/j2objc/j2objc-annotations/1.3/j2objc-annotations-1.3.jar:/home/ash/.m2/repository/org/ow2/authzforce/authzforce-ce-xacml-model/8.2.0/authzforce-ce-xacml-model-8.2.0.jar:/home/ash/.m2/repository/org/ow2/authzforce/authzforce-ce-xmlns-model/8.2.0/authzforce-ce-xmlns-model-8.2.0.jar:/home/ash/.m2/repository/org/jvnet/jaxb2_commons/jaxb2-basics-runtime/0.12.0/jaxb2-basics-runtime-0.12.0.jar:/home/ash/.m2/repository/org/ow2/authzforce/authzforce-ce-pdp-ext-model/8.2.0/authzforce-ce-pdp-ext-model-8.2.0.jar:/home/ash/.m2/repository/org/openjdk/jmh/jmh-core/1.35/jmh-core-1.35.jar:/home/ash/.m2/repository/net/sf/jopt-simple/jopt-simple/5.0.4/jopt-simple-5.0.4.jar:/home/ash/.m2/repository/org/apache/commons/commons-math3/3.2/commons-math3-3.2.jar:/home/ash/.m2/repository/org/openjdk/jmh/jmh-generator-annprocess/1.35/jmh-generator-annprocess-1.35.jar
Launcher Type: SUN_STANDARD

[Global flags]
     intx CICompilerCount                          = 2                                         {product} {ergonomic}
     uint ConcGCThreads                            = 1                                         {product} {ergonomic}
     uint G1ConcRefinementThreads                  = 2                                         {product} {ergonomic}
   size_t G1HeapRegionSize                         = 1048576                                   {product} {ergonomic}
    uintx GCDrainStackTargetSize                   = 64                                        {product} {ergonomic}
   size_t InitialHeapSize                          = 130023424                                 {product} {ergonomic}
     bool ManagementServer                         = true                                      {product} {command line}
   size_t MarkStackSize                            = 4194304                                   {product} {ergonomic}
   size_t MaxHeapSize                              = 2071986176                                {product} {ergonomic}
   size_t MaxNewSize                               = 1242562560                                {product} {ergonomic}
   size_t MinHeapDeltaBytes                        = 1048576                                   {product} {ergonomic}
   size_t MinHeapSize                              = 8388608                                   {product} {ergonomic}
    uintx NonProfiledCodeHeapSize                  = 0                                      {pd product} {ergonomic}
     bool ProfileInterpreter                       = false                                  {pd product} {command line}
    uintx ProfiledCodeHeapSize                     = 0                                      {pd product} {ergonomic}
   size_t SoftMaxHeapSize                          = 2071986176                             {manageable} {ergonomic}
     intx TieredStopAtLevel                        = 1                                         {product} {command line}
     bool UseCompressedClassPointers               = true                           {product lp64_product} {ergonomic}
     bool UseCompressedOops                        = true                           {product lp64_product} {ergonomic}
     bool UseG1GC                                  = true                                      {product} {ergonomic}

Logging:
Log output configuration:
 #0: stdout all=warning uptime,level,tags foldmultilines=false
 #1: stderr all=off uptime,level,tags foldmultilines=false

Environment Variables:
JAVA_HOME=/usr/lib/jvm/jdk-20/
PATH=/usr/local/sbin:/usr/local/bin:/usr/sbin:/usr/bin:/sbin:/bin:/usr/games:/usr/local/games:/snap/bin:/snap/bin
USERNAME=ash
SHELL=/bin/bash
DISPLAY=:0
LANG=en_US.UTF-8
LC_NUMERIC=de_DE.UTF-8
LC_TIME=de_DE.UTF-8

Active Locale:
LC_ALL=LC_CTYPE=en_US.UTF-8;LC_NUMERIC=de_DE.UTF-8;LC_TIME=de_DE.UTF-8;LC_COLLATE=en_US.UTF-8;LC_MONETARY=de_DE.UTF-8;LC_MESSAGES=en_US.UTF-8;LC_PAPER=de_DE.UTF-8;LC_NAME=de_DE.UTF-8;LC_ADDRESS=de_DE.UTF-8;LC_TELEPHONE=de_DE.UTF-8;LC_MEASUREMENT=de_DE.UTF-8;LC_IDENTIFICATION=de_DE.UTF-8
LC_COLLATE=en_US.UTF-8
LC_CTYPE=en_US.UTF-8
LC_MESSAGES=en_US.UTF-8
LC_MONETARY=de_DE.UTF-8
LC_NUMERIC=de_DE.UTF-8
LC_TIME=de_DE.UTF-8

Signal Handlers:
   SIGSEGV: crash_handler in libjvm.so, mask=11100100010111111101111111111110, flags=SA_RESTART|SA_SIGINFO, unblocked
    SIGBUS: crash_handler in libjvm.so, mask=11100100010111111101111111111110, flags=SA_RESTART|SA_SIGINFO, unblocked
    SIGFPE: crash_handler in libjvm.so, mask=11100100010111111101111111111110, flags=SA_RESTART|SA_SIGINFO, unblocked
   SIGPIPE: javaSignalHandler in libjvm.so, mask=11100100010111111101111111111110, flags=SA_RESTART|SA_SIGINFO, blocked
   SIGXFSZ: javaSignalHandler in libjvm.so, mask=11100100010111111101111111111110, flags=SA_RESTART|SA_SIGINFO, blocked
    SIGILL: crash_handler in libjvm.so, mask=11100100010111111101111111111110, flags=SA_RESTART|SA_SIGINFO, unblocked
   SIGUSR2: SR_handler in libjvm.so, mask=00000000000000000000000000000000, flags=SA_RESTART|SA_SIGINFO, blocked
    SIGHUP: UserHandler in libjvm.so, mask=11100100010111111101111111111110, flags=SA_RESTART|SA_SIGINFO, blocked
    SIGINT: UserHandler in libjvm.so, mask=11100100010111111101111111111110, flags=SA_RESTART|SA_SIGINFO, blocked
   SIGTERM: UserHandler in libjvm.so, mask=11100100010111111101111111111110, flags=SA_RESTART|SA_SIGINFO, blocked
   SIGQUIT: UserHandler in libjvm.so, mask=11100100010111111101111111111110, flags=SA_RESTART|SA_SIGINFO, blocked
   SIGTRAP: crash_handler in libjvm.so, mask=11100100010111111101111111111110, flags=SA_RESTART|SA_SIGINFO, unblocked


---------------  S Y S T E M  ---------------

OS:
DISTRIB_ID=Ubuntu
DISTRIB_RELEASE=22.04
DISTRIB_CODENAME=jammy
DISTRIB_DESCRIPTION="Ubuntu 22.04.3 LTS"
uname: Linux 6.2.0-36-generic #37~22.04.1-Ubuntu SMP PREEMPT_DYNAMIC Mon Oct  9 15:34:04 UTC 2 x86_64
OS uptime: 0 days 0:41 hours
libc: glibc 2.35 NPTL 2.35 
rlimit (soft/hard): STACK 8192k/infinity , CORE 0k/infinity , NPROC 31291/31291 , NOFILE 1048576/1048576 , AS infinity/infinity , CPU infinity/infinity , DATA infinity/infinity , FSIZE infinity/infinity , MEMLOCK 1010884k/1010884k
load average: 2,37 0,86 0,63

/proc/meminfo:
MemTotal:        8087072 kB
MemFree:          804684 kB
MemAvailable:    3279368 kB
Buffers:           58052 kB
Cached:          2667068 kB
SwapCached:          360 kB
Active:           708260 kB
Inactive:        5794472 kB
Active(anon):       3180 kB
Inactive(anon):  3854756 kB
Active(file):     705080 kB
Inactive(file):  1939716 kB
Unevictable:          16 kB
Mlocked:              16 kB
SwapTotal:       2097148 kB
SwapFree:        2095844 kB
Zswap:                 0 kB
Zswapped:              0 kB
Dirty:             34436 kB
Writeback:             0 kB
AnonPages:       3777488 kB
Mapped:          1311760 kB
Shmem:             80324 kB
KReclaimable:     100836 kB
Slab:             233312 kB
SReclaimable:     100836 kB
SUnreclaim:       132476 kB
KernelStack:       16336 kB
PageTables:        34552 kB
SecPageTables:         0 kB
NFS_Unstable:          0 kB
Bounce:                0 kB
WritebackTmp:          0 kB
CommitLimit:     6140684 kB
Committed_AS:    7205684 kB
VmallocTotal:   34359738367 kB
VmallocUsed:       68012 kB
VmallocChunk:          0 kB
Percpu:           103936 kB
HardwareCorrupted:     0 kB
AnonHugePages:         0 kB
ShmemHugePages:        0 kB
ShmemPmdMapped:        0 kB
FileHugePages:         0 kB
FilePmdMapped:         0 kB
HugePages_Total:       0
HugePages_Free:        0
HugePages_Rsvd:        0
HugePages_Surp:        0
Hugepagesize:       2048 kB
Hugetlb:               0 kB
DirectMap4k:      130880 kB
DirectMap2M:     4063232 kB
DirectMap1G:     6291456 kB

/sys/kernel/mm/transparent_hugepage/enabled: always [madvise] never
/sys/kernel/mm/transparent_hugepage/defrag (defrag/compaction efforts parameter): always defer defer+madvise [madvise] never

Process Memory:
Virtual Size: 4486736K (peak: 4486736K)
Resident Set Size: 196864K (peak: 196864K) (anon: 167944K, file: 28920K, shmem: 0K)
Swapped out: 0K
C-Heap outstanding allocations: 36596K, retained: 1619K
glibc malloc tunables: (default)

/proc/sys/kernel/threads-max (system-wide limit on the number of threads): 62583
/proc/sys/vm/max_map_count (maximum number of memory map areas a process may have): 65530
/proc/sys/kernel/pid_max (system-wide limit on number of process identifiers): 4194304

container (cgroup) information:
container_type: cgroupv2
cpu_cpuset_cpus: not supported
cpu_memory_nodes: not supported
active_processor_count: 2
cpu_quota: not supported
cpu_period: not supported
cpu_shares: not supported
memory_limit_in_bytes: unlimited
memory_and_swap_limit_in_bytes: unlimited
memory_soft_limit_in_bytes: unlimited
memory_usage_in_bytes: 4211384 k
memory_max_usage_in_bytes: not supported
memory_swap_current_in_bytes: unlimited
memory_swap_max_limit_in_bytes: unlimited
maximum number of tasks: 9387
current number of tasks: 160

VMWare virtualization detected
Steal ticks since vm start: 0
Steal ticks percentage since vm start:  0,000

CPU: total 2 (initial active 2) (1 cores per cpu, 1 threads per core) family 6 model 142 stepping 12 microcode 0xffffffff, cx8, cmov, fxsr, mmx, 3dnowpref, sse, sse2, sse3, ssse3, sse4.1, sse4.2, popcnt, lzcnt, tsc, tscinvbit, avx, avx2, aes, erms, clmul, bmi1, bmi2, adx, fma, vzeroupper, clflush, clflushopt, hv, rdtscp, f16c
CPU Model and flags from /proc/cpuinfo:
model name	: Intel(R) Core(TM) i7-8565U CPU @ 1.80GHz
flags		: fpu vme de pse tsc msr pae mce cx8 apic sep mtrr pge mca cmov pat pse36 clflush mmx fxsr sse sse2 ss syscall nx pdpe1gb rdtscp lm constant_tsc arch_perfmon nopl xtopology tsc_reliable nonstop_tsc cpuid tsc_known_freq pni pclmulqdq ssse3 fma cx16 pcid sse4_1 sse4_2 x2apic movbe popcnt aes xsave avx f16c rdrand hypervisor lahf_lm abm 3dnowprefetch invpcid_single pti ssbd ibrs ibpb stibp fsgsbase tsc_adjust bmi1 avx2 smep bmi2 invpcid rdseed adx smap clflushopt xsaveopt xsavec xgetbv1 xsaves arat flush_l1d arch_capabilities

Online cpus: 0-1
Offline cpus: 2-127
BIOS frequency limitation: <Not Available>
Frequency switch latency (ns): <Not Available>
Available cpu frequencies: <Not Available>
Current governor: <Not Available>
Core performance/turbo boost: <Not Available>

Memory: 4k page, physical 8087072k(804684k free), swap 2097148k(2095844k free)
Page Sizes: 4k

vm_info: Java HotSpot(TM) 64-Bit Server VM (20.0.2+9-78) for linux-amd64 JRE (20.0.2+9-78), built on 2023-06-14T10:08:48Z by "mach5one" with gcc 11.2.0

END.
