#
# A fatal error has been detected by the Java Runtime Environment:
#
#  SIGSEGV (0xb) at pc=0x00007efc24d96679, pid=3708, tid=3709
#
# JRE version: Java(TM) SE Runtime Environment (20.0.2+9) (build 20.0.2+9-78)
# Java VM: Java HotSpot(TM) 64-Bit Server VM (20.0.2+9-78, mixed mode, emulated-client, sharing, tiered, compressed oops, compressed class ptrs, g1 gc, linux-amd64)
# Problematic frame:
# C  [libcrypto.so+0x156679]  keysGen+0x2b9
#
# Core dump will be written. Default location: Core dumps may be processed with "/usr/share/apport/apport -p%p -s%s -c%c -d%d -P%P -u%u -g%g -- %E" (or dumping to /home/ash/Documents/PhD/vehicle-data-dissemination/core.3708)
#
# If you would like to submit a bug report, please visit:
#   https://bugreport.java.com/bugreport/crash.jsp
# The crash happened outside the Java Virtual Machine in native code.
# See problematic frame for where to report the bug.
#

---------------  S U M M A R Y ------------

Command Line: -XX:TieredStopAtLevel=1 -Dspring.output.ansi.enabled=always -Dcom.sun.management.jmxremote -Dspring.jmx.enabled=true -Dspring.liveBeansView.mbeanDomain -Dspring.application.admin.enabled=true -Dmanagement.endpoints.jmx.exposure.include=* -javaagent:/home/ash/idea-IU-232.10227.8/lib/idea_rt.jar=33143:/home/ash/idea-IU-232.10227.8/bin -Dfile.encoding=UTF-8 -Dsun.stdout.encoding=UTF-8 -Dsun.stderr.encoding=UTF-8 unipassau.thesis.vehicledatadissemination.VehicleDataDisseminationApplication

Host: Intel(R) Core(TM) i7-8565U CPU @ 1.80GHz, 2 cores, 7G, Ubuntu 22.04.3 LTS
Time: Sat Nov 11 13:33:25 2023 CET elapsed time: 7.300657 seconds (0d 0h 0m 7s)

---------------  T H R E A D  ---------------

Current thread (0x00007efc9002d970):  JavaThread "main" [_thread_in_native, id=3709, stack(0x00007efc94f00000,0x00007efc95000000)]

Stack: [0x00007efc94f00000,0x00007efc95000000],  sp=0x00007efc94ffd2b0,  free space=1012k
Native frames: (J=compiled Java code, j=interpreted, Vv=VM code, C=native code)
C  [libcrypto.so+0x156679]  keysGen+0x2b9
Java frames: (J=compiled Java code, j=interpreted, Vv=VM code)
j  com.sun.jna.Native.invokeVoid(Lcom/sun/jna/Function;JI[Ljava/lang/Object;)V+0
j  com.sun.jna.Function.invoke([Ljava/lang/Object;Ljava/lang/Class;ZI)Ljava/lang/Object;+42
j  com.sun.jna.Function.invoke(Ljava/lang/reflect/Method;[Ljava/lang/Class;Ljava/lang/Class;[Ljava/lang/Object;Ljava/util/Map;)Ljava/lang/Object;+271
j  com.sun.jna.Library$Handler.invoke(Ljava/lang/Object;Ljava/lang/reflect/Method;[Ljava/lang/Object;)Ljava/lang/Object;+390
j  jdk.proxy2.$Proxy70.keysGen(Ljava/lang/String;Ljava/lang/String;)V+20 jdk.proxy2
j  unipassau.thesis.vehicledatadissemination.VehicleDataDisseminationApplication.run([Ljava/lang/String;)V+113
j  org.springframework.boot.SpringApplication.callRunner(Lorg/springframework/boot/CommandLineRunner;Lorg/springframework/boot/ApplicationArguments;)V+7
j  org.springframework.boot.SpringApplication.callRunners(Lorg/springframework/context/ApplicationContext;Lorg/springframework/boot/ApplicationArguments;)V+119
j  org.springframework.boot.SpringApplication.run([Ljava/lang/String;)Lorg/springframework/context/ConfigurableApplicationContext;+169
j  org.springframework.boot.SpringApplication.run([Ljava/lang/Class;[Ljava/lang/String;)Lorg/springframework/context/ConfigurableApplicationContext;+9
j  org.springframework.boot.SpringApplication.run(Ljava/lang/Class;[Ljava/lang/String;)Lorg/springframework/context/ConfigurableApplicationContext;+9
j  unipassau.thesis.vehicledatadissemination.VehicleDataDisseminationApplication.main([Ljava/lang/String;)V+3
v  ~StubRoutines::call_stub 0x00007efc84e00cc6

siginfo: si_signo: 11 (SIGSEGV), si_code: 1 (SEGV_MAPERR), si_addr: 0x0000000000000018

Registers:
RAX=0x00007efc24dfb108, RBX=0x0000000100000001, RCX=0x0000000000000004, RDX=0x00007efc900008e0
RSP=0x00007efc94ffd2b0, RBP=0x00007efc94ffd4a0, RSI=0x0000000000000020, RDI=0x00007efc94ffd308
R8 =0x0000000000000000, R9 =0x0000000000000001, R10=0x00007efc24421988, R11=0x0000000000000293
R12=0x00007efc90fd0410, R13=0x00007efc90fcba30, R14=0x0000000000000000, R15=0x00007efc24621dd8
RIP=0x00007efc24d96679, EFLAGS=0x0000000000010202, CSGSFS=0x002b000000000033, ERR=0x0000000000000004
  TRAPNO=0x000000000000000e


Register to memory mapping:

RAX=0x00007efc24dfb108: _ZTVSt15_Sp_counted_ptrIPN8lbcrypto14PrivateKeyImplINS0_12DCRTPolyImplIN9bigintdyn9mubintvecINS3_5ubintImEEEEEEEELN9__gnu_cxx12_Lock_policyE2EE+0x0000000000000010 in /usr/local/lib/libcrypto.so at 0x00007efc24c40000
RBX=0x0000000100000001 is an unknown value
RCX=0x0000000000000004 is an unknown value
RDX=0x00007efc900008e0 points into unknown readable memory: 0x0001000000000003 | 03 00 00 00 00 00 01 00
RSP=0x00007efc94ffd2b0 is pointing into the stack for thread: 0x00007efc9002d970
RBP=0x00007efc94ffd4a0 is pointing into the stack for thread: 0x00007efc9002d970
RSI=0x0000000000000020 is an unknown value
RDI=0x00007efc94ffd308 is pointing into the stack for thread: 0x00007efc9002d970
R8 =0x0 is NULL
R9 =0x0000000000000001 is an unknown value
R10=0x00007efc24421988: <offset 0x0000000000021988> in /lib/x86_64-linux-gnu/libstdc++.so.6 at 0x00007efc24400000
R11=0x0000000000000293 is an unknown value
R12=0x00007efc90fd0410 points into unknown readable memory: 0x00007efc24dfb340 | 40 b3 df 24 fc 7e 00 00
R13=0x00007efc90fcba30 points into unknown readable memory: 0x00007efc24dfb108 | 08 b1 df 24 fc 7e 00 00
R14=0x0 is NULL
R15=0x00007efc24621dd8: <offset 0x0000000000221dd8> in /lib/x86_64-linux-gnu/libstdc++.so.6 at 0x00007efc24400000


Top of Stack: (sp=0x00007efc94ffd2b0)
0x00007efc94ffd2b0:   00007efc94ffd490 00007efc94ffd480
0x00007efc94ffd2c0:   00007efc94ffd470 00007efc91028a80
0x00007efc94ffd2d0:   00007efc0c10d900 00007efc90e5edfc
0x00007efc94ffd2e0:   0000000000000000 0000000000000000
0x00007efc94ffd2f0:   00007efc90fad690 0000000000000020
0x00007efc94ffd300:   00007efc94ffd410 00007efc94ffd414
0x00007efc94ffd310:   0000000000000000 00007efc90fd0410
0x00007efc94ffd320:   0000000000000000 00007efc90fcba30
0x00007efc94ffd330:   000000020c10bad0 0000000000000018
0x00007efc94ffd340:   0000000000000000 22fe2438868f50d9
0x00007efc94ffd350:   0000000000000010 0000000000000040
0x00007efc94ffd360:   0000000000000000 0000003000000002
0x00007efc94ffd370:   0000000000000000 0000000000000000
0x00007efc94ffd380:   00007efc94ffd420 00007efc94ffd424
0x00007efc94ffd390:   0000005b0000006e 0000000000000000
0x00007efc94ffd3a0:   0000000000000000 ffffffffffffffb8
0x00007efc94ffd3b0:   0000000000000018 00007efc90000030
0x00007efc94ffd3c0:   0000000000000009 00007efc94ff8920
0x00007efc94ffd3d0:   00007efc9002d970 00007efc964a5139
0x00007efc94ffd3e0:   0000000000000000 0000000000000000
0x00007efc94ffd3f0:   0000000000000000 78e2b1ba4b3b2200
0x00007efc94ffd400:   00007efc94ffd430 00007efc94ffd434
0x00007efc94ffd410:   0000000000000002 00007efc90fcae90
0x00007efc94ffd420:   0000000000000002 00007efc90fad018
0x00007efc94ffd430:   00007efc90198160 00007efc964a5453
0x00007efc94ffd440:   0000000000000004 00007efc901cf130
0x00007efc94ffd450:   0000000000000004 0000000000000000
0x00007efc94ffd460:   00007efc94ff8980 00007efc95cd5559
0x00007efc94ffd470:   00007efc91028ad0 0000000000000047
0x00007efc94ffd480:   0000000000000047 00007efc94ffd444
0x00007efc94ffd490:   00007efc24621db0 0000000000000000
0x00007efc94ffd4a0:   00007efc24623cb8 0000000000000000 

Instructions: (pc=0x00007efc24d96679)
0x00007efc24d96579:   00 00 00 00 48 83 c0 10 48 89 84 24 e0 02 00 00
0x00007efc24d96589:   e8 22 f2 f1 ff 48 8b bc 24 c0 01 00 00 48 8d 84
0x00007efc24d96599:   24 d0 01 00 00 48 89 44 24 08 48 39 c7 74 11 48
0x00007efc24d965a9:   8b 84 24 d0 01 00 00 48 8d 70 01 e8 37 fd f1 ff
0x00007efc24d965b9:   80 7c 24 20 00 75 2e 4c 8b 25 59 69 06 00 ba 21
0x00007efc24d965c9:   00 00 00 48 8d 35 a5 07 02 00 4c 89 e7 e8 05 ff
0x00007efc24d965d9:   f1 ff 4c 89 ee 4c 89 e7 e8 9a fc f1 ff 48 89 c7
0x00007efc24d965e9:   e8 a2 f3 f1 ff 66 0f ef c0 bf 18 00 00 00 0f 29
0x00007efc24d965f9:   44 24 60 e8 9f fc f1 ff 48 8b 1d 60 ff 01 00 49
0x00007efc24d96609:   89 c4 bf 18 00 00 00 48 c7 44 24 70 00 00 00 00
0x00007efc24d96619:   4c 89 64 24 68 48 89 58 08 48 8b 05 5f 69 06 00
0x00007efc24d96629:   49 c7 44 24 10 00 00 00 00 48 c7 44 24 78 00 00
0x00007efc24d96639:   00 00 48 83 c0 10 49 89 04 24 e8 58 fc f1 ff 48
0x00007efc24d96649:   89 58 08 49 89 c5 4c 8b 74 24 30 48 8d 7c 24 58
0x00007efc24d96659:   48 8b 05 28 5a 06 00 49 c7 45 10 00 00 00 00 49
0x00007efc24d96669:   8d 76 20 4c 89 6c 24 78 48 83 c0 10 49 89 45 00
0x00007efc24d96679:   49 8b 46 18 48 89 44 24 50 e8 69 f3 f1 ff 4c 8b
0x00007efc24d96689:   7c 24 50 49 8b 07 48 8b 58 50 48 8b 05 6e 52 06
0x00007efc24d96699:   00 48 8b 30 48 8b 40 08 48 39 c6 75 17 e9 97 05
0x00007efc24d966a9:   00 00 0f 1f 44 00 00 48 83 c6 10 48 39 f0 0f 84
0x00007efc24d966b9:   2c 05 00 00 4c 3b 36 75 ee 48 83 c6 08 48 8d 7c
0x00007efc24d966c9:   24 48 4c 89 74 24 40 4c 8d 74 24 40 e8 16 f3 f1
0x00007efc24d966d9:   ff 31 c9 4c 89 f2 4c 89 fe 48 8d 84 24 80 00 00
0x00007efc24d966e9:   00 48 89 44 24 28 48 89 c7 ff d3 48 8b 7c 24 48
0x00007efc24d966f9:   48 85 ff 74 05 e8 ed f7 f1 ff 48 8b 7c 24 58 48
0x00007efc24d96709:   85 ff 74 05 e8 de f7 f1 ff 66 0f 6f 8c 24 80 00
0x00007efc24d96719:   00 00 66 0f ef c0 4c 89 e7 0f 29 84 24 80 00 00
0x00007efc24d96729:   00 0f 29 4c 24 60 e8 bc f7 f1 ff 66 0f ef c0 4c
0x00007efc24d96739:   89 ef 66 0f 6f 94 24 90 00 00 00 0f 29 84 24 90
0x00007efc24d96749:   00 00 00 0f 29 54 24 70 e8 9a f7 f1 ff 48 8b bc
0x00007efc24d96759:   24 98 00 00 00 48 85 ff 74 05 e8 88 f7 f1 ff 48
0x00007efc24d96769:   8b bc 24 88 00 00 00 48 85 ff 74 05 e8 76 f7 f1 


Stack slot to memory mapping:
stack at sp + 0 slots: 0x00007efc94ffd490 is pointing into the stack for thread: 0x00007efc9002d970
stack at sp + 1 slots: 0x00007efc94ffd480 is pointing into the stack for thread: 0x00007efc9002d970
stack at sp + 2 slots: 0x00007efc94ffd470 is pointing into the stack for thread: 0x00007efc9002d970
stack at sp + 3 slots: 0x00007efc91028a80 points into unknown readable memory: 0x73612f656d6f682f | 2f 68 6f 6d 65 2f 61 73
stack at sp + 4 slots: 0x00007efc0c10d900 points into unknown readable memory: 0x0000000000000000 | 00 00 00 00 00 00 00 00
stack at sp + 5 slots: 0x00007efc90e5edfc points into unknown readable memory: 00 00 00 05
stack at sp + 6 slots: 0x0 is NULL
stack at sp + 7 slots: 0x0 is NULL


---------------  P R O C E S S  ---------------

Threads class SMR info:
_java_thread_list=0x00007efc14025ab0, length=31, elements={
0x00007efc9002d970, 0x00007efc90145130, 0x00007efc90146660, 0x00007efc90148020,
0x00007efc901494b0, 0x00007efc9014a930, 0x00007efc9014bed0, 0x00007efc9018d3b0,
0x00007efc0c085720, 0x00007efc90503c60, 0x00007efc90505ed0, 0x00007efc905f3880,
0x00007efc10000ff0, 0x00007efc0c0b4cf0, 0x00007efc10018f00, 0x00007efc90cb45e0,
0x00007efc90cb5790, 0x00007efc90cb6210, 0x00007efc90f55130, 0x00007efc90f55b70,
0x00007efc90f56810, 0x00007efc90f57860, 0x00007efc90f588b0, 0x00007efc90f59840,
0x00007efc90f5aad0, 0x00007efc90f5bf30, 0x00007efc90f5d840, 0x00007efc90f5efe0,
0x00007efc90f62930, 0x00007efc90f68990, 0x00007efc90f9e370
}

Java Threads: ( => current thread )
=>0x00007efc9002d970 JavaThread "main" [_thread_in_native, id=3709, stack(0x00007efc94f00000,0x00007efc95000000)]
  0x00007efc90145130 JavaThread "Reference Handler" daemon [_thread_blocked, id=3716, stack(0x00007efc805c3000,0x00007efc806c3000)]
  0x00007efc90146660 JavaThread "Finalizer" daemon [_thread_blocked, id=3717, stack(0x00007efc804c3000,0x00007efc805c3000)]
  0x00007efc90148020 JavaThread "Signal Dispatcher" daemon [_thread_blocked, id=3718, stack(0x00007efc803c3000,0x00007efc804c3000)]
  0x00007efc901494b0 JavaThread "Service Thread" daemon [_thread_blocked, id=3719, stack(0x00007efc802c3000,0x00007efc803c3000)]
  0x00007efc9014a930 JavaThread "Monitor Deflation Thread" daemon [_thread_blocked, id=3720, stack(0x00007efc801c3000,0x00007efc802c3000)]
  0x00007efc9014bed0 JavaThread "C1 CompilerThread0" daemon [_thread_blocked, id=3721, stack(0x00007efc800c3000,0x00007efc801c3000)]
  0x00007efc9018d3b0 JavaThread "Common-Cleaner" daemon [_thread_blocked, id=3723, stack(0x00007efc26900000,0x00007efc26a00000)]
  0x00007efc0c085720 JavaThread "C1 CompilerThread1" daemon [_thread_blocked, id=3724, stack(0x00007efc26800000,0x00007efc26900000)]
  0x00007efc90503c60 JavaThread "Monitor Ctrl-Break" daemon [_thread_in_native, id=3727, stack(0x00007efc26700000,0x00007efc26800000)]
  0x00007efc90505ed0 JavaThread "Notification Thread" daemon [_thread_blocked, id=3728, stack(0x00007efc26600000,0x00007efc26700000)]
  0x00007efc905f3880 JavaThread "RMI TCP Accept-0" daemon [_thread_in_native, id=3730, stack(0x00007efc263fe000,0x00007efc264fe000)]
  0x00007efc10000ff0 JavaThread "Attach Listener" daemon [_thread_blocked, id=3733, stack(0x00007efc261fc000,0x00007efc262fc000)]
  0x00007efc0c0b4cf0 JavaThread "RMI TCP Connection(1)-127.0.0.1" daemon [_thread_in_native, id=3735, stack(0x00007efc260fc000,0x00007efc261fc000)]
  0x00007efc10018f00 JavaThread "RMI Scheduler(0)" daemon [_thread_blocked, id=3736, stack(0x00007efc25ffc000,0x00007efc260fc000)]
  0x00007efc90cb45e0 JavaThread "Catalina-utility-1" [_thread_blocked, id=3757, stack(0x00007efc25efc000,0x00007efc25ffc000)]
  0x00007efc90cb5790 JavaThread "Catalina-utility-2" [_thread_blocked, id=3758, stack(0x00007efc25dfc000,0x00007efc25efc000)]
  0x00007efc90cb6210 JavaThread "container-0" [_thread_blocked, id=3759, stack(0x00007efc25cfc000,0x00007efc25dfc000)]
  0x00007efc90f55130 JavaThread "http-nio-8080-exec-1" daemon [_thread_blocked, id=3771, stack(0x00007efc25bfc000,0x00007efc25cfc000)]
  0x00007efc90f55b70 JavaThread "http-nio-8080-exec-2" daemon [_thread_blocked, id=3772, stack(0x00007efc25afc000,0x00007efc25bfc000)]
  0x00007efc90f56810 JavaThread "http-nio-8080-exec-3" daemon [_thread_blocked, id=3773, stack(0x00007efc259fc000,0x00007efc25afc000)]
  0x00007efc90f57860 JavaThread "http-nio-8080-exec-4" daemon [_thread_blocked, id=3774, stack(0x00007efc258fc000,0x00007efc259fc000)]
  0x00007efc90f588b0 JavaThread "http-nio-8080-exec-5" daemon [_thread_blocked, id=3775, stack(0x00007efc257fc000,0x00007efc258fc000)]
  0x00007efc90f59840 JavaThread "http-nio-8080-exec-6" daemon [_thread_blocked, id=3776, stack(0x00007efc256fc000,0x00007efc257fc000)]
  0x00007efc90f5aad0 JavaThread "http-nio-8080-exec-7" daemon [_thread_blocked, id=3777, stack(0x00007efc255fc000,0x00007efc256fc000)]
  0x00007efc90f5bf30 JavaThread "http-nio-8080-exec-8" daemon [_thread_blocked, id=3778, stack(0x00007efc254fc000,0x00007efc255fc000)]
  0x00007efc90f5d840 JavaThread "http-nio-8080-exec-9" daemon [_thread_blocked, id=3779, stack(0x00007efc253fc000,0x00007efc254fc000)]
  0x00007efc90f5efe0 JavaThread "http-nio-8080-exec-10" daemon [_thread_blocked, id=3780, stack(0x00007efc252fc000,0x00007efc253fc000)]
  0x00007efc90f62930 JavaThread "http-nio-8080-Poller" daemon [_thread_in_native, id=3781, stack(0x00007efc251fc000,0x00007efc252fc000)]
  0x00007efc90f68990 JavaThread "http-nio-8080-Acceptor" daemon [_thread_in_native, id=3782, stack(0x00007efc250fc000,0x00007efc251fc000)]
  0x00007efc90f9e370 JavaThread "process reaper" daemon [_thread_blocked, id=3784, stack(0x00007efc94028000,0x00007efc9404a000)]

Other Threads:
  0x00007efc90137080 VMThread "VM Thread" [stack: 0x00007efc806c5000,0x00007efc807c5000] [id=3715]
  0x00007efc90607300 WatcherThread "VM Periodic Task Thread" [stack: 0x00007efc262fe000,0x00007efc263fe000] [id=3731]
  0x00007efc9008a020 WorkerThread "GC Thread#0" [stack: 0x00007efc9406a000,0x00007efc9416a000] [id=3710]
  0x00007efc20006100 WorkerThread "GC Thread#1" [stack: 0x00007efc26500000,0x00007efc26600000] [id=3729]
  0x00007efc9009acd0 ConcurrentGCThread "G1 Main Marker" [stack: 0x00007efc82e20000,0x00007efc82f20000] [id=3711]
  0x00007efc9009bbf0 WorkerThread "G1 Conc#0" [stack: 0x00007efc82d1e000,0x00007efc82e1e000] [id=3712]
  0x00007efc9010d610 ConcurrentGCThread "G1 Refine#0" [stack: 0x00007efc80a1a000,0x00007efc80b1a000] [id=3713]
  0x00007efc9010e550 ConcurrentGCThread "G1 Service" [stack: 0x00007efc80918000,0x00007efc80a18000] [id=3714]

Threads with active compile tasks:

VM state: not at safepoint (normal execution)

VM Mutex/Monitor currently owned by a thread: None

Heap address: 0x0000000084800000, size: 1976 MB, Compressed Oops mode: 32-bit

CDS archive(s) mapped at: [0x00007efc2b000000-0x00007efc2bc7e000-0x00007efc2bc7e000), size 13099008, SharedBaseAddress: 0x00007efc2b000000, ArchiveRelocationMode: 1.
Compressed class space mapped at: 0x00007efc2c000000-0x00007efc6c000000, reserved size: 1073741824
Narrow klass base: 0x00007efc2b000000, Narrow klass shift: 0, Narrow klass range: 0x100000000

GC Precious Log:
 CardTable entry size: 512
 Card Set container configuration: InlinePtr #cards 5 size 8 Array Of Cards #cards 12 size 40 Howl #buckets 4 coarsen threshold 1843 Howl Bitmap #cards 512 size 80 coarsen threshold 460 Card regions per heap region 1 cards per card region 2048
 CPUs: 2 total, 2 available
 Memory: 7897M
 Large Page Support: Disabled
 NUMA Support: Disabled
 Compressed Oops: Enabled (32-bit)
 Heap Region Size: 1M
 Heap Min Capacity: 8M
 Heap Initial Capacity: 124M
 Heap Max Capacity: 1976M
 Pre-touch: Disabled
 Parallel Workers: 2
 Concurrent Workers: 1
 Concurrent Refinement Workers: 2
 Periodic GC: Disabled

Heap:
 garbage-first heap   total 81920K, used 41828K [0x0000000084800000, 0x0000000100000000)
  region size 1024K, 22 young (22528K), 2 survivors (2048K)
 Metaspace       used 38946K, committed 39424K, reserved 1114112K
  class space    used 5036K, committed 5248K, reserved 1048576K

Heap Regions: E=young(eden), S=young(survivor), O=old, HS=humongous(starts), HC=humongous(continues), CS=collection set, F=free, OA=open archive, CA=closed archive, TAMS=top-at-mark-start, PB=parsable bottom
|   0|0x0000000084800000, 0x0000000084900000, 0x0000000084900000|100%| O|  |TAMS 0x0000000084800000| PB 0x0000000084800000| Untracked 
|   1|0x0000000084900000, 0x0000000084a00000, 0x0000000084a00000|100%| O|  |TAMS 0x0000000084900000| PB 0x0000000084900000| Untracked 
|   2|0x0000000084a00000, 0x0000000084b00000, 0x0000000084b00000|100%| O|  |TAMS 0x0000000084a00000| PB 0x0000000084a00000| Untracked 
|   3|0x0000000084b00000, 0x0000000084c00000, 0x0000000084c00000|100%| O|  |TAMS 0x0000000084b00000| PB 0x0000000084b00000| Untracked 
|   4|0x0000000084c00000, 0x0000000084d00000, 0x0000000084d00000|100%| O|  |TAMS 0x0000000084c00000| PB 0x0000000084c00000| Untracked 
|   5|0x0000000084d00000, 0x0000000084e00000, 0x0000000084e00000|100%| O|  |TAMS 0x0000000084d00000| PB 0x0000000084d00000| Untracked 
|   6|0x0000000084e00000, 0x0000000084f00000, 0x0000000084f00000|100%| O|  |TAMS 0x0000000084e00000| PB 0x0000000084e00000| Untracked 
|   7|0x0000000084f00000, 0x0000000085000000, 0x0000000085000000|100%| O|  |TAMS 0x0000000084f00000| PB 0x0000000084f00000| Untracked 
|   8|0x0000000085000000, 0x0000000085100000, 0x0000000085100000|100%| O|  |TAMS 0x0000000085000000| PB 0x0000000085000000| Untracked 
|   9|0x0000000085100000, 0x0000000085200000, 0x0000000085200000|100%| O|  |TAMS 0x0000000085100000| PB 0x0000000085100000| Untracked 
|  10|0x0000000085200000, 0x0000000085300000, 0x0000000085300000|100%| O|  |TAMS 0x0000000085200000| PB 0x0000000085200000| Untracked 
|  11|0x0000000085300000, 0x0000000085400000, 0x0000000085400000|100%| O|  |TAMS 0x0000000085300000| PB 0x0000000085300000| Untracked 
|  12|0x0000000085400000, 0x0000000085500000, 0x0000000085500000|100%| O|  |TAMS 0x0000000085400000| PB 0x0000000085400000| Untracked 
|  13|0x0000000085500000, 0x0000000085600000, 0x0000000085600000|100%| O|  |TAMS 0x0000000085500000| PB 0x0000000085500000| Untracked 
|  14|0x0000000085600000, 0x0000000085700000, 0x0000000085700000|100%| O|  |TAMS 0x0000000085600000| PB 0x0000000085600000| Untracked 
|  15|0x0000000085700000, 0x0000000085800000, 0x0000000085800000|100%| O|  |TAMS 0x0000000085700000| PB 0x0000000085700000| Untracked 
|  16|0x0000000085800000, 0x0000000085900000, 0x0000000085900000|100%| O|  |TAMS 0x0000000085800000| PB 0x0000000085800000| Untracked 
|  17|0x0000000085900000, 0x0000000085a00000, 0x0000000085a00000|100%| O|  |TAMS 0x0000000085900000| PB 0x0000000085900000| Untracked 
|  18|0x0000000085a00000, 0x0000000085add200, 0x0000000085b00000| 86%| O|  |TAMS 0x0000000085a00000| PB 0x0000000085a00000| Complete 
|  19|0x0000000085b00000, 0x0000000085b00000, 0x0000000085c00000|  0%| F|  |TAMS 0x0000000085b00000| PB 0x0000000085b00000| Untracked 
|  20|0x0000000085c00000, 0x0000000085c00000, 0x0000000085d00000|  0%| F|  |TAMS 0x0000000085c00000| PB 0x0000000085c00000| Untracked 
|  21|0x0000000085d00000, 0x0000000085d00000, 0x0000000085e00000|  0%| F|  |TAMS 0x0000000085d00000| PB 0x0000000085d00000| Untracked 
|  22|0x0000000085e00000, 0x0000000085e00000, 0x0000000085f00000|  0%| F|  |TAMS 0x0000000085e00000| PB 0x0000000085e00000| Untracked 
|  23|0x0000000085f00000, 0x0000000085f00000, 0x0000000086000000|  0%| F|  |TAMS 0x0000000085f00000| PB 0x0000000085f00000| Untracked 
|  24|0x0000000086000000, 0x0000000086000000, 0x0000000086100000|  0%| F|  |TAMS 0x0000000086000000| PB 0x0000000086000000| Untracked 
|  25|0x0000000086100000, 0x0000000086100000, 0x0000000086200000|  0%| F|  |TAMS 0x0000000086100000| PB 0x0000000086100000| Untracked 
|  26|0x0000000086200000, 0x0000000086200000, 0x0000000086300000|  0%| F|  |TAMS 0x0000000086200000| PB 0x0000000086200000| Untracked 
|  27|0x0000000086300000, 0x0000000086300000, 0x0000000086400000|  0%| F|  |TAMS 0x0000000086300000| PB 0x0000000086300000| Untracked 
|  28|0x0000000086400000, 0x0000000086400000, 0x0000000086500000|  0%| F|  |TAMS 0x0000000086400000| PB 0x0000000086400000| Untracked 
|  29|0x0000000086500000, 0x0000000086500000, 0x0000000086600000|  0%| F|  |TAMS 0x0000000086500000| PB 0x0000000086500000| Untracked 
|  30|0x0000000086600000, 0x0000000086600000, 0x0000000086700000|  0%| F|  |TAMS 0x0000000086600000| PB 0x0000000086600000| Untracked 
|  31|0x0000000086700000, 0x0000000086700000, 0x0000000086800000|  0%| F|  |TAMS 0x0000000086700000| PB 0x0000000086700000| Untracked 
|  32|0x0000000086800000, 0x0000000086800000, 0x0000000086900000|  0%| F|  |TAMS 0x0000000086800000| PB 0x0000000086800000| Untracked 
|  33|0x0000000086900000, 0x0000000086900000, 0x0000000086a00000|  0%| F|  |TAMS 0x0000000086900000| PB 0x0000000086900000| Untracked 
|  34|0x0000000086a00000, 0x0000000086a00000, 0x0000000086b00000|  0%| F|  |TAMS 0x0000000086a00000| PB 0x0000000086a00000| Untracked 
|  35|0x0000000086b00000, 0x0000000086b00000, 0x0000000086c00000|  0%| F|  |TAMS 0x0000000086b00000| PB 0x0000000086b00000| Untracked 
|  36|0x0000000086c00000, 0x0000000086c00000, 0x0000000086d00000|  0%| F|  |TAMS 0x0000000086c00000| PB 0x0000000086c00000| Untracked 
|  37|0x0000000086d00000, 0x0000000086d00000, 0x0000000086e00000|  0%| F|  |TAMS 0x0000000086d00000| PB 0x0000000086d00000| Untracked 
|  38|0x0000000086e00000, 0x0000000086e00000, 0x0000000086f00000|  0%| F|  |TAMS 0x0000000086e00000| PB 0x0000000086e00000| Untracked 
|  39|0x0000000086f00000, 0x0000000086f00000, 0x0000000087000000|  0%| F|  |TAMS 0x0000000086f00000| PB 0x0000000086f00000| Untracked 
|  40|0x0000000087000000, 0x0000000087000000, 0x0000000087100000|  0%| F|  |TAMS 0x0000000087000000| PB 0x0000000087000000| Untracked 
|  41|0x0000000087100000, 0x0000000087100000, 0x0000000087200000|  0%| F|  |TAMS 0x0000000087100000| PB 0x0000000087100000| Untracked 
|  42|0x0000000087200000, 0x0000000087300000, 0x0000000087300000|100%| S|CS|TAMS 0x0000000087200000| PB 0x0000000087200000| Complete 
|  43|0x0000000087300000, 0x0000000087400000, 0x0000000087400000|100%| S|CS|TAMS 0x0000000087300000| PB 0x0000000087300000| Complete 
|  44|0x0000000087400000, 0x0000000087400000, 0x0000000087500000|  0%| F|  |TAMS 0x0000000087400000| PB 0x0000000087400000| Untracked 
|  45|0x0000000087500000, 0x0000000087500000, 0x0000000087600000|  0%| F|  |TAMS 0x0000000087500000| PB 0x0000000087500000| Untracked 
|  46|0x0000000087600000, 0x0000000087600000, 0x0000000087700000|  0%| F|  |TAMS 0x0000000087600000| PB 0x0000000087600000| Untracked 
|  47|0x0000000087700000, 0x0000000087700000, 0x0000000087800000|  0%| F|  |TAMS 0x0000000087700000| PB 0x0000000087700000| Untracked 
|  48|0x0000000087800000, 0x0000000087800000, 0x0000000087900000|  0%| F|  |TAMS 0x0000000087800000| PB 0x0000000087800000| Untracked 
|  49|0x0000000087900000, 0x0000000087900000, 0x0000000087a00000|  0%| F|  |TAMS 0x0000000087900000| PB 0x0000000087900000| Untracked 
|  50|0x0000000087a00000, 0x0000000087a00000, 0x0000000087b00000|  0%| F|  |TAMS 0x0000000087a00000| PB 0x0000000087a00000| Untracked 
|  51|0x0000000087b00000, 0x0000000087b00000, 0x0000000087c00000|  0%| F|  |TAMS 0x0000000087b00000| PB 0x0000000087b00000| Untracked 
|  52|0x0000000087c00000, 0x0000000087c00000, 0x0000000087d00000|  0%| F|  |TAMS 0x0000000087c00000| PB 0x0000000087c00000| Untracked 
|  53|0x0000000087d00000, 0x0000000087d00000, 0x0000000087e00000|  0%| F|  |TAMS 0x0000000087d00000| PB 0x0000000087d00000| Untracked 
|  54|0x0000000087e00000, 0x0000000087e00000, 0x0000000087f00000|  0%| F|  |TAMS 0x0000000087e00000| PB 0x0000000087e00000| Untracked 
|  55|0x0000000087f00000, 0x0000000087f00000, 0x0000000088000000|  0%| F|  |TAMS 0x0000000087f00000| PB 0x0000000087f00000| Untracked 
|  56|0x0000000088000000, 0x0000000088000000, 0x0000000088100000|  0%| F|  |TAMS 0x0000000088000000| PB 0x0000000088000000| Untracked 
|  57|0x0000000088100000, 0x0000000088100000, 0x0000000088200000|  0%| F|  |TAMS 0x0000000088100000| PB 0x0000000088100000| Untracked 
|  58|0x0000000088200000, 0x000000008828a3a8, 0x0000000088300000| 53%| E|  |TAMS 0x0000000088200000| PB 0x0000000088200000| Complete 
|  59|0x0000000088300000, 0x0000000088400000, 0x0000000088400000|100%| E|CS|TAMS 0x0000000088300000| PB 0x0000000088300000| Complete 
|  60|0x0000000088400000, 0x0000000088500000, 0x0000000088500000|100%| E|CS|TAMS 0x0000000088400000| PB 0x0000000088400000| Complete 
|  61|0x0000000088500000, 0x0000000088600000, 0x0000000088600000|100%| E|CS|TAMS 0x0000000088500000| PB 0x0000000088500000| Complete 
|  62|0x0000000088600000, 0x0000000088700000, 0x0000000088700000|100%| E|CS|TAMS 0x0000000088600000| PB 0x0000000088600000| Complete 
|  63|0x0000000088700000, 0x0000000088800000, 0x0000000088800000|100%| E|CS|TAMS 0x0000000088700000| PB 0x0000000088700000| Complete 
|  64|0x0000000088800000, 0x0000000088900000, 0x0000000088900000|100%| E|CS|TAMS 0x0000000088800000| PB 0x0000000088800000| Complete 
|  65|0x0000000088900000, 0x0000000088a00000, 0x0000000088a00000|100%| E|CS|TAMS 0x0000000088900000| PB 0x0000000088900000| Complete 
|  66|0x0000000088a00000, 0x0000000088b00000, 0x0000000088b00000|100%| E|CS|TAMS 0x0000000088a00000| PB 0x0000000088a00000| Complete 
|  67|0x0000000088b00000, 0x0000000088c00000, 0x0000000088c00000|100%| E|CS|TAMS 0x0000000088b00000| PB 0x0000000088b00000| Complete 
|  68|0x0000000088c00000, 0x0000000088d00000, 0x0000000088d00000|100%| E|CS|TAMS 0x0000000088c00000| PB 0x0000000088c00000| Complete 
| 136|0x000000008d000000, 0x000000008d100000, 0x000000008d100000|100%| E|CS|TAMS 0x000000008d000000| PB 0x000000008d000000| Complete 
| 137|0x000000008d100000, 0x000000008d200000, 0x000000008d200000|100%| E|CS|TAMS 0x000000008d100000| PB 0x000000008d100000| Complete 
| 138|0x000000008d200000, 0x000000008d300000, 0x000000008d300000|100%| E|CS|TAMS 0x000000008d200000| PB 0x000000008d200000| Complete 
| 139|0x000000008d300000, 0x000000008d400000, 0x000000008d400000|100%| E|CS|TAMS 0x000000008d300000| PB 0x000000008d300000| Complete 
| 140|0x000000008d400000, 0x000000008d500000, 0x000000008d500000|100%| E|CS|TAMS 0x000000008d400000| PB 0x000000008d400000| Complete 
| 141|0x000000008d500000, 0x000000008d600000, 0x000000008d600000|100%| E|CS|TAMS 0x000000008d500000| PB 0x000000008d500000| Complete 
| 154|0x000000008e200000, 0x000000008e300000, 0x000000008e300000|100%| E|CS|TAMS 0x000000008e200000| PB 0x000000008e200000| Complete 
| 155|0x000000008e300000, 0x000000008e400000, 0x000000008e400000|100%| E|CS|TAMS 0x000000008e300000| PB 0x000000008e300000| Complete 
| 157|0x000000008e500000, 0x000000008e600000, 0x000000008e600000|100%| E|CS|TAMS 0x000000008e500000| PB 0x000000008e500000| Complete 
|1974|0x00000000ffe00000, 0x00000000ffe79000, 0x00000000fff00000| 47%|OA|  |TAMS 0x00000000ffe00000| PB 0x00000000ffe00000| Untracked 
|1975|0x00000000fff00000, 0x00000000fff83000, 0x0000000100000000| 51%|CA|  |TAMS 0x00000000fff00000| PB 0x00000000fff00000| Untracked 

Card table byte_map: [0x00007efc94546000,0x00007efc94922000] _byte_map_base: 0x00007efc94122000

Marking Bits: (CMBitMap*) 0x00007efc9008aab0
 Bits: [0x00007efc82f20000, 0x00007efc84e00000)

Polling page: 0x00007efc967fe000

Metaspace:

Usage:
  Non-class:     33,12 MB used.
      Class:      4,92 MB used.
       Both:     38,03 MB used.

Virtual space:
  Non-class space:       64,00 MB reserved,      33,38 MB ( 52%) committed,  1 nodes.
      Class space:        1,00 GB reserved,       5,12 MB ( <1%) committed,  1 nodes.
             Both:        1,06 GB reserved,      38,50 MB (  4%) committed. 

Chunk freelists:
   Non-Class:  2,66 MB
       Class:  2,92 MB
        Both:  5,57 MB

MaxMetaspaceSize: unlimited
CompressedClassSpaceSize: 1,00 GB
Initial GC threshold: 21,00 MB
Current GC threshold: 60,62 MB
CDS: on
MetaspaceReclaimPolicy: balanced
 - commit_granule_bytes: 65536.
 - commit_granule_words: 8192.
 - virtual_space_node_default_size: 8388608.
 - enlarge_chunks_in_place: 1.
 - new_chunks_are_fully_committed: 0.
 - uncommit_free_chunks: 1.
 - use_allocation_guard: 0.


Internal statistics:

num_allocs_failed_limit: 12.
num_arena_births: 622.
num_arena_deaths: 0.
num_vsnodes_births: 2.
num_vsnodes_deaths: 0.
num_space_committed: 616.
num_space_uncommitted: 0.
num_chunks_returned_to_freelist: 12.
num_chunks_taken_from_freelist: 1891.
num_chunk_merges: 12.
num_chunk_splits: 1327.
num_chunks_enlarged: 1005.
num_inconsistent_stats: 0.

CodeCache: size=49152Kb used=8920Kb max_used=8920Kb free=40231Kb
 bounds [0x00007efc84e00000, 0x00007efc856c0000, 0x00007efc87e00000]
 total_blobs=5036 nmethods=4468 adapters=493
 compilation: enabled
              stopped_count=0, restarted_count=0
 full_count=0

Compilation events (20 events):
Event: 7,263 Thread 0x00007efc0c085720 4514       1       java.io.ObjectInputStream$BlockDataInputStream::readUTF (10 bytes)
Event: 7,263 Thread 0x00007efc9014bed0 4515       1       java.io.ObjectInputStream$BlockDataInputStream::readUnsignedShort (76 bytes)
Event: 7,263 Thread 0x00007efc0c085720 nmethod 4514 0x00007efc856b3810 code [0x00007efc856b39a0, 0x00007efc856b3aa0]
Event: 7,263 Thread 0x00007efc0c085720 4516       1       java.io.ObjectInputStream$FilterValues::depth (5 bytes)
Event: 7,263 Thread 0x00007efc0c085720 nmethod 4516 0x00007efc856b3b90 code [0x00007efc856b3d00, 0x00007efc856b3dc0]
Event: 7,263 Thread 0x00007efc0c085720 4517       1       java.io.ObjectInputStream$FilterValues::serialClass (5 bytes)
Event: 7,263 Thread 0x00007efc0c085720 nmethod 4517 0x00007efc856b3e90 code [0x00007efc856b4000, 0x00007efc856b40c0]
Event: 7,263 Thread 0x00007efc9014bed0 nmethod 4515 0x00007efc856b4190 code [0x00007efc856b4340, 0x00007efc856b4520]
Event: 7,265 Thread 0x00007efc0c085720 4519       1       java.io.ObjectInputStream$HandleTable::finish (111 bytes)
Event: 7,265 Thread 0x00007efc0c085720 nmethod 4519 0x00007efc856b4690 code [0x00007efc856b4840, 0x00007efc856b4ac0]
Event: 7,265 Thread 0x00007efc0c085720 4518       1       java.io.ObjectInputStream$HandleTable::assign (48 bytes)
Event: 7,265 Thread 0x00007efc0c085720 nmethod 4518 0x00007efc856b4c10 code [0x00007efc856b4dc0, 0x00007efc856b4ff8]
Event: 7,267 Thread 0x00007efc9014bed0 4520       1       java.lang.reflect.ProxyGenerator$ProxyMethod::<init> (44 bytes)
Event: 7,267 Thread 0x00007efc9014bed0 nmethod 4520 0x00007efc856b5190 code [0x00007efc856b5320, 0x00007efc856b5670]
Event: 7,267 Thread 0x00007efc9014bed0 4521       1       java.lang.reflect.ProxyGenerator$$Lambda$41/0x00007efc2c021200::apply (8 bytes)
Event: 7,267 Thread 0x00007efc9014bed0 nmethod 4521 0x00007efc856b5710 code [0x00007efc856b58a0, 0x00007efc856b5a20]
Event: 7,267 Thread 0x00007efc9014bed0 4522       1       java.lang.reflect.ProxyGenerator::lambda$addProxyMethod$0 (9 bytes)
Event: 7,267 Thread 0x00007efc9014bed0 nmethod 4522 0x00007efc856b5b10 code [0x00007efc856b5ca0, 0x00007efc856b5dc8]
Event: 7,297 Thread 0x00007efc0c085720 4523       1       java.util.Calendar::get (10 bytes)
Event: 7,297 Thread 0x00007efc0c085720 nmethod 4523 0x00007efc856b5e90 code [0x00007efc856b6020, 0x00007efc856b6138]

GC Heap History (20 events):
Event: 0,943 GC heap before
{Heap before GC invocations=1 (full 0):
 garbage-first heap   total 129024K, used 10101K [0x0000000084800000, 0x0000000100000000)
  region size 1024K, 6 young (6144K), 1 survivors (1024K)
 Metaspace       used 3384K, committed 3520K, reserved 1114112K
  class space    used 398K, committed 448K, reserved 1048576K
}
Event: 0,951 GC heap after
{Heap after GC invocations=2 (full 0):
 garbage-first heap   total 129024K, used 5858K [0x0000000084800000, 0x0000000100000000)
  region size 1024K, 1 young (1024K), 1 survivors (1024K)
 Metaspace       used 3384K, committed 3520K, reserved 1114112K
  class space    used 398K, committed 448K, reserved 1048576K
}
Event: 1,609 GC heap before
{Heap before GC invocations=2 (full 0):
 garbage-first heap   total 129024K, used 15074K [0x0000000084800000, 0x0000000100000000)
  region size 1024K, 10 young (10240K), 1 survivors (1024K)
 Metaspace       used 7529K, committed 7808K, reserved 1114112K
  class space    used 910K, committed 1024K, reserved 1048576K
}
Event: 1,618 GC heap after
{Heap after GC invocations=3 (full 0):
 garbage-first heap   total 129024K, used 8015K [0x0000000084800000, 0x0000000100000000)
  region size 1024K, 2 young (2048K), 2 survivors (2048K)
 Metaspace       used 7529K, committed 7808K, reserved 1114112K
  class space    used 910K, committed 1024K, reserved 1048576K
}
Event: 2,001 GC heap before
{Heap before GC invocations=3 (full 0):
 garbage-first heap   total 129024K, used 20303K [0x0000000084800000, 0x0000000100000000)
  region size 1024K, 14 young (14336K), 2 survivors (2048K)
 Metaspace       used 10500K, committed 10752K, reserved 1114112K
  class space    used 1366K, committed 1472K, reserved 1048576K
}
Event: 2,019 GC heap after
{Heap after GC invocations=4 (full 0):
 garbage-first heap   total 129024K, used 9332K [0x0000000084800000, 0x0000000100000000)
  region size 1024K, 2 young (2048K), 2 survivors (2048K)
 Metaspace       used 10500K, committed 10752K, reserved 1114112K
  class space    used 1366K, committed 1472K, reserved 1048576K
}
Event: 3,022 GC heap before
{Heap before GC invocations=4 (full 0):
 garbage-first heap   total 129024K, used 68724K [0x0000000084800000, 0x0000000100000000)
  region size 1024K, 61 young (62464K), 2 survivors (2048K)
 Metaspace       used 20066K, committed 20480K, reserved 1114112K
  class space    used 2682K, committed 2880K, reserved 1048576K
}
Event: 3,041 GC heap after
{Heap after GC invocations=5 (full 0):
 garbage-first heap   total 163840K, used 14248K [0x0000000084800000, 0x0000000100000000)
  region size 1024K, 6 young (6144K), 6 survivors (6144K)
 Metaspace       used 20066K, committed 20480K, reserved 1114112K
  class space    used 2682K, committed 2880K, reserved 1048576K
}
Event: 3,256 GC heap before
{Heap before GC invocations=5 (full 0):
 garbage-first heap   total 163840K, used 28584K [0x0000000084800000, 0x0000000100000000)
  region size 1024K, 22 young (22528K), 6 survivors (6144K)
 Metaspace       used 21130K, committed 21568K, reserved 1114112K
  class space    used 2802K, committed 3008K, reserved 1048576K
}
Event: 3,275 GC heap after
{Heap after GC invocations=6 (full 0):
 garbage-first heap   total 163840K, used 14777K [0x0000000084800000, 0x0000000100000000)
  region size 1024K, 6 young (6144K), 6 survivors (6144K)
 Metaspace       used 21130K, committed 21568K, reserved 1114112K
  class space    used 2802K, committed 3008K, reserved 1048576K
}
Event: 4,088 GC heap before
{Heap before GC invocations=7 (full 0):
 garbage-first heap   total 68608K, used 48569K [0x0000000084800000, 0x0000000100000000)
  region size 1024K, 40 young (40960K), 6 survivors (6144K)
 Metaspace       used 27939K, committed 28352K, reserved 1114112K
  class space    used 3723K, committed 3904K, reserved 1048576K
}
Event: 4,109 GC heap after
{Heap after GC invocations=8 (full 0):
 garbage-first heap   total 68608K, used 17046K [0x0000000084800000, 0x0000000100000000)
  region size 1024K, 4 young (4096K), 4 survivors (4096K)
 Metaspace       used 27939K, committed 28352K, reserved 1114112K
  class space    used 3723K, committed 3904K, reserved 1048576K
}
Event: 4,697 GC heap before
{Heap before GC invocations=8 (full 0):
 garbage-first heap   total 68608K, used 52886K [0x0000000084800000, 0x0000000100000000)
  region size 1024K, 40 young (40960K), 4 survivors (4096K)
 Metaspace       used 31107K, committed 31552K, reserved 1114112K
  class space    used 4148K, committed 4352K, reserved 1048576K
}
Event: 4,709 GC heap after
{Heap after GC invocations=9 (full 0):
 garbage-first heap   total 68608K, used 18899K [0x0000000084800000, 0x0000000100000000)
  region size 1024K, 5 young (5120K), 5 survivors (5120K)
 Metaspace       used 31107K, committed 31552K, reserved 1114112K
  class space    used 4148K, committed 4352K, reserved 1048576K
}
Event: 5,378 GC heap before
{Heap before GC invocations=9 (full 0):
 garbage-first heap   total 68608K, used 54739K [0x0000000084800000, 0x0000000100000000)
  region size 1024K, 40 young (40960K), 5 survivors (5120K)
 Metaspace       used 34648K, committed 35072K, reserved 1114112K
  class space    used 4449K, committed 4608K, reserved 1048576K
}
Event: 5,392 GC heap after
{Heap after GC invocations=10 (full 0):
 garbage-first heap   total 68608K, used 21488K [0x0000000084800000, 0x0000000100000000)
  region size 1024K, 5 young (5120K), 5 survivors (5120K)
 Metaspace       used 34648K, committed 35072K, reserved 1114112K
  class space    used 4449K, committed 4608K, reserved 1048576K
}
Event: 5,605 GC heap before
{Heap before GC invocations=10 (full 0):
 garbage-first heap   total 68608K, used 56304K [0x0000000084800000, 0x0000000100000000)
  region size 1024K, 40 young (40960K), 5 survivors (5120K)
 Metaspace       used 34998K, committed 35520K, reserved 1114112K
  class space    used 4494K, committed 4736K, reserved 1048576K
}
Event: 5,617 GC heap after
{Heap after GC invocations=11 (full 0):
 garbage-first heap   total 82944K, used 23801K [0x0000000084800000, 0x0000000100000000)
  region size 1024K, 4 young (4096K), 4 survivors (4096K)
 Metaspace       used 34998K, committed 35520K, reserved 1114112K
  class space    used 4494K, committed 4736K, reserved 1048576K
}
Event: 6,264 GC heap before
{Heap before GC invocations=11 (full 0):
 garbage-first heap   total 82944K, used 57593K [0x0000000084800000, 0x0000000100000000)
  region size 1024K, 39 young (39936K), 4 survivors (4096K)
 Metaspace       used 36576K, committed 37056K, reserved 1114112K
  class space    used 4721K, committed 4928K, reserved 1048576K
}
Event: 6,275 GC heap after
{Heap after GC invocations=12 (full 0):
 garbage-first heap   total 82944K, used 22372K [0x0000000084800000, 0x0000000100000000)
  region size 1024K, 2 young (2048K), 2 survivors (2048K)
 Metaspace       used 36576K, committed 37056K, reserved 1114112K
  class space    used 4721K, committed 4928K, reserved 1048576K
}

Dll operation events (13 events):
Event: 0,014 Loaded shared library /usr/lib/jvm/jdk-20/lib/libjava.so
Event: 0,100 Loaded shared library /usr/lib/jvm/jdk-20/lib/libjsvml.so
Event: 0,284 Loaded shared library /usr/lib/jvm/jdk-20/lib/libzip.so
Event: 0,296 Loaded shared library /usr/lib/jvm/jdk-20/lib/libinstrument.so
Event: 0,298 Loaded shared library /usr/lib/jvm/jdk-20/lib/libnio.so
Event: 0,301 Loaded shared library /usr/lib/jvm/jdk-20/lib/libzip.so
Event: 0,545 Loaded shared library /usr/lib/jvm/jdk-20/lib/libnet.so
Event: 0,546 Loaded shared library /usr/lib/jvm/jdk-20/lib/libjimage.so
Event: 0,551 Loaded shared library /usr/lib/jvm/jdk-20/lib/libextnet.so
Event: 0,620 Loaded shared library /usr/lib/jvm/jdk-20/lib/libmanagement.so
Event: 0,636 Loaded shared library /usr/lib/jvm/jdk-20/lib/libmanagement_ext.so
Event: 1,108 Loaded shared library /usr/lib/jvm/jdk-20/lib/libverify.so
Event: 7,222 Loaded shared library /home/ash/.cache/JNA/temp/jna5903181205213466144.tmp

Deoptimization events (14 events):
Event: 0,859 Thread 0x00007efc9002d970 DEOPT PACKING pc=0x00007efc850c8bdd sp=0x00007efc94ffca70
Event: 0,859 Thread 0x00007efc9002d970 DEOPT UNPACKING pc=0x00007efc84e699af sp=0x00007efc94ffbf40 mode 3
Event: 0,889 Thread 0x00007efc9002d970 DEOPT PACKING pc=0x00007efc850e12e0 sp=0x00007efc94ffca40
Event: 0,889 Thread 0x00007efc9002d970 DEOPT UNPACKING pc=0x00007efc84e699af sp=0x00007efc94ffbf18 mode 3
Event: 2,328 Thread 0x00007efc9002d970 DEOPT PACKING pc=0x00007efc852ce539 sp=0x00007efc94ffc930
Event: 2,328 Thread 0x00007efc9002d970 DEOPT UNPACKING pc=0x00007efc84e699af sp=0x00007efc94ffbe30 mode 3
Event: 4,330 Thread 0x00007efc9002d970 DEOPT PACKING pc=0x00007efc8557127d sp=0x00007efc94ffca60
Event: 4,330 Thread 0x00007efc9002d970 DEOPT UNPACKING pc=0x00007efc84e699af sp=0x00007efc94ffbfe8 mode 3
Event: 5,154 Thread 0x00007efc9002d970 DEOPT PACKING pc=0x00007efc855d72b9 sp=0x00007efc94ffc970
Event: 5,154 Thread 0x00007efc9002d970 DEOPT UNPACKING pc=0x00007efc84e699af sp=0x00007efc94ffbe70 mode 3
Event: 7,260 Thread 0x00007efc0c0b4cf0 DEOPT PACKING pc=0x00007efc8513521c sp=0x00007efc261fa280
Event: 7,260 Thread 0x00007efc0c0b4cf0 DEOPT UNPACKING pc=0x00007efc84e699af sp=0x00007efc261f9780 mode 0
Event: 7,260 Thread 0x00007efc0c0b4cf0 DEOPT PACKING pc=0x00007efc8513483c sp=0x00007efc261fa300
Event: 7,260 Thread 0x00007efc0c0b4cf0 DEOPT UNPACKING pc=0x00007efc84e699af sp=0x00007efc261f9860 mode 0

Classes loaded (20 events):
Event: 7,251 Loading class java/util/concurrent/CompletableFuture$AltResult
Event: 7,251 Loading class java/util/concurrent/CompletableFuture$AltResult done
Event: 7,251 Loading class java/util/concurrent/CompletableFuture$ThreadPerTaskExecutor
Event: 7,251 Loading class java/util/concurrent/CompletableFuture$ThreadPerTaskExecutor done
Event: 7,251 Loading class java/util/concurrent/CompletableFuture$Completion
Event: 7,251 Loading class java/util/concurrent/CompletableFuture$AsynchronousCompletionTask
Event: 7,251 Loading class java/util/concurrent/CompletableFuture$AsynchronousCompletionTask done
Event: 7,251 Loading class java/util/concurrent/CompletableFuture$Completion done
Event: 7,251 Loading class java/lang/ProcessHandleImpl$1
Event: 7,251 Loading class java/lang/ProcessHandleImpl$1 done
Event: 7,252 Loading class java/util/concurrent/CompletableFuture$UniHandle
Event: 7,252 Loading class java/util/concurrent/CompletableFuture$UniCompletion
Event: 7,252 Loading class java/util/concurrent/CompletableFuture$UniCompletion done
Event: 7,252 Loading class java/util/concurrent/CompletableFuture$UniHandle done
Event: 7,252 Loading class jdk/internal/event/ProcessStartEvent
Event: 7,252 Loading class jdk/internal/event/ProcessStartEvent done
Event: 7,253 Loading class java/lang/ProcessBuilder$NullInputStream
Event: 7,253 Loading class java/lang/ProcessBuilder$NullInputStream done
Event: 7,253 Loading class java/lang/ProcessBuilder$NullOutputStream
Event: 7,253 Loading class java/lang/ProcessBuilder$NullOutputStream done

Classes unloaded (0 events):
No events

Classes redefined (0 events):
No events

Internal exceptions (20 events):
Event: 6,071 Thread 0x00007efc9002d970 Exception <a 'java/lang/NoSuchMethodError'{0x00000000878f0560}: 'int java.lang.invoke.DirectMethodHandle$Holder.invokeStaticInit(java.lang.Object, java.lang.Object, java.lang.Object, java.lang.Object)'> (0x00000000878f0560) 
thrown [open/src/hotspot/share/interpreter/linkResolver.cpp, line 772]
Event: 6,215 Thread 0x00007efc9002d970 Exception <a 'java/lang/ClassNotFoundException'{0x000000008754a480}: java/lang/ObjectCustomizer> (0x000000008754a480) 
thrown [open/src/hotspot/share/classfile/systemDictionary.cpp, line 305]
Event: 6,215 Thread 0x00007efc9002d970 Exception <a 'java/lang/ClassNotFoundException'{0x0000000087552368}: org/springframework/security/config/annotation/web/configuration/WebSecurityConfigurationCustomizer> (0x0000000087552368) 
thrown [open/src/hotspot/share/classfile/systemDictionary.cpp, line 305]
Event: 6,224 Thread 0x00007efc9002d970 Exception <a 'java/lang/ClassNotFoundException'{0x000000008755efc8}: org/springframework/context/annotation/ImportAwareCustomizer> (0x000000008755efc8) 
thrown [open/src/hotspot/share/classfile/systemDictionary.cpp, line 305]
Event: 6,224 Thread 0x00007efc9002d970 Exception <a 'java/lang/ClassNotFoundException'{0x0000000087563b90}: org/springframework/beans/factory/AwareCustomizer> (0x0000000087563b90) 
thrown [open/src/hotspot/share/classfile/systemDictionary.cpp, line 305]
Event: 6,224 Thread 0x00007efc9002d970 Exception <a 'java/lang/ClassNotFoundException'{0x0000000087567e78}: org/springframework/beans/factory/BeanClassLoaderAwareCustomizer> (0x0000000087567e78) 
thrown [open/src/hotspot/share/classfile/systemDictionary.cpp, line 305]
Event: 6,225 Thread 0x00007efc9002d970 Exception <a 'java/lang/ClassNotFoundException'{0x000000008756ca20}: org/springframework/beans/factory/AwareCustomizer> (0x000000008756ca20) 
thrown [open/src/hotspot/share/classfile/systemDictionary.cpp, line 305]
Event: 7,111 Thread 0x00007efc9002d970 Exception <a 'java/lang/ClassNotFoundException'{0x00000000889e84e0}: java/lang/ObjectCustomizer> (0x00000000889e84e0) 
thrown [open/src/hotspot/share/classfile/systemDictionary.cpp, line 305]
Event: 7,112 Thread 0x00007efc9002d970 Exception <a 'java/lang/ClassNotFoundException'{0x00000000889f03c8}: org/springframework/security/config/annotation/web/configuration/HttpSecurityConfigurationCustomizer> (0x00000000889f03c8) 
thrown [open/src/hotspot/share/classfile/systemDictionary.cpp, line 305]
Event: 7,157 Thread 0x00007efc9002d970 Exception <a 'java/lang/NoSuchMethodError'{0x000000008878fae0}: 'java.lang.Object java.lang.invoke.DirectMethodHandle$Holder.newInvokeSpecial(java.lang.Object, java.lang.Object, int, java.lang.Object, java.lang.Object)'> (0x000000008878fae0) 
thrown [open/src/hotspot/share/interpreter/linkResolver.cpp, line 772]
Event: 7,159 Thread 0x00007efc9002d970 Exception <a 'java/lang/NoSuchMethodError'{0x000000008879ab68}: 'java.lang.Object java.lang.invoke.DirectMethodHandle$Holder.invokeSpecial(java.lang.Object, java.lang.Object, int, java.lang.Object, int, java.lang.Object)'> (0x000000008879ab68) 
thrown [open/src/hotspot/share/interpreter/linkResolver.cpp, line 772]
Event: 7,160 Thread 0x00007efc9002d970 Exception <a 'java/lang/NoSuchMethodError'{0x00000000887a2678}: 'java.lang.Object java.lang.invoke.DirectMethodHandle$Holder.newInvokeSpecial(java.lang.Object, java.lang.Object, int, java.lang.Object, int)'> (0x00000000887a2678) 
thrown [open/src/hotspot/share/interpreter/linkResolver.cpp, line 772]
Event: 7,160 Thread 0x00007efc9002d970 Exception <a 'java/lang/NoSuchMethodError'{0x00000000887a64e8}: 'java.lang.Object java.lang.invoke.DirectMethodHandle$Holder.invokeSpecial(java.lang.Object, java.lang.Object, java.lang.Object, int, java.lang.Object, int)'> (0x00000000887a64e8) 
thrown [open/src/hotspot/share/interpreter/linkResolver.cpp, line 772]
Event: 7,244 Thread 0x00007efc9002d970 Exception <a 'java/lang/NoSuchMethodError'{0x0000000088331388}: 'java.lang.Object java.lang.invoke.DirectMethodHandle$Holder.invokeStatic(java.lang.Object, long, java.lang.Object)'> (0x0000000088331388) 
thrown [open/src/hotspot/share/interpreter/linkResolver.cpp, line 772]
Event: 7,244 Thread 0x00007efc9002d970 Exception <a 'java/lang/NoSuchMethodError'{0x00000000883349e0}: 'java.lang.Object java.lang.invoke.DirectMethodHandle$Holder.invokeStaticInit(java.lang.Object, long, java.lang.Object)'> (0x00000000883349e0) 
thrown [open/src/hotspot/share/interpreter/linkResolver.cpp, line 772]
Event: 7,244 Thread 0x00007efc9002d970 Exception <a 'java/lang/NoSuchMethodError'{0x000000008833a148}: 'java.lang.Object java.lang.invoke.DirectMethodHandle$Holder.newInvokeSpecial(java.lang.Object, long)'> (0x000000008833a148) 
thrown [open/src/hotspot/share/interpreter/linkResolver.cpp, line 772]
Event: 7,245 Thread 0x00007efc9002d970 Exception <a 'java/lang/NoSuchMethodError'{0x0000000088340e50}: 'java.lang.Object java.lang.invoke.DirectMethodHandle$Holder.newInvokeSpecial(java.lang.Object, java.lang.Object, java.lang.Object, int)'> (0x0000000088340e50) 
thrown [open/src/hotspot/share/interpreter/linkResolver.cpp, line 772]
Event: 7,245 Thread 0x00007efc9002d970 Exception <a 'java/lang/NoSuchMethodError'{0x0000000088344cd0}: 'java.lang.Object java.lang.invoke.DirectMethodHandle$Holder.invokeSpecial(java.lang.Object, java.lang.Object, java.lang.Object, java.lang.Object, int)'> (0x0000000088344cd0) 
thrown [open/src/hotspot/share/interpreter/linkResolver.cpp, line 772]
Event: 7,245 Thread 0x00007efc9002d970 Exception <a 'java/lang/NoSuchMethodError'{0x0000000088348158}: 'java.lang.Object java.lang.invoke.Invokers$Holder.linkToTargetMethod(java.lang.Object, java.lang.Object, int, java.lang.Object)'> (0x0000000088348158) 
thrown [open/src/hotspot/share/interpreter/linkResolver.cpp, line 772]
Event: 7,254 Thread 0x00007efc9002d970 Exception <a 'java/lang/UnsatisfiedLinkError'{0x00000000883bae40}: libcrypto.so: cannot open shared object file: No such file or directory> (0x00000000883bae40) 
thrown [open/src/hotspot/share/prims/jni.cpp, line 538]

VM Operations (20 events):
Event: 5,770 Executing VM operation: HandshakeAllThreads
Event: 5,770 Executing VM operation: HandshakeAllThreads done
Event: 5,861 Executing VM operation: HandshakeAllThreads
Event: 5,861 Executing VM operation: HandshakeAllThreads done
Event: 6,264 Executing VM operation: CollectForMetadataAllocation
Event: 6,275 Executing VM operation: CollectForMetadataAllocation done
Event: 6,425 Executing VM operation: G1PauseRemark
Event: 6,434 Executing VM operation: G1PauseRemark done
Event: 6,501 Executing VM operation: G1PauseCleanup
Event: 6,501 Executing VM operation: G1PauseCleanup done
Event: 7,229 Executing VM operation: HandshakeAllThreads
Event: 7,229 Executing VM operation: HandshakeAllThreads done
Event: 7,234 Executing VM operation: HandshakeAllThreads
Event: 7,234 Executing VM operation: HandshakeAllThreads done
Event: 7,247 Executing VM operation: HandshakeAllThreads
Event: 7,247 Executing VM operation: HandshakeAllThreads done
Event: 7,247 Executing VM operation: HandshakeAllThreads
Event: 7,247 Executing VM operation: HandshakeAllThreads done
Event: 7,249 Executing VM operation: HandshakeAllThreads
Event: 7,249 Executing VM operation: HandshakeAllThreads done

Events (20 events):
Event: 7,174 Protecting memory [0x00007efc257fc000,0x00007efc25800000] with protection modes 0
Event: 7,174 Thread 0x00007efc90f59840 Thread added: 0x00007efc90f59840
Event: 7,174 Protecting memory [0x00007efc256fc000,0x00007efc25700000] with protection modes 0
Event: 7,174 Thread 0x00007efc90f5aad0 Thread added: 0x00007efc90f5aad0
Event: 7,175 Protecting memory [0x00007efc255fc000,0x00007efc25600000] with protection modes 0
Event: 7,176 Thread 0x00007efc90f5bf30 Thread added: 0x00007efc90f5bf30
Event: 7,176 Protecting memory [0x00007efc254fc000,0x00007efc25500000] with protection modes 0
Event: 7,176 Thread 0x00007efc90f5d840 Thread added: 0x00007efc90f5d840
Event: 7,176 Protecting memory [0x00007efc253fc000,0x00007efc25400000] with protection modes 0
Event: 7,176 Thread 0x00007efc90f5efe0 Thread added: 0x00007efc90f5efe0
Event: 7,176 Protecting memory [0x00007efc252fc000,0x00007efc25300000] with protection modes 0
Event: 7,181 Thread 0x00007efc90f62930 Thread added: 0x00007efc90f62930
Event: 7,181 Protecting memory [0x00007efc251fc000,0x00007efc25200000] with protection modes 0
Event: 7,183 Thread 0x00007efc90f68990 Thread added: 0x00007efc90f68990
Event: 7,183 Protecting memory [0x00007efc250fc000,0x00007efc25100000] with protection modes 0
Event: 7,252 Thread 0x00007efc90f9e370 Thread added: 0x00007efc90f9e370
Event: 7,252 Protecting memory [0x00007efc94028000,0x00007efc9402c000] with protection modes 0
Event: 7,261 Thread 0x00007efc10036650 Thread added: 0x00007efc10036650
Event: 7,262 Protecting memory [0x00007efc24b40000,0x00007efc24b44000] with protection modes 0
Event: 7,266 Thread 0x00007efc10036650 Thread exited: 0x00007efc10036650


Dynamic libraries:
84800000-88d00000 rw-p 00000000 00:00 0 
88d00000-8d000000 ---p 00000000 00:00 0 
8d000000-8d600000 rw-p 00000000 00:00 0 
8d600000-8e200000 ---p 00000000 00:00 0 
8e200000-8e400000 rw-p 00000000 00:00 0 
8e400000-8e500000 ---p 00000000 00:00 0 
8e500000-8e600000 rw-p 00000000 00:00 0 
8e600000-ffe00000 ---p 00000000 00:00 0 
ffe00000-ffe79000 rw-p 00d3e000 08:03 3184441                            /usr/lib/jvm/jdk-20/lib/server/classes.jsa
ffe79000-fff00000 rw-p 00000000 00:00 0 
fff00000-fff83000 rw-p 00cbb000 08:03 3184441                            /usr/lib/jvm/jdk-20/lib/server/classes.jsa
fff83000-100000000 rw-p 00000000 00:00 0 
55a8eb359000-55a8eb35a000 r-xp 00000000 08:03 3184371                    /usr/lib/jvm/jdk-20/bin/java
55a8eb35b000-55a8eb35c000 r--p 00001000 08:03 3184371                    /usr/lib/jvm/jdk-20/bin/java
55a8eb35c000-55a8eb35d000 rw-p 00002000 08:03 3184371                    /usr/lib/jvm/jdk-20/bin/java
55a8eb7b2000-55a8eb7fa000 rw-p 00000000 00:00 0                          [heap]
7efc00000000-7efc00021000 rw-p 00000000 00:00 0 
7efc00021000-7efc04000000 ---p 00000000 00:00 0 
7efc04000000-7efc043a5000 rw-p 00000000 00:00 0 
7efc043a5000-7efc08000000 ---p 00000000 00:00 0 
7efc08000000-7efc08021000 rw-p 00000000 00:00 0 
7efc08021000-7efc0c000000 ---p 00000000 00:00 0 
7efc0c000000-7efc0c16b000 rw-p 00000000 00:00 0 
7efc0c16b000-7efc10000000 ---p 00000000 00:00 0 
7efc10000000-7efc1004e000 rw-p 00000000 00:00 0 
7efc1004e000-7efc14000000 ---p 00000000 00:00 0 
7efc14000000-7efc14038000 rw-p 00000000 00:00 0 
7efc14038000-7efc18000000 ---p 00000000 00:00 0 
7efc18000000-7efc18021000 rw-p 00000000 00:00 0 
7efc18021000-7efc1c000000 ---p 00000000 00:00 0 
7efc1c000000-7efc1c021000 rw-p 00000000 00:00 0 
7efc1c021000-7efc20000000 ---p 00000000 00:00 0 
7efc20000000-7efc20032000 rw-p 00000000 00:00 0 
7efc20032000-7efc24000000 ---p 00000000 00:00 0 
7efc24400000-7efc2449a000 r--p 00000000 08:03 2649675                    /usr/lib/x86_64-linux-gnu/libstdc++.so.6.0.30
7efc2449a000-7efc245ab000 r-xp 0009a000 08:03 2649675                    /usr/lib/x86_64-linux-gnu/libstdc++.so.6.0.30
7efc245ab000-7efc2461a000 r--p 001ab000 08:03 2649675                    /usr/lib/x86_64-linux-gnu/libstdc++.so.6.0.30
7efc2461a000-7efc2461b000 ---p 0021a000 08:03 2649675                    /usr/lib/x86_64-linux-gnu/libstdc++.so.6.0.30
7efc2461b000-7efc24626000 r--p 0021a000 08:03 2649675                    /usr/lib/x86_64-linux-gnu/libstdc++.so.6.0.30
7efc24626000-7efc24629000 rw-p 00225000 08:03 2649675                    /usr/lib/x86_64-linux-gnu/libstdc++.so.6.0.30
7efc24629000-7efc2462c000 rw-p 00000000 00:00 0 
7efc24632000-7efc246a0000 r--p 00000000 08:03 2625695                    /usr/local/lib/libOPENFHEcore.so.1.1.1
7efc246a0000-7efc247bb000 r-xp 0006e000 08:03 2625695                    /usr/local/lib/libOPENFHEcore.so.1.1.1
7efc247bb000-7efc247f8000 r--p 00189000 08:03 2625695                    /usr/local/lib/libOPENFHEcore.so.1.1.1
7efc247f8000-7efc247fc000 r--p 001c5000 08:03 2625695                    /usr/local/lib/libOPENFHEcore.so.1.1.1
7efc247fc000-7efc247fe000 rw-p 001c9000 08:03 2625695                    /usr/local/lib/libOPENFHEcore.so.1.1.1
7efc247fe000-7efc24800000 rw-p 00000000 00:00 0 
7efc24800000-7efc24886000 r--p 00000000 08:03 2625698                    /usr/local/lib/libOPENFHEpke.so.1.1.1
7efc24886000-7efc24a2b000 r-xp 00086000 08:03 2625698                    /usr/local/lib/libOPENFHEpke.so.1.1.1
7efc24a2b000-7efc24a92000 r--p 0022b000 08:03 2625698                    /usr/local/lib/libOPENFHEpke.so.1.1.1
7efc24a92000-7efc24a93000 ---p 00292000 08:03 2625698                    /usr/local/lib/libOPENFHEpke.so.1.1.1
7efc24a93000-7efc24a9a000 r--p 00292000 08:03 2625698                    /usr/local/lib/libOPENFHEpke.so.1.1.1
7efc24a9a000-7efc24a9c000 rw-p 00299000 08:03 2625698                    /usr/local/lib/libOPENFHEpke.so.1.1.1
7efc24a9c000-7efc24a9e000 rw-p 00000000 00:00 0 
7efc24b40000-7efc24b44000 ---p 00000000 00:00 0 
7efc24b44000-7efc24c40000 rw-p 00000000 00:00 0 
7efc24c40000-7efc24cb3000 r--p 00000000 08:03 2625748                    /usr/local/lib/libcrypto.so.1.0.0
7efc24cb3000-7efc24dac000 r-xp 00073000 08:03 2625748                    /usr/local/lib/libcrypto.so.1.0.0
7efc24dac000-7efc24df7000 r--p 0016c000 08:03 2625748                    /usr/local/lib/libcrypto.so.1.0.0
7efc24df7000-7efc24df8000 ---p 001b7000 08:03 2625748                    /usr/local/lib/libcrypto.so.1.0.0
7efc24df8000-7efc24dfd000 r--p 001b7000 08:03 2625748                    /usr/local/lib/libcrypto.so.1.0.0
7efc24dfd000-7efc24dff000 rw-p 001bc000 08:03 2625748                    /usr/local/lib/libcrypto.so.1.0.0
7efc24dff000-7efc24e00000 rw-p 00000000 00:00 0 
7efc24e00000-7efc24e18000 r-xp 00000000 08:03 4459410                    /home/ash/.cache/JNA/temp/jna5903181205213466144.tmp (deleted)
7efc24e18000-7efc25018000 ---p 00018000 08:03 4459410                    /home/ash/.cache/JNA/temp/jna5903181205213466144.tmp (deleted)
7efc25018000-7efc25019000 rw-p 00018000 08:03 4459410                    /home/ash/.cache/JNA/temp/jna5903181205213466144.tmp (deleted)
7efc250fc000-7efc25100000 ---p 00000000 00:00 0 
7efc25100000-7efc251fc000 rw-p 00000000 00:00 0 
7efc251fc000-7efc25200000 ---p 00000000 00:00 0 
7efc25200000-7efc252fc000 rw-p 00000000 00:00 0 
7efc252fc000-7efc25300000 ---p 00000000 00:00 0 
7efc25300000-7efc253fc000 rw-p 00000000 00:00 0 
7efc253fc000-7efc25400000 ---p 00000000 00:00 0 
7efc25400000-7efc254fc000 rw-p 00000000 00:00 0 
7efc254fc000-7efc25500000 ---p 00000000 00:00 0 
7efc25500000-7efc255fc000 rw-p 00000000 00:00 0 
7efc255fc000-7efc25600000 ---p 00000000 00:00 0 
7efc25600000-7efc256fc000 rw-p 00000000 00:00 0 
7efc256fc000-7efc25700000 ---p 00000000 00:00 0 
7efc25700000-7efc257fc000 rw-p 00000000 00:00 0 
7efc257fc000-7efc25800000 ---p 00000000 00:00 0 
7efc25800000-7efc258fc000 rw-p 00000000 00:00 0 
7efc258fc000-7efc25900000 ---p 00000000 00:00 0 
7efc25900000-7efc259fc000 rw-p 00000000 00:00 0 
7efc259fc000-7efc25a00000 ---p 00000000 00:00 0 
7efc25a00000-7efc25afc000 rw-p 00000000 00:00 0 
7efc25afc000-7efc25b00000 ---p 00000000 00:00 0 
7efc25b00000-7efc25bfc000 rw-p 00000000 00:00 0 
7efc25bfc000-7efc25c00000 ---p 00000000 00:00 0 
7efc25c00000-7efc25cfc000 rw-p 00000000 00:00 0 
7efc25cfc000-7efc25d00000 ---p 00000000 00:00 0 
7efc25d00000-7efc25dfc000 rw-p 00000000 00:00 0 
7efc25dfc000-7efc25e00000 ---p 00000000 00:00 0 
7efc25e00000-7efc25efc000 rw-p 00000000 00:00 0 
7efc25efc000-7efc25f00000 ---p 00000000 00:00 0 
7efc25f00000-7efc25ffc000 rw-p 00000000 00:00 0 
7efc25ffc000-7efc26000000 ---p 00000000 00:00 0 
7efc26000000-7efc260fc000 rw-p 00000000 00:00 0 
7efc260fc000-7efc26100000 ---p 00000000 00:00 0 
7efc26100000-7efc261fc000 rw-p 00000000 00:00 0 
7efc261fc000-7efc26200000 ---p 00000000 00:00 0 
7efc26200000-7efc262fc000 rw-p 00000000 00:00 0 
7efc262fc000-7efc262fd000 ---p 00000000 00:00 0 
7efc262fd000-7efc263fe000 rw-p 00000000 00:00 0 
7efc263fe000-7efc26402000 ---p 00000000 00:00 0 
7efc26402000-7efc264fe000 rw-p 00000000 00:00 0 
7efc264fe000-7efc264ff000 ---p 00000000 00:00 0 
7efc264ff000-7efc26600000 rw-p 00000000 00:00 0 
7efc26600000-7efc26604000 ---p 00000000 00:00 0 
7efc26604000-7efc26700000 rw-p 00000000 00:00 0 
7efc26700000-7efc26704000 ---p 00000000 00:00 0 
7efc26704000-7efc26800000 rw-p 00000000 00:00 0 
7efc26800000-7efc26804000 ---p 00000000 00:00 0 
7efc26804000-7efc26900000 rw-p 00000000 00:00 0 
7efc26900000-7efc26904000 ---p 00000000 00:00 0 
7efc26904000-7efc26a00000 rw-p 00000000 00:00 0 
7efc26a00000-7efc26fca000 r--p 00000000 08:03 2662662                    /usr/lib/locale/locale-archive
7efc27000000-7efc273f0000 rw-p 00000000 00:00 0 
7efc273f0000-7efc274b0000 rw-p 00000000 00:00 0 
7efc274b0000-7efc274f0000 rw-p 00000000 00:00 0 
7efc274f0000-7efc27770000 rw-p 00000000 00:00 0 
7efc27770000-7efc277f0000 rw-p 00000000 00:00 0 
7efc277f0000-7efc279b0000 rw-p 00000000 00:00 0 
7efc279b0000-7efc279f0000 rw-p 00000000 00:00 0 
7efc279f0000-7efc27cf0000 rw-p 00000000 00:00 0 
7efc27cf0000-7efc27ff0000 rw-p 00000000 00:00 0 
7efc27ff0000-7efc28cf0000 rw-p 00000000 00:00 0 
7efc28cf0000-7efc28df0000 rw-p 00000000 00:00 0 
7efc28df0000-7efc29160000 rw-p 00000000 00:00 0 
7efc29160000-7efc2b000000 ---p 00000000 00:00 0 
7efc2b000000-7efc2bc7e000 rw-p 00001000 08:03 3184441                    /usr/lib/jvm/jdk-20/lib/server/classes.jsa
7efc2bc7e000-7efc2c000000 ---p 00000000 00:00 0 
7efc2c000000-7efc2c010000 rw-p 00000000 00:00 0 
7efc2c010000-7efc2c030000 rw-p 00000000 00:00 0 
7efc2c030000-7efc2c0b0000 rw-p 00000000 00:00 0 
7efc2c0b0000-7efc2c130000 rw-p 00000000 00:00 0 
7efc2c130000-7efc2c170000 rw-p 00000000 00:00 0 
7efc2c170000-7efc2c2b0000 rw-p 00000000 00:00 0 
7efc2c2b0000-7efc2c2f0000 rw-p 00000000 00:00 0 
7efc2c2f0000-7efc2c520000 rw-p 00000000 00:00 0 
7efc2c520000-7efc6c000000 ---p 00000000 00:00 0 
7efc6c000000-7efc6c021000 rw-p 00000000 00:00 0 
7efc6c021000-7efc70000000 ---p 00000000 00:00 0 
7efc70000000-7efc7038a000 rw-p 00000000 00:00 0 
7efc7038a000-7efc74000000 ---p 00000000 00:00 0 
7efc74000000-7efc74021000 rw-p 00000000 00:00 0 
7efc74021000-7efc78000000 ---p 00000000 00:00 0 
7efc78000000-7efc78021000 rw-p 00000000 00:00 0 
7efc78021000-7efc7c000000 ---p 00000000 00:00 0 
7efc7c000000-7efc7c021000 rw-p 00000000 00:00 0 
7efc7c021000-7efc80000000 ---p 00000000 00:00 0 
7efc80017000-7efc8002e000 r--p 00000000 08:03 2625702                    /usr/local/lib/libOPENFHEbinfhe.so.1.1.1
7efc8002e000-7efc8006b000 r-xp 00017000 08:03 2625702                    /usr/local/lib/libOPENFHEbinfhe.so.1.1.1
7efc8006b000-7efc80076000 r--p 00054000 08:03 2625702                    /usr/local/lib/libOPENFHEbinfhe.so.1.1.1
7efc80076000-7efc80078000 r--p 0005e000 08:03 2625702                    /usr/local/lib/libOPENFHEbinfhe.so.1.1.1
7efc80078000-7efc80079000 rw-p 00060000 08:03 2625702                    /usr/local/lib/libOPENFHEbinfhe.so.1.1.1
7efc80079000-7efc80083000 r--p 00000000 08:03 2648980                    /usr/lib/x86_64-linux-gnu/libgomp.so.1.0.0
7efc80083000-7efc800b4000 r-xp 0000a000 08:03 2648980                    /usr/lib/x86_64-linux-gnu/libgomp.so.1.0.0
7efc800b4000-7efc800c1000 r--p 0003b000 08:03 2648980                    /usr/lib/x86_64-linux-gnu/libgomp.so.1.0.0
7efc800c1000-7efc800c2000 r--p 00047000 08:03 2648980                    /usr/lib/x86_64-linux-gnu/libgomp.so.1.0.0
7efc800c2000-7efc800c3000 rw-p 00048000 08:03 2648980                    /usr/lib/x86_64-linux-gnu/libgomp.so.1.0.0
7efc800c3000-7efc800c7000 ---p 00000000 00:00 0 
7efc800c7000-7efc801c3000 rw-p 00000000 00:00 0 
7efc801c3000-7efc801c7000 ---p 00000000 00:00 0 
7efc801c7000-7efc802c3000 rw-p 00000000 00:00 0 
7efc802c3000-7efc802c7000 ---p 00000000 00:00 0 
7efc802c7000-7efc803c3000 rw-p 00000000 00:00 0 
7efc803c3000-7efc803c7000 ---p 00000000 00:00 0 
7efc803c7000-7efc804c3000 rw-p 00000000 00:00 0 
7efc804c3000-7efc804c7000 ---p 00000000 00:00 0 
7efc804c7000-7efc805c3000 rw-p 00000000 00:00 0 
7efc805c3000-7efc805c7000 ---p 00000000 00:00 0 
7efc805c7000-7efc806c3000 rw-p 00000000 00:00 0 
7efc806c3000-7efc806c4000 ---p 00000000 00:00 0 
7efc806c4000-7efc807c5000 rw-p 00000000 00:00 0 
7efc807c5000-7efc80893000 r-xp 00000000 08:03 3184450                    /usr/lib/jvm/jdk-20/lib/libjsvml.so
7efc80893000-7efc80894000 r--p 000cd000 08:03 3184450                    /usr/lib/jvm/jdk-20/lib/libjsvml.so
7efc80894000-7efc80895000 rw-p 000ce000 08:03 3184450                    /usr/lib/jvm/jdk-20/lib/libjsvml.so
7efc80895000-7efc80916000 rw-p 00000000 00:00 0 
7efc80916000-7efc80917000 ---p 00000000 00:00 0 
7efc80917000-7efc80a18000 rw-p 00000000 00:00 0 
7efc80a18000-7efc80a19000 ---p 00000000 00:00 0 
7efc80a19000-7efc82d1c000 rw-p 00000000 00:00 0 
7efc82d1c000-7efc82d1d000 ---p 00000000 00:00 0 
7efc82d1d000-7efc82e1e000 rw-p 00000000 00:00 0 
7efc82e1e000-7efc82e1f000 ---p 00000000 00:00 0 
7efc82e1f000-7efc83034000 rw-p 00000000 00:00 0 
7efc83034000-7efc83140000 ---p 00000000 00:00 0 
7efc83140000-7efc83158000 rw-p 00000000 00:00 0 
7efc83158000-7efc83188000 ---p 00000000 00:00 0 
7efc83188000-7efc83190000 rw-p 00000000 00:00 0 
7efc83190000-7efc83194000 ---p 00000000 00:00 0 
7efc83194000-7efc83198000 rw-p 00000000 00:00 0 
7efc83198000-7efc84df8000 ---p 00000000 00:00 0 
7efc84df8000-7efc84e00000 rw-p 00000000 00:00 0 
7efc84e00000-7efc856c0000 rwxp 00000000 00:00 0 
7efc856c0000-7efc87e00000 ---p 00000000 00:00 0 
7efc87e00000-7efc8ff35000 r--s 00000000 08:03 3184435                    /usr/lib/jvm/jdk-20/lib/modules
7efc8ff44000-7efc8ff47000 r--p 00000000 08:03 2648887                    /usr/lib/x86_64-linux-gnu/libgcc_s.so.1
7efc8ff47000-7efc8ff5e000 r-xp 00003000 08:03 2648887                    /usr/lib/x86_64-linux-gnu/libgcc_s.so.1
7efc8ff5e000-7efc8ff62000 r--p 0001a000 08:03 2648887                    /usr/lib/x86_64-linux-gnu/libgcc_s.so.1
7efc8ff62000-7efc8ff63000 r--p 0001d000 08:03 2648887                    /usr/lib/x86_64-linux-gnu/libgcc_s.so.1
7efc8ff63000-7efc8ff64000 rw-p 0001e000 08:03 2648887                    /usr/lib/x86_64-linux-gnu/libgcc_s.so.1
7efc8ff64000-7efc90000000 rw-p 00000000 00:00 0 
7efc90000000-7efc91204000 rw-p 00000000 00:00 0 
7efc91204000-7efc94000000 ---p 00000000 00:00 0 
7efc94021000-7efc94028000 r--s 00000000 08:03 2623965                    /usr/lib/x86_64-linux-gnu/gconv/gconv-modules.cache
7efc94028000-7efc9402c000 ---p 00000000 00:00 0 
7efc9402c000-7efc9404a000 rw-p 00000000 00:00 0 
7efc9404a000-7efc94057000 r-xp 00000000 08:03 3184464                    /usr/lib/jvm/jdk-20/lib/libverify.so
7efc94057000-7efc94059000 r--p 0000c000 08:03 3184464                    /usr/lib/jvm/jdk-20/lib/libverify.so
7efc94059000-7efc9405a000 rw-p 0000e000 08:03 3184464                    /usr/lib/jvm/jdk-20/lib/libverify.so
7efc9405a000-7efc94060000 r-xp 00000000 08:03 3184462                    /usr/lib/jvm/jdk-20/lib/libmanagement_ext.so
7efc94060000-7efc94061000 r--p 00005000 08:03 3184462                    /usr/lib/jvm/jdk-20/lib/libmanagement_ext.so
7efc94061000-7efc94062000 rw-p 00006000 08:03 3184462                    /usr/lib/jvm/jdk-20/lib/libmanagement_ext.so
7efc94062000-7efc94066000 r-xp 00000000 08:03 3184466                    /usr/lib/jvm/jdk-20/lib/libmanagement.so
7efc94066000-7efc94067000 r--p 00003000 08:03 3184466                    /usr/lib/jvm/jdk-20/lib/libmanagement.so
7efc94067000-7efc94068000 rw-p 00004000 08:03 3184466                    /usr/lib/jvm/jdk-20/lib/libmanagement.so
7efc94068000-7efc94069000 ---p 00000000 00:00 0 
7efc94069000-7efc9418d000 rw-p 00000000 00:00 0 
7efc9418d000-7efc941ae000 ---p 00000000 00:00 0 
7efc941ae000-7efc941b1000 rw-p 00000000 00:00 0 
7efc941b1000-7efc941b7000 ---p 00000000 00:00 0 
7efc941b7000-7efc941b9000 rw-p 00000000 00:00 0 
7efc941b9000-7efc94545000 ---p 00000000 00:00 0 
7efc94545000-7efc94569000 rw-p 00000000 00:00 0 
7efc94569000-7efc9458a000 ---p 00000000 00:00 0 
7efc9458a000-7efc9458d000 rw-p 00000000 00:00 0 
7efc9458d000-7efc94593000 ---p 00000000 00:00 0 
7efc94593000-7efc94595000 rw-p 00000000 00:00 0 
7efc94595000-7efc94921000 ---p 00000000 00:00 0 
7efc94921000-7efc94945000 rw-p 00000000 00:00 0 
7efc94945000-7efc94966000 ---p 00000000 00:00 0 
7efc94966000-7efc94969000 rw-p 00000000 00:00 0 
7efc94969000-7efc9496f000 ---p 00000000 00:00 0 
7efc9496f000-7efc94971000 rw-p 00000000 00:00 0 
7efc94971000-7efc94cfd000 ---p 00000000 00:00 0 
7efc94cfd000-7efc94f00000 rw-p 00000000 00:00 0 
7efc94f00000-7efc94f04000 ---p 00000000 00:00 0 
7efc94f04000-7efc95000000 rw-p 00000000 00:00 0 
7efc95000000-7efc9621e000 r-xp 00000000 08:03 3184442                    /usr/lib/jvm/jdk-20/lib/server/libjvm.so
7efc9621e000-7efc962e8000 r--p 0121d000 08:03 3184442                    /usr/lib/jvm/jdk-20/lib/server/libjvm.so
7efc962e8000-7efc9631d000 rw-p 012e7000 08:03 3184442                    /usr/lib/jvm/jdk-20/lib/server/libjvm.so
7efc9631d000-7efc9637c000 rw-p 00000000 00:00 0 
7efc9637c000-7efc96388000 r-xp 00000000 08:03 3184478                    /usr/lib/jvm/jdk-20/lib/libnet.so
7efc96388000-7efc96389000 r--p 0000b000 08:03 3184478                    /usr/lib/jvm/jdk-20/lib/libnet.so
7efc96389000-7efc9638a000 rw-p 0000c000 08:03 3184478                    /usr/lib/jvm/jdk-20/lib/libnet.so
7efc9638a000-7efc9639d000 r-xp 00000000 08:03 3184486                    /usr/lib/jvm/jdk-20/lib/libnio.so
7efc9639d000-7efc9639e000 ---p 00013000 08:03 3184486                    /usr/lib/jvm/jdk-20/lib/libnio.so
7efc9639e000-7efc9639f000 r--p 00013000 08:03 3184486                    /usr/lib/jvm/jdk-20/lib/libnio.so
7efc9639f000-7efc963a0000 rw-p 00014000 08:03 3184486                    /usr/lib/jvm/jdk-20/lib/libnio.so
7efc963a0000-7efc963b2000 rw-p 00000000 00:00 0 
7efc963b2000-7efc96400000 ---p 00000000 00:00 0 
7efc96400000-7efc96428000 r--p 00000000 08:03 2623590                    /usr/lib/x86_64-linux-gnu/libc.so.6
7efc96428000-7efc965bd000 r-xp 00028000 08:03 2623590                    /usr/lib/x86_64-linux-gnu/libc.so.6
7efc965bd000-7efc96615000 r--p 001bd000 08:03 2623590                    /usr/lib/x86_64-linux-gnu/libc.so.6
7efc96615000-7efc96619000 r--p 00214000 08:03 2623590                    /usr/lib/x86_64-linux-gnu/libc.so.6
7efc96619000-7efc9661b000 rw-p 00218000 08:03 2623590                    /usr/lib/x86_64-linux-gnu/libc.so.6
7efc9661b000-7efc96628000 rw-p 00000000 00:00 0 
7efc96629000-7efc9662b000 r-xp 00000000 08:03 3184483                    /usr/lib/jvm/jdk-20/lib/libextnet.so
7efc9662b000-7efc9662c000 r--p 00001000 08:03 3184483                    /usr/lib/jvm/jdk-20/lib/libextnet.so
7efc9662c000-7efc9662d000 rw-p 00002000 08:03 3184483                    /usr/lib/jvm/jdk-20/lib/libextnet.so
7efc9662d000-7efc96634000 r-xp 00000000 08:03 3184463                    /usr/lib/jvm/jdk-20/lib/libzip.so
7efc96634000-7efc96635000 ---p 00007000 08:03 3184463                    /usr/lib/jvm/jdk-20/lib/libzip.so
7efc96635000-7efc96636000 r--p 00007000 08:03 3184463                    /usr/lib/jvm/jdk-20/lib/libzip.so
7efc96636000-7efc96637000 rw-p 00008000 08:03 3184463                    /usr/lib/jvm/jdk-20/lib/libzip.so
7efc96637000-7efc96679000 rw-p 00000000 00:00 0 
7efc96679000-7efc96681000 rw-s 00000000 08:03 786490                     /tmp/hsperfdata_ash/3708
7efc96681000-7efc966a7000 r-xp 00000000 08:03 3184457                    /usr/lib/jvm/jdk-20/lib/libjava.so
7efc966a7000-7efc966a8000 ---p 00026000 08:03 3184457                    /usr/lib/jvm/jdk-20/lib/libjava.so
7efc966a8000-7efc966a9000 r--p 00026000 08:03 3184457                    /usr/lib/jvm/jdk-20/lib/libjava.so
7efc966a9000-7efc966aa000 rw-p 00027000 08:03 3184457                    /usr/lib/jvm/jdk-20/lib/libjava.so
7efc966aa000-7efc966ab000 rw-p 00000000 00:00 0 
7efc966ab000-7efc966c6000 r-xp 00000000 08:03 3184471                    /usr/lib/jvm/jdk-20/lib/libjimage.so
7efc966c6000-7efc966c7000 ---p 0001b000 08:03 3184471                    /usr/lib/jvm/jdk-20/lib/libjimage.so
7efc966c7000-7efc966c9000 r--p 0001b000 08:03 3184471                    /usr/lib/jvm/jdk-20/lib/libjimage.so
7efc966c9000-7efc966ca000 rw-p 0001d000 08:03 3184471                    /usr/lib/jvm/jdk-20/lib/libjimage.so
7efc966ca000-7efc966d8000 r--p 00000000 08:03 2623597                    /usr/lib/x86_64-linux-gnu/libm.so.6
7efc966d8000-7efc96754000 r-xp 0000e000 08:03 2623597                    /usr/lib/x86_64-linux-gnu/libm.so.6
7efc96754000-7efc967af000 r--p 0008a000 08:03 2623597                    /usr/lib/x86_64-linux-gnu/libm.so.6
7efc967af000-7efc967b0000 r--p 000e4000 08:03 2623597                    /usr/lib/x86_64-linux-gnu/libm.so.6
7efc967b0000-7efc967b1000 rw-p 000e5000 08:03 2623597                    /usr/lib/x86_64-linux-gnu/libm.so.6
7efc967b1000-7efc967b2000 r--p 00000000 08:03 2623639                    /usr/lib/x86_64-linux-gnu/librt.so.1
7efc967b2000-7efc967b3000 r-xp 00001000 08:03 2623639                    /usr/lib/x86_64-linux-gnu/librt.so.1
7efc967b3000-7efc967b4000 r--p 00002000 08:03 2623639                    /usr/lib/x86_64-linux-gnu/librt.so.1
7efc967b4000-7efc967b5000 r--p 00002000 08:03 2623639                    /usr/lib/x86_64-linux-gnu/librt.so.1
7efc967b5000-7efc967b6000 rw-p 00003000 08:03 2623639                    /usr/lib/x86_64-linux-gnu/librt.so.1
7efc967b6000-7efc967ba000 rw-p 00000000 00:00 0 
7efc967ba000-7efc967bb000 r--p 00000000 08:03 2623596                    /usr/lib/x86_64-linux-gnu/libdl.so.2
7efc967bb000-7efc967bc000 r-xp 00001000 08:03 2623596                    /usr/lib/x86_64-linux-gnu/libdl.so.2
7efc967bc000-7efc967bd000 r--p 00002000 08:03 2623596                    /usr/lib/x86_64-linux-gnu/libdl.so.2
7efc967bd000-7efc967be000 r--p 00002000 08:03 2623596                    /usr/lib/x86_64-linux-gnu/libdl.so.2
7efc967be000-7efc967bf000 rw-p 00003000 08:03 2623596                    /usr/lib/x86_64-linux-gnu/libdl.so.2
7efc967bf000-7efc967c0000 r--p 00000000 08:03 2623633                    /usr/lib/x86_64-linux-gnu/libpthread.so.0
7efc967c0000-7efc967c1000 r-xp 00001000 08:03 2623633                    /usr/lib/x86_64-linux-gnu/libpthread.so.0
7efc967c1000-7efc967c2000 r--p 00002000 08:03 2623633                    /usr/lib/x86_64-linux-gnu/libpthread.so.0
7efc967c2000-7efc967c3000 r--p 00002000 08:03 2623633                    /usr/lib/x86_64-linux-gnu/libpthread.so.0
7efc967c3000-7efc967c4000 rw-p 00003000 08:03 2623633                    /usr/lib/x86_64-linux-gnu/libpthread.so.0
7efc967c4000-7efc967d2000 r-xp 00000000 08:03 3184447                    /usr/lib/jvm/jdk-20/lib/libjli.so
7efc967d2000-7efc967d3000 ---p 0000e000 08:03 3184447                    /usr/lib/jvm/jdk-20/lib/libjli.so
7efc967d3000-7efc967d4000 r--p 0000e000 08:03 3184447                    /usr/lib/jvm/jdk-20/lib/libjli.so
7efc967d4000-7efc967d5000 rw-p 0000f000 08:03 3184447                    /usr/lib/jvm/jdk-20/lib/libjli.so
7efc967d5000-7efc967d7000 r--p 00000000 08:03 2649945                    /usr/lib/x86_64-linux-gnu/libz.so.1.2.11
7efc967d7000-7efc967e8000 r-xp 00002000 08:03 2649945                    /usr/lib/x86_64-linux-gnu/libz.so.1.2.11
7efc967e8000-7efc967ee000 r--p 00013000 08:03 2649945                    /usr/lib/x86_64-linux-gnu/libz.so.1.2.11
7efc967ee000-7efc967ef000 ---p 00019000 08:03 2649945                    /usr/lib/x86_64-linux-gnu/libz.so.1.2.11
7efc967ef000-7efc967f0000 r--p 00019000 08:03 2649945                    /usr/lib/x86_64-linux-gnu/libz.so.1.2.11
7efc967f0000-7efc967f1000 rw-p 0001a000 08:03 2649945                    /usr/lib/x86_64-linux-gnu/libz.so.1.2.11
7efc967f2000-7efc967fc000 r-xp 00000000 08:03 3184458                    /usr/lib/jvm/jdk-20/lib/libinstrument.so
7efc967fc000-7efc967fd000 r--p 00009000 08:03 3184458                    /usr/lib/jvm/jdk-20/lib/libinstrument.so
7efc967fd000-7efc967fe000 rw-p 0000a000 08:03 3184458                    /usr/lib/jvm/jdk-20/lib/libinstrument.so
7efc967fe000-7efc967ff000 ---p 00000000 00:00 0 
7efc967ff000-7efc96800000 r--p 00000000 00:00 0 
7efc96800000-7efc96802000 rw-p 00000000 00:00 0 
7efc96802000-7efc96804000 r--p 00000000 08:03 2623582                    /usr/lib/x86_64-linux-gnu/ld-linux-x86-64.so.2
7efc96804000-7efc9682e000 r-xp 00002000 08:03 2623582                    /usr/lib/x86_64-linux-gnu/ld-linux-x86-64.so.2
7efc9682e000-7efc96839000 r--p 0002c000 08:03 2623582                    /usr/lib/x86_64-linux-gnu/ld-linux-x86-64.so.2
7efc96839000-7efc9683a000 ---p 00000000 00:00 0 
7efc9683a000-7efc9683c000 r--p 00037000 08:03 2623582                    /usr/lib/x86_64-linux-gnu/ld-linux-x86-64.so.2
7efc9683c000-7efc9683e000 rw-p 00039000 08:03 2623582                    /usr/lib/x86_64-linux-gnu/ld-linux-x86-64.so.2
7ffc11829000-7ffc1184c000 rw-p 00000000 00:00 0                          [stack]
7ffc11978000-7ffc1197c000 r--p 00000000 00:00 0                          [vvar]
7ffc1197c000-7ffc1197e000 r-xp 00000000 00:00 0                          [vdso]
ffffffffff600000-ffffffffff601000 --xp 00000000 00:00 0                  [vsyscall]


VM Arguments:
jvm_args: -XX:TieredStopAtLevel=1 -Dspring.output.ansi.enabled=always -Dcom.sun.management.jmxremote -Dspring.jmx.enabled=true -Dspring.liveBeansView.mbeanDomain -Dspring.application.admin.enabled=true -Dmanagement.endpoints.jmx.exposure.include=* -javaagent:/home/ash/idea-IU-232.10227.8/lib/idea_rt.jar=33143:/home/ash/idea-IU-232.10227.8/bin -Dfile.encoding=UTF-8 -Dsun.stdout.encoding=UTF-8 -Dsun.stderr.encoding=UTF-8 
java_command: unipassau.thesis.vehicledatadissemination.VehicleDataDisseminationApplication
java_class_path (initial): /home/ash/Documents/PhD/vehicle-data-dissemination/target/classes:/home/ash/.m2/repository/org/springframework/boot/spring-boot-starter-security/2.7.5/spring-boot-starter-security-2.7.5.jar:/home/ash/.m2/repository/org/springframework/boot/spring-boot-starter/2.7.5/spring-boot-starter-2.7.5.jar:/home/ash/.m2/repository/org/springframework/boot/spring-boot/2.7.5/spring-boot-2.7.5.jar:/home/ash/.m2/repository/org/springframework/boot/spring-boot-autoconfigure/2.7.5/spring-boot-autoconfigure-2.7.5.jar:/home/ash/.m2/repository/org/springframework/boot/spring-boot-starter-logging/2.7.5/spring-boot-starter-logging-2.7.5.jar:/home/ash/.m2/repository/ch/qos/logback/logback-classic/1.2.11/logback-classic-1.2.11.jar:/home/ash/.m2/repository/ch/qos/logback/logback-core/1.2.11/logback-core-1.2.11.jar:/home/ash/.m2/repository/org/apache/logging/log4j/log4j-to-slf4j/2.17.2/log4j-to-slf4j-2.17.2.jar:/home/ash/.m2/repository/org/apache/logging/log4j/log4j-api/2.17.2/log4j-api-2.17.2.jar:/home/ash/.m2/repository/org/slf4j/jul-to-slf4j/1.7.36/jul-to-slf4j-1.7.36.jar:/home/ash/.m2/repository/jakarta/annotation/jakarta.annotation-api/1.3.5/jakarta.annotation-api-1.3.5.jar:/home/ash/.m2/repository/org/yaml/snakeyaml/1.30/snakeyaml-1.30.jar:/home/ash/.m2/repository/org/springframework/spring-aop/5.3.23/spring-aop-5.3.23.jar:/home/ash/.m2/repository/org/springframework/security/spring-security-config/5.7.4/spring-security-config-5.7.4.jar:/home/ash/.m2/repository/org/springframework/security/spring-security-core/5.7.4/spring-security-core-5.7.4.jar:/home/ash/.m2/repository/org/springframework/security/spring-security-crypto/5.7.4/spring-security-crypto-5.7.4.jar:/home/ash/.m2/repository/org/springframework/spring-context/5.3.23/spring-context-5.3.23.jar:/home/ash/.m2/repository/org/springframework/security/spring-security-web/5.7.4/spring-security-web-5.7.4.jar:/home/ash/.m2/repository/org/springframework/spring-expression/5.3.23/spring-expression-5.3.23.jar:/home/ash/.m2/repository/org/springframework/boot/spring-boot-starter-web/2.7.5/spring-boot-starter-web-2.7.5.jar:/home/ash/.m2/repository/org/springframework/boot/spring-boot-starter-json/2.7.5/spring-boot-starter-json-2.7.5.jar:/home/ash/.m2/repository/com/fasterxml/jackson/core/jackson-databind/2.13.4.2/jackson-databind-2.13.4.2.jar:/home/ash/.m2/repository/com/fasterxml/jackson/core/jackson-annotations/2.13.4/jackson-annotations-2.13.4.jar:/home/ash/.m2/repository/com/fasterxml/jackson/core/jackson-core/2.13.4/jackson-core-2.13.4.jar:/home/ash/.m2/repository/com/fasterxml/jackson/datatype/jackson-datatype-jdk8/2.13.4/jackson-datatype-jdk8-2.13.4.jar:/home/ash/.m2/repository/com/fasterxml/jackson/datatype/jackson-datatype-jsr310/2.13.4/jackson-datatype-jsr310-2.13.4.jar:/home/ash/.m2/repository/com/fasterxml/jackson/module/jackson-module-parameter-names/2.13.4/jackson-module-parameter-names-2.13.4.jar:/home/ash/.m2/repository/org/springframework/boot/spring-boot-starter-tomcat/2.7.5/spring-boot-starter-tomcat-2.7.5.jar:/home/ash/.m2/repository/org/apache/tomcat/embed/tomcat-embed-core/9.0.68/tomcat-embed-core-9.0.68.jar:/home/ash/.m2/repository/org/apache/tomcat/embed/tomcat-embed-el/9.0.68/tomcat-embed-el-9.0.68.jar:/home/ash/.m2/repository/org/apache/tomcat/embed/tomcat-embed-websocket/9.0.68/tomcat-embed-websocket-9.0.68.jar:/home/ash/.m2/repository/org/springframework/spring-web/5.3.23/spring-web-5.3.23.jar:/home/ash/.m2/repository/org/springframework/spring-webmvc/5.3.23/spring-webmvc-5.3.23.jar:/home/ash/.m2/repository/org/projectlombok/lombok/1.18.24/lombok-1.18.24.jar:/home/ash/.m2/repository/org/slf4j/slf4j-api/1.7.36/slf4j-api-1.7.36.jar:/home/ash/.m2/repository/jakarta/xml/bind/jakarta.xml.bind-api/2.3.3/jakarta.xml.bind-api-2.3.3.jar:/home/ash/.m2/repository/jakarta/activation/jakarta.activation-api/1.2.2/jakarta.activation-api-1.2.2.jar:/home/ash/.m2/repository/org/springframework/spring-core/5.3.23/spring-core-5.3.23.jar:/home/ash/.m2/repository/org/springframework/spring-jcl/5.3.23/spring-jcl-5.3.23.jar:/home/ash/.m2/repository/org/json/json/20220924/json-20220924.jar:/home/ash/.m2/repository/com/squareup/okhttp3/okhttp/4.10.0/okhttp-4.10.0.jar:/home/ash/.m2/repository/com/squareup/okio/okio-jvm/3.0.0/okio-jvm-3.0.0.jar:/home/ash/.m2/repository/org/jetbrains/kotlin/kotlin-stdlib-jdk8/1.6.21/kotlin-stdlib-jdk8-1.6.21.jar:/home/ash/.m2/repository/org/jetbrains/kotlin/kotlin-stdlib-jdk7/1.6.21/kotlin-stdlib-jdk7-1.6.21.jar:/home/ash/.m2/repository/org/jetbrains/kotlin/kotlin-stdlib-common/1.6.21/kotlin-stdlib-common-1.6.21.jar:/home/ash/.m2/repository/org/jetbrains/kotlin/kotlin-stdlib/1.6.21/kotlin-stdlib-1.6.21.jar:/home/ash/.m2/repository/org/jetbrains/annotations/13.0/annotations-13.0.jar:/home/ash/.m2/repository/org/apache/commons/commons-collections4/4.4/commons-collections4-4.4.jar:/home/ash/.m2/repository/jakarta/persistence/jakarta.persistence-api/2.2.3/jakarta.persistence-api-2.2.3.jar:/home/ash/.m2/repository/org/apache/commons/commons-lang3/3.5/commons-lang3-3.5.jar:/home/ash/.m2/repository/org/elasticsearch/jna/5.5.0/jna-5.5.0.jar:/home/ash/.m2/repository/org/hibernate/validator/hibernate-validator/6.0.16.Final/hibernate-validator-6.0.16.Final.jar:/home/ash/.m2/repository/javax/validation/validation-api/2.0.1.Final/validation-api-2.0.1.Final.jar:/home/ash/.m2/repository/org/jboss/logging/jboss-logging/3.4.3.Final/jboss-logging-3.4.3.Final.jar:/home/ash/.m2/repository/com/fasterxml/classmate/1.5.1/classmate-1.5.1.jar:/home/ash/.m2/repository/org/springframework/boot/spring-boot-configuration-processor/2.7.5/spring-boot-configuration-processor-2.7.5.jar:/home/ash/.m2/repository/org/springframework/spring-beans/5.3.23/spring-beans-5.3.23.jar:/home/ash/.m2/repository/org/ow2/authzforce/authzforce-ce-core-pdp-engine/20.0.0/authzforce-ce-core-pdp-engine-20.0.0.jar:/home/ash/.m2/repository/org/slf4j/jcl-over-slf4j/1.7.36/jcl-over-slf4j-1.7.36.jar:/home/ash/.m2/repository/com/sun/mail/javax.mail/1.6.2/javax.mail-1.6.2.jar:/home/ash/.m2/repository/javax/activation/activation/1.1/activation-1.1.jar:/home/ash/.m2/repository/xml-resolver/xml-resolver/1.2/xml-resolver-1.2.jar:/home/ash/.m2/repository/org/glassfish/jaxb/jaxb-runtime/2.3.7/jaxb-runtime-2.3.7.jar:/home/ash/.m2/repository/org/glassfish/jaxb/txw2/2.3.7/txw2-2.3.7.jar:/home/ash/.m2/repository/com/sun/istack/istack-commons-runtime/3.0.12/istack-commons-runtime-3.0.12.jar:/home/ash/.m2/repository/com/sun/activation/jakarta.activation/1.2.2/jakarta.activation-1.2.2.jar:/home/ash/.m2/repository/org/ow2/authzforce/authzforce-ce-core-pdp-api/21.1.1/authzforce-ce-core-pdp-api-21.1.1.jar:/home/ash/.m2/repository/net/sf/saxon/Saxon-HE/10.6/Saxon-HE-10.6.jar:/home/ash/.m2/repository/com/google/guava/guava/31.0-jre/guava-31.0-jre.jar:/home/ash/.m2/repository/com/google/guava/failureaccess/1.0.1/failureaccess-1.0.1.jar:/home/ash/.m2/repository/com/google/guava/listenablefuture/9999.0-empty-to-avoid-conflict-with-guava/listenablefuture-9999.0-empty-to-avoid-conflict-with-guava.jar:/home/ash/.m2/repository/com/google/code/findbugs/jsr305/3.0.2/jsr305-3.0.2.jar:/home/ash/.m2/repository/org/checkerframework/checker-qual/3.12.0/checker-qual-3.12.0.jar:/home/ash/.m2/repository/com/google/errorprone/error_prone_annotations/2.7.1/error_prone_annotations-2.7.1.jar:/home/ash/.m2/repository/com/google/j2objc/j2objc-annotations/1.3/j2objc-annotations-1.3.jar:/home/ash/.m2/repository/org/ow2/authzforce/authzforce-ce-xacml-model/8.2.0/authzforce-ce-xacml-model-8.2.0.jar:/home/ash/.m2/repository/org/ow2/authzforce/authzforce-ce-xmlns-model/8.2.0/authzforce-ce-xmlns-model-8.2.0.jar:/home/ash/.m2/repository/org/jvnet/jaxb2_commons/jaxb2-basics-runtime/0.12.0/jaxb2-basics-runtime-0.12.0.jar:/home/ash/.m2/repository/org/ow2/authzforce/authzforce-ce-pdp-ext-model/8.2.0/authzforce-ce-pdp-ext-model-8.2.0.jar:/home/ash/.m2/repository/org/openjdk/jmh/jmh-core/1.35/jmh-core-1.35.jar:/home/ash/.m2/repository/net/sf/jopt-simple/jopt-simple/5.0.4/jopt-simple-5.0.4.jar:/home/ash/.m2/repository/org/apache/commons/commons-math3/3.2/commons-math3-3.2.jar:/home/ash/.m2/repository/org/openjdk/jmh/jmh-generator-annprocess/1.35/jmh-generator-annprocess-1.35.jar
Launcher Type: SUN_STANDARD

[Global flags]
     intx CICompilerCount                          = 2                                         {product} {ergonomic}
     uint ConcGCThreads                            = 1                                         {product} {ergonomic}
     uint G1ConcRefinementThreads                  = 2                                         {product} {ergonomic}
   size_t G1HeapRegionSize                         = 1048576                                   {product} {ergonomic}
    uintx GCDrainStackTargetSize                   = 64                                        {product} {ergonomic}
   size_t InitialHeapSize                          = 130023424                                 {product} {ergonomic}
     bool ManagementServer                         = true                                      {product} {command line}
   size_t MarkStackSize                            = 4194304                                   {product} {ergonomic}
   size_t MaxHeapSize                              = 2071986176                                {product} {ergonomic}
   size_t MaxNewSize                               = 1242562560                                {product} {ergonomic}
   size_t MinHeapDeltaBytes                        = 1048576                                   {product} {ergonomic}
   size_t MinHeapSize                              = 8388608                                   {product} {ergonomic}
    uintx NonProfiledCodeHeapSize                  = 0                                      {pd product} {ergonomic}
     bool ProfileInterpreter                       = false                                  {pd product} {command line}
    uintx ProfiledCodeHeapSize                     = 0                                      {pd product} {ergonomic}
   size_t SoftMaxHeapSize                          = 2071986176                             {manageable} {ergonomic}
     intx TieredStopAtLevel                        = 1                                         {product} {command line}
     bool UseCompressedClassPointers               = true                           {product lp64_product} {ergonomic}
     bool UseCompressedOops                        = true                           {product lp64_product} {ergonomic}
     bool UseG1GC                                  = true                                      {product} {ergonomic}

Logging:
Log output configuration:
 #0: stdout all=warning uptime,level,tags foldmultilines=false
 #1: stderr all=off uptime,level,tags foldmultilines=false

Environment Variables:
JAVA_HOME=/usr/lib/jvm/jdk-20/
PATH=/usr/local/sbin:/usr/local/bin:/usr/sbin:/usr/bin:/sbin:/bin:/usr/games:/usr/local/games:/snap/bin:/snap/bin
USERNAME=ash
SHELL=/bin/bash
DISPLAY=:0
LANG=en_US.UTF-8
LC_NUMERIC=de_DE.UTF-8
LC_TIME=de_DE.UTF-8

Active Locale:
LC_ALL=LC_CTYPE=en_US.UTF-8;LC_NUMERIC=de_DE.UTF-8;LC_TIME=de_DE.UTF-8;LC_COLLATE=en_US.UTF-8;LC_MONETARY=de_DE.UTF-8;LC_MESSAGES=en_US.UTF-8;LC_PAPER=de_DE.UTF-8;LC_NAME=de_DE.UTF-8;LC_ADDRESS=de_DE.UTF-8;LC_TELEPHONE=de_DE.UTF-8;LC_MEASUREMENT=de_DE.UTF-8;LC_IDENTIFICATION=de_DE.UTF-8
LC_COLLATE=en_US.UTF-8
LC_CTYPE=en_US.UTF-8
LC_MESSAGES=en_US.UTF-8
LC_MONETARY=de_DE.UTF-8
LC_NUMERIC=de_DE.UTF-8
LC_TIME=de_DE.UTF-8

Signal Handlers:
   SIGSEGV: crash_handler in libjvm.so, mask=11100100010111111101111111111110, flags=SA_RESTART|SA_SIGINFO, unblocked
    SIGBUS: crash_handler in libjvm.so, mask=11100100010111111101111111111110, flags=SA_RESTART|SA_SIGINFO, unblocked
    SIGFPE: crash_handler in libjvm.so, mask=11100100010111111101111111111110, flags=SA_RESTART|SA_SIGINFO, unblocked
   SIGPIPE: javaSignalHandler in libjvm.so, mask=11100100010111111101111111111110, flags=SA_RESTART|SA_SIGINFO, blocked
   SIGXFSZ: javaSignalHandler in libjvm.so, mask=11100100010111111101111111111110, flags=SA_RESTART|SA_SIGINFO, blocked
    SIGILL: crash_handler in libjvm.so, mask=11100100010111111101111111111110, flags=SA_RESTART|SA_SIGINFO, unblocked
   SIGUSR2: SR_handler in libjvm.so, mask=00000000000000000000000000000000, flags=SA_RESTART|SA_SIGINFO, blocked
    SIGHUP: UserHandler in libjvm.so, mask=11100100010111111101111111111110, flags=SA_RESTART|SA_SIGINFO, blocked
    SIGINT: UserHandler in libjvm.so, mask=11100100010111111101111111111110, flags=SA_RESTART|SA_SIGINFO, blocked
   SIGTERM: UserHandler in libjvm.so, mask=11100100010111111101111111111110, flags=SA_RESTART|SA_SIGINFO, blocked
   SIGQUIT: UserHandler in libjvm.so, mask=11100100010111111101111111111110, flags=SA_RESTART|SA_SIGINFO, blocked
   SIGTRAP: crash_handler in libjvm.so, mask=11100100010111111101111111111110, flags=SA_RESTART|SA_SIGINFO, unblocked


---------------  S Y S T E M  ---------------

OS:
DISTRIB_ID=Ubuntu
DISTRIB_RELEASE=22.04
DISTRIB_CODENAME=jammy
DISTRIB_DESCRIPTION="Ubuntu 22.04.3 LTS"
uname: Linux 6.2.0-36-generic #37~22.04.1-Ubuntu SMP PREEMPT_DYNAMIC Mon Oct  9 15:34:04 UTC 2 x86_64
OS uptime: 0 days 0:46 hours
libc: glibc 2.35 NPTL 2.35 
rlimit (soft/hard): STACK 8192k/infinity , CORE 0k/infinity , NPROC 31291/31291 , NOFILE 1048576/1048576 , AS infinity/infinity , CPU infinity/infinity , DATA infinity/infinity , FSIZE infinity/infinity , MEMLOCK 1010880k/1010880k
load average: 0,69 0,21 0,26

/proc/meminfo:
MemTotal:        8087060 kB
MemFree:         2349568 kB
MemAvailable:    4146616 kB
Buffers:           58180 kB
Cached:          1969484 kB
SwapCached:            0 kB
Active:           472864 kB
Inactive:        4549432 kB
Active(anon):       2508 kB
Inactive(anon):  3045292 kB
Active(file):     470356 kB
Inactive(file):  1504140 kB
Unevictable:          16 kB
Mlocked:              16 kB
SwapTotal:       2097148 kB
SwapFree:        2097148 kB
Zswap:                 0 kB
Zswapped:              0 kB
Dirty:             10252 kB
Writeback:             0 kB
AnonPages:       2994660 kB
Mapped:           976524 kB
Shmem:             53168 kB
KReclaimable:      86164 kB
Slab:             211312 kB
SReclaimable:      86164 kB
SUnreclaim:       125148 kB
KernelStack:       13728 kB
PageTables:        28304 kB
SecPageTables:         0 kB
NFS_Unstable:          0 kB
Bounce:                0 kB
WritebackTmp:          0 kB
CommitLimit:     6140676 kB
Committed_AS:    6036052 kB
VmallocTotal:   34359738367 kB
VmallocUsed:       65268 kB
VmallocChunk:          0 kB
Percpu:            99328 kB
HardwareCorrupted:     0 kB
AnonHugePages:         0 kB
ShmemHugePages:        0 kB
ShmemPmdMapped:        0 kB
FileHugePages:         0 kB
FilePmdMapped:         0 kB
HugePages_Total:       0
HugePages_Free:        0
HugePages_Rsvd:        0
HugePages_Surp:        0
Hugepagesize:       2048 kB
Hugetlb:               0 kB
DirectMap4k:      155456 kB
DirectMap2M:     5087232 kB
DirectMap1G:     5242880 kB

/sys/kernel/mm/transparent_hugepage/enabled: always [madvise] never
/sys/kernel/mm/transparent_hugepage/defrag (defrag/compaction efforts parameter): always defer defer+madvise [madvise] never

Process Memory:
Virtual Size: 4487760K (peak: 4487760K)
Resident Set Size: 201156K (peak: 201156K) (anon: 172360K, file: 28796K, shmem: 0K)
Swapped out: 0K
C-Heap outstanding allocations: 37022K, retained: 1581K
glibc malloc tunables: (default)

/proc/sys/kernel/threads-max (system-wide limit on the number of threads): 62583
/proc/sys/vm/max_map_count (maximum number of memory map areas a process may have): 65530
/proc/sys/kernel/pid_max (system-wide limit on number of process identifiers): 4194304

container (cgroup) information:
container_type: cgroupv2
cpu_cpuset_cpus: not supported
cpu_memory_nodes: not supported
active_processor_count: 2
cpu_quota: not supported
cpu_period: not supported
cpu_shares: not supported
memory_limit_in_bytes: unlimited
memory_and_swap_limit_in_bytes: unlimited
memory_soft_limit_in_bytes: unlimited
memory_usage_in_bytes: 3513720 k
memory_max_usage_in_bytes: not supported
memory_swap_current_in_bytes: unlimited
memory_swap_max_limit_in_bytes: unlimited
maximum number of tasks: 9387
current number of tasks: 179

VMWare virtualization detected
Steal ticks since vm start: 0
Steal ticks percentage since vm start:  0,000

CPU: total 2 (initial active 2) (1 cores per cpu, 1 threads per core) family 6 model 142 stepping 12 microcode 0xffffffff, cx8, cmov, fxsr, mmx, 3dnowpref, sse, sse2, sse3, ssse3, sse4.1, sse4.2, popcnt, lzcnt, tsc, tscinvbit, avx, avx2, aes, erms, clmul, bmi1, bmi2, adx, fma, vzeroupper, clflush, clflushopt, hv, rdtscp, f16c
CPU Model and flags from /proc/cpuinfo:
model name	: Intel(R) Core(TM) i7-8565U CPU @ 1.80GHz
flags		: fpu vme de pse tsc msr pae mce cx8 apic sep mtrr pge mca cmov pat pse36 clflush mmx fxsr sse sse2 ss syscall nx pdpe1gb rdtscp lm constant_tsc arch_perfmon nopl xtopology tsc_reliable nonstop_tsc cpuid tsc_known_freq pni pclmulqdq ssse3 fma cx16 pcid sse4_1 sse4_2 x2apic movbe popcnt aes xsave avx f16c rdrand hypervisor lahf_lm abm 3dnowprefetch invpcid_single pti ssbd ibrs ibpb stibp fsgsbase tsc_adjust bmi1 avx2 smep bmi2 invpcid rdseed adx smap clflushopt xsaveopt xsavec xgetbv1 xsaves arat flush_l1d arch_capabilities

Online cpus: 0-1
Offline cpus: 2-127
BIOS frequency limitation: <Not Available>
Frequency switch latency (ns): <Not Available>
Available cpu frequencies: <Not Available>
Current governor: <Not Available>
Core performance/turbo boost: <Not Available>

Memory: 4k page, physical 8087060k(2349568k free), swap 2097148k(2097148k free)
Page Sizes: 4k

vm_info: Java HotSpot(TM) 64-Bit Server VM (20.0.2+9-78) for linux-amd64 JRE (20.0.2+9-78), built on 2023-06-14T10:08:48Z by "mach5one" with gcc 11.2.0

END.
